20220830-091244  NO DATA TO UPDATE
20220831-105647  SUCCESS  :  20
20220831-105859  NO DATA TO UPDATE
20220831-105926  NO DATA TO UPDATE
20220831-144305  SUCCESS  :  2
20220831-144354 미래에셋증권 NO DATA TO UPDATE
20220831-170004 미래에셋증권 SUCCESS  :  1
20220901-120004 미래에셋증권 SUCCESS  :  5
20220901-170005 미래에셋증권 SUCCESS  :  4
20220906-170006 미래에셋증권 SUCCESS  :  27
20220907-120004 미래에셋증권 SUCCESS  :  5
20220907-170004 미래에셋증권 SUCCESS  :  2
20220913-120009 미래에셋증권 SUCCESS  :  61
20220913-170004 미래에셋증권 SUCCESS  :  7
20220914-170005 미래에셋증권 SUCCESS  :  10
20220922-085304 미래에셋증권 SUCCESS  :  29
20220926-093259 네이버종토_미래에셋증권 NO DATA TO UPDATE
20220926-093301 네이버종토_키움증권 SUCCESS  :  7
20220926-093302 네이버종토_NH투자증권 SUCCESS  :  16
20220926-093307 네이버종토_삼성증권 SUCCESS  :  44
20220926-120004 네이버종토_미래에셋증권 SUCCESS  :  1
20220926-120005 네이버종토_키움증권 NO DATA TO UPDATE
20220926-120007 네이버종토_NH투자증권 NO DATA TO UPDATE
20220926-120009 네이버종토_삼성증권 SUCCESS  :  5
20220926-170003 네이버종토_미래에셋증권 SUCCESS  :  3
20220926-170005 네이버종토_키움증권 SUCCESS  :  2
20220926-170007 네이버종토_NH투자증권 NO DATA TO UPDATE
20220926-170008 네이버종토_삼성증권 SUCCESS  :  18
20220927-170004 네이버종토_미래에셋증권 SUCCESS  :  4
20220927-170005 네이버종토_키움증권 SUCCESS  :  3
20220927-170007 네이버종토_NH투자증권 SUCCESS  :  6
20220927-170009 네이버종토_삼성증권 SUCCESS  :  19
20220928-120004 네이버종토_미래에셋증권 SUCCESS  :  4
20220928-120006 네이버종토_키움증권 SUCCESS  :  2
20220928-120007 네이버종토_NH투자증권 SUCCESS  :  8
20220928-120009 네이버종토_삼성증권 SUCCESS  :  17
20220929-120004 네이버종토_미래에셋증권 SUCCESS  :  7
20220929-120006 네이버종토_키움증권 SUCCESS  :  5
20220929-120007 네이버종토_NH투자증권 SUCCESS  :  11
20220929-120010 네이버종토_삼성증권 SUCCESS  :  27
20220930-080003 네이버종토_미래에셋증권 NO DATA TO UPDATE
20220930-080004 네이버종토_키움증권 NO DATA TO UPDATE
20220930-080005 네이버종토_NH투자증권 SUCCESS  :  4
20220930-080007 네이버종토_삼성증권 SUCCESS  :  7
20220930-170003 네이버종토_미래에셋증권 SUCCESS  :  4
20220930-170004 네이버종토_키움증권 SUCCESS  :  2
20220930-170005 네이버종토_NH투자증권 SUCCESS  :  4
20220930-170007 네이버종토_삼성증권 SUCCESS  :  14
20221001-080003 네이버종토_미래에셋증권 SUCCESS  :  1
20221001-080004 네이버종토_키움증권 SUCCESS  :  1
20221001-080005 네이버종토_NH투자증권 SUCCESS  :  2
20221001-080007 네이버종토_삼성증권 SUCCESS  :  4
20221001-170003 네이버종토_미래에셋증권 NO DATA TO UPDATE
20221001-170005 네이버종토_키움증권 NO DATA TO UPDATE
20221001-170006 네이버종토_NH투자증권 SUCCESS  :  2
20221001-170007 네이버종토_삼성증권 SUCCESS  :  3
20221002-080003 네이버종토_미래에셋증권 SUCCESS  :  2
20221002-080004 네이버종토_키움증권 SUCCESS  :  1
20221002-080005 네이버종토_NH투자증권 NO DATA TO UPDATE
20221002-080007 네이버종토_삼성증권 SUCCESS  :  1
20221002-170003 네이버종토_미래에셋증권 SUCCESS  :  1
20221002-170004 네이버종토_키움증권 SUCCESS  :  1
20221002-170005 네이버종토_NH투자증권 NO DATA TO UPDATE
20221002-170007 네이버종토_삼성증권 SUCCESS  :  6
20221003-080003 네이버종토_미래에셋증권 SUCCESS  :  2
20221003-080004 네이버종토_키움증권 NO DATA TO UPDATE
20221003-080006 네이버종토_NH투자증권 SUCCESS  :  1
20221003-080007 네이버종토_삼성증권 SUCCESS  :  1
20221003-170003 네이버종토_미래에셋증권 SUCCESS  :  3
20221003-170004 네이버종토_키움증권 SUCCESS  :  1
20221003-170005 네이버종토_NH투자증권 SUCCESS  :  1
20221003-170007 네이버종토_삼성증권 SUCCESS  :  4
20221004-080003 네이버종토_미래에셋증권 NO DATA TO UPDATE
20221004-080004 네이버종토_키움증권 NO DATA TO UPDATE
20221004-080006 네이버종토_NH투자증권 SUCCESS  :  2
20221004-080007 네이버종토_삼성증권 SUCCESS  :  2
20221004-170004 네이버종토_미래에셋증권 SUCCESS  :  9
20221004-170009 네이버종토_키움증권 SUCCESS  :  1
20221004-170010 네이버종토_NH투자증권 SUCCESS  :  7
20221004-170011 네이버종토_삼성증권 SUCCESS  :  16
20221005-080007 네이버종토_미래에셋증권 SUCCESS  :  5
20221005-080009 네이버종토_키움증권 NO DATA TO UPDATE
20221005-080011 네이버종토_NH투자증권 SUCCESS  :  5
20221005-080013 네이버종토_삼성증권 SUCCESS  :  6
20221005-170009 네이버종토_미래에셋증권 SUCCESS  :  5
20221005-170010 네이버종토_키움증권 SUCCESS  :  3
20221005-170012 네이버종토_NH투자증권 SUCCESS  :  9
20221005-170014 네이버종토_삼성증권 SUCCESS  :  7
20221006-080007 네이버종토_미래에셋증권 SUCCESS  :  1
20221006-080009 네이버종토_키움증권 SUCCESS  :  1
20221006-080011 네이버종토_NH투자증권 SUCCESS  :  3
20221006-080013 네이버종토_삼성증권 SUCCESS  :  5
20221006-170006 네이버종토_미래에셋증권 SUCCESS  :  3
20221006-170008 네이버종토_키움증권 SUCCESS  :  5
20221006-170012 네이버종토_NH투자증권 SUCCESS  :  5
20221006-170013 네이버종토_삼성증권 SUCCESS  :  7
20221007-080007 네이버종토_미래에셋증권 SUCCESS  :  9
20221007-080009 네이버종토_키움증권 SUCCESS  :  1
20221007-080011 네이버종토_NH투자증권 SUCCESS  :  2
20221007-080013 네이버종토_삼성증권 SUCCESS  :  1
20221007-170006 네이버종토_미래에셋증권 SUCCESS  :  4
20221007-170008 네이버종토_키움증권 SUCCESS  :  3
20221007-170010 네이버종토_NH투자증권 SUCCESS  :  1
20221007-170013 네이버종토_삼성증권 SUCCESS  :  6
20221008-080009 네이버종토_미래에셋증권 NO DATA TO UPDATE
20221008-080010 네이버종토_키움증권 SUCCESS  :  2
20221008-080012 네이버종토_NH투자증권 SUCCESS  :  3
20221008-080014 네이버종토_삼성증권 SUCCESS  :  7
20221008-170226 네이버종토_미래에셋증권 SUCCESS  :  1
20221008-170229 네이버종토_키움증권 SUCCESS  :  1
20221008-170231 네이버종토_NH투자증권 SUCCESS  :  2
20221008-170233 네이버종토_삼성증권 SUCCESS  :  2
20221009-080006 네이버종토_미래에셋증권 NO DATA TO UPDATE
20221009-080008 네이버종토_키움증권 SUCCESS  :  1
20221009-080010 네이버종토_NH투자증권 SUCCESS  :  1
20221009-080012 네이버종토_삼성증권 SUCCESS  :  2
20221009-170003 네이버종토_미래에셋증권 SUCCESS  :  2
20221009-170005 네이버종토_키움증권 NO DATA TO UPDATE
20221009-170006 네이버종토_NH투자증권 NO DATA TO UPDATE
20221009-170007 네이버종토_삼성증권 SUCCESS  :  3
20221010-080531 네이버종토_미래에셋증권 SUCCESS  :  2
Traceback (most recent call last):
  File "/root/anaconda3/lib/python3.9/site-packages/urllib3/connectionpool.py", line 703, in urlopen
    httplib_response = self._make_request(
  File "/root/anaconda3/lib/python3.9/site-packages/urllib3/connectionpool.py", line 386, in _make_request
    self._validate_conn(conn)
  File "/root/anaconda3/lib/python3.9/site-packages/urllib3/connectionpool.py", line 1040, in _validate_conn
    conn.connect()
  File "/root/anaconda3/lib/python3.9/site-packages/urllib3/connection.py", line 414, in connect
    self.sock = ssl_wrap_socket(
  File "/root/anaconda3/lib/python3.9/site-packages/urllib3/util/ssl_.py", line 449, in ssl_wrap_socket
    ssl_sock = _ssl_wrap_socket_impl(
  File "/root/anaconda3/lib/python3.9/site-packages/urllib3/util/ssl_.py", line 493, in _ssl_wrap_socket_impl
    return ssl_context.wrap_socket(sock, server_hostname=server_hostname)
  File "/root/anaconda3/lib/python3.9/ssl.py", line 500, in wrap_socket
    return self.sslsocket_class._create(
  File "/root/anaconda3/lib/python3.9/ssl.py", line 1040, in _create
    self.do_handshake()
  File "/root/anaconda3/lib/python3.9/ssl.py", line 1309, in do_handshake
    self._sslobj.do_handshake()
ssl.SSLEOFError: EOF occurred in violation of protocol (_ssl.c:1129)

During handling of the above exception, another exception occurred:

Traceback (most recent call last):
  File "/root/anaconda3/lib/python3.9/site-packages/requests/adapters.py", line 440, in send
    resp = conn.urlopen(
  File "/root/anaconda3/lib/python3.9/site-packages/urllib3/connectionpool.py", line 785, in urlopen
    retries = retries.increment(
  File "/root/anaconda3/lib/python3.9/site-packages/urllib3/util/retry.py", line 592, in increment
    raise MaxRetryError(_pool, url, error or ResponseError(cause))
urllib3.exceptions.MaxRetryError: HTTPSConnectionPool(host='naveropenapi.apigw.ntruss.com', port=443): Max retries exceeded with url: /sentiment-analysis/v1/analyze (Caused by SSLError(SSLEOFError(8, 'EOF occurred in violation of protocol (_ssl.c:1129)')))

During handling of the above exception, another exception occurred:

Traceback (most recent call last):
  File "/home/buzzportal/crawling/src/TABLE_BUZZ_NAVER_JONGTO.py", line 124, in <module>
    df_.loc[i,"POSITIVITY"] = get_sentiment(df_.loc[i,"TITLE"])
  File "/home/buzzportal/crawling/src/TABLE_BUZZ_NAVER_JONGTO.py", line 39, in get_sentiment
    response = requests.post(url, data=json.dumps(data), headers=headers)
  File "/root/anaconda3/lib/python3.9/site-packages/requests/api.py", line 117, in post
    return request('post', url, data=data, json=json, **kwargs)
  File "/root/anaconda3/lib/python3.9/site-packages/requests/api.py", line 61, in request
    return session.request(method=method, url=url, **kwargs)
  File "/root/anaconda3/lib/python3.9/site-packages/requests/sessions.py", line 529, in request
    resp = self.send(prep, **send_kwargs)
  File "/root/anaconda3/lib/python3.9/site-packages/requests/sessions.py", line 645, in send
    r = adapter.send(request, **kwargs)
  File "/root/anaconda3/lib/python3.9/site-packages/requests/adapters.py", line 517, in send
    raise SSLError(e, request=request)
requests.exceptions.SSLError: HTTPSConnectionPool(host='naveropenapi.apigw.ntruss.com', port=443): Max retries exceeded with url: /sentiment-analysis/v1/analyze (Caused by SSLError(SSLEOFError(8, 'EOF occurred in violation of protocol (_ssl.c:1129)')))
20221010-170006 네이버종토_미래에셋증권 SUCCESS  :  2
20221010-170008 네이버종토_키움증권 SUCCESS  :  2
20221010-170010 네이버종토_NH투자증권 SUCCESS  :  4
20221010-170012 네이버종토_삼성증권 SUCCESS  :  3
20221011-080007 네이버종토_미래에셋증권 NO DATA TO UPDATE
20221011-080009 네이버종토_키움증권 SUCCESS  :  2
20221011-080011 네이버종토_NH투자증권 SUCCESS  :  2
20221011-080013 네이버종토_삼성증권 SUCCESS  :  3
20221011-170006 네이버종토_미래에셋증권 SUCCESS  :  5
20221011-170008 네이버종토_키움증권 SUCCESS  :  3
20221011-170010 네이버종토_NH투자증권 SUCCESS  :  9
20221011-170012 네이버종토_삼성증권 SUCCESS  :  15
20221012-080006 네이버종토_미래에셋증권 SUCCESS  :  2
20221012-080008 네이버종토_키움증권 SUCCESS  :  4
20221012-080010 네이버종토_NH투자증권 SUCCESS  :  4
20221012-080012 네이버종토_삼성증권 SUCCESS  :  11
20221012-170007 네이버종토_미래에셋증권 SUCCESS  :  8
20221012-170010 네이버종토_키움증권 SUCCESS  :  1
20221012-170012 네이버종토_NH투자증권 SUCCESS  :  4
20221012-170014 네이버종토_삼성증권 SUCCESS  :  8
20221013-080007 네이버종토_미래에셋증권 SUCCESS  :  2
20221013-080010 네이버종토_키움증권 NO DATA TO UPDATE
20221013-080012 네이버종토_NH투자증권 SUCCESS  :  3
20221013-080014 네이버종토_삼성증권 SUCCESS  :  3
20221013-170010 네이버종토_미래에셋증권 SUCCESS  :  4
20221013-170012 네이버종토_키움증권 SUCCESS  :  1
20221013-170016 네이버종토_NH투자증권 SUCCESS  :  2
20221013-170021 네이버종토_삼성증권 SUCCESS  :  9
20221014-080010 네이버종토_미래에셋증권 SUCCESS  :  4
20221014-080013 네이버종토_키움증권 NO DATA TO UPDATE
20221014-080017 네이버종토_NH투자증권 SUCCESS  :  6
20221014-080022 네이버종토_삼성증권 SUCCESS  :  4
20221014-170008 네이버종토_미래에셋증권 SUCCESS  :  7
20221014-170010 네이버종토_키움증권 NO DATA TO UPDATE
20221014-170011 네이버종토_NH투자증권 SUCCESS  :  3
20221014-170013 네이버종토_삼성증권 SUCCESS  :  7
20221015-080007 네이버종토_미래에셋증권 SUCCESS  :  1
20221015-080009 네이버종토_키움증권 NO DATA TO UPDATE
20221015-080012 네이버종토_NH투자증권 NO DATA TO UPDATE
20221015-080014 네이버종토_삼성증권 NO DATA TO UPDATE
20221015-170300 네이버종토_미래에셋증권 NO DATA TO UPDATE
20221015-170302 네이버종토_키움증권 NO DATA TO UPDATE
20221015-170304 네이버종토_NH투자증권 SUCCESS  :  5
20221015-170306 네이버종토_삼성증권 SUCCESS  :  1
20221016-080009 네이버종토_미래에셋증권 NO DATA TO UPDATE
20221016-080010 네이버종토_키움증권 SUCCESS  :  1
20221016-080012 네이버종토_NH투자증권 SUCCESS  :  2
20221016-080014 네이버종토_삼성증권 SUCCESS  :  3
20221016-170008 네이버종토_미래에셋증권 SUCCESS  :  3
20221016-170010 네이버종토_키움증권 SUCCESS  :  1
20221016-170012 네이버종토_NH투자증권 SUCCESS  :  3
20221016-170014 네이버종토_삼성증권 SUCCESS  :  1
20221017-080553 네이버종토_미래에셋증권 NO DATA TO UPDATE
20221017-080600 네이버종토_키움증권 NO DATA TO UPDATE
Traceback (most recent call last):
  File "/root/anaconda3/lib/python3.9/site-packages/urllib3/connectionpool.py", line 703, in urlopen
    httplib_response = self._make_request(
  File "/root/anaconda3/lib/python3.9/site-packages/urllib3/connectionpool.py", line 386, in _make_request
    self._validate_conn(conn)
  File "/root/anaconda3/lib/python3.9/site-packages/urllib3/connectionpool.py", line 1040, in _validate_conn
    conn.connect()
  File "/root/anaconda3/lib/python3.9/site-packages/urllib3/connection.py", line 414, in connect
    self.sock = ssl_wrap_socket(
  File "/root/anaconda3/lib/python3.9/site-packages/urllib3/util/ssl_.py", line 449, in ssl_wrap_socket
    ssl_sock = _ssl_wrap_socket_impl(
  File "/root/anaconda3/lib/python3.9/site-packages/urllib3/util/ssl_.py", line 493, in _ssl_wrap_socket_impl
    return ssl_context.wrap_socket(sock, server_hostname=server_hostname)
  File "/root/anaconda3/lib/python3.9/ssl.py", line 500, in wrap_socket
    return self.sslsocket_class._create(
  File "/root/anaconda3/lib/python3.9/ssl.py", line 1040, in _create
    self.do_handshake()
  File "/root/anaconda3/lib/python3.9/ssl.py", line 1309, in do_handshake
    self._sslobj.do_handshake()
ssl.SSLEOFError: EOF occurred in violation of protocol (_ssl.c:1129)

During handling of the above exception, another exception occurred:

Traceback (most recent call last):
  File "/root/anaconda3/lib/python3.9/site-packages/requests/adapters.py", line 440, in send
    resp = conn.urlopen(
  File "/root/anaconda3/lib/python3.9/site-packages/urllib3/connectionpool.py", line 785, in urlopen
    retries = retries.increment(
  File "/root/anaconda3/lib/python3.9/site-packages/urllib3/util/retry.py", line 592, in increment
    raise MaxRetryError(_pool, url, error or ResponseError(cause))
urllib3.exceptions.MaxRetryError: HTTPSConnectionPool(host='naveropenapi.apigw.ntruss.com', port=443): Max retries exceeded with url: /sentiment-analysis/v1/analyze (Caused by SSLError(SSLEOFError(8, 'EOF occurred in violation of protocol (_ssl.c:1129)')))

During handling of the above exception, another exception occurred:

Traceback (most recent call last):
  File "/home/buzzportal/crawling/src/TABLE_BUZZ_NAVER_JONGTO.py", line 124, in <module>
    df_.loc[i,"POSITIVITY"] = get_sentiment(df_.loc[i,"TITLE"])
  File "/home/buzzportal/crawling/src/TABLE_BUZZ_NAVER_JONGTO.py", line 39, in get_sentiment
    response = requests.post(url, data=json.dumps(data), headers=headers)
  File "/root/anaconda3/lib/python3.9/site-packages/requests/api.py", line 117, in post
    return request('post', url, data=data, json=json, **kwargs)
  File "/root/anaconda3/lib/python3.9/site-packages/requests/api.py", line 61, in request
    return session.request(method=method, url=url, **kwargs)
  File "/root/anaconda3/lib/python3.9/site-packages/requests/sessions.py", line 529, in request
    resp = self.send(prep, **send_kwargs)
  File "/root/anaconda3/lib/python3.9/site-packages/requests/sessions.py", line 645, in send
    r = adapter.send(request, **kwargs)
  File "/root/anaconda3/lib/python3.9/site-packages/requests/adapters.py", line 517, in send
    raise SSLError(e, request=request)
requests.exceptions.SSLError: HTTPSConnectionPool(host='naveropenapi.apigw.ntruss.com', port=443): Max retries exceeded with url: /sentiment-analysis/v1/analyze (Caused by SSLError(SSLEOFError(8, 'EOF occurred in violation of protocol (_ssl.c:1129)')))
20221017-170008 네이버종토_미래에셋증권 SUCCESS  :  1
20221017-170011 네이버종토_키움증권 NO DATA TO UPDATE
20221017-170015 네이버종토_NH투자증권 SUCCESS  :  5
20221017-170019 네이버종토_삼성증권 SUCCESS  :  9
20221018-080011 네이버종토_미래에셋증권 SUCCESS  :  1
20221018-080012 네이버종토_키움증권 NO DATA TO UPDATE
20221018-080014 네이버종토_NH투자증권 SUCCESS  :  2
20221018-080016 네이버종토_삼성증권 SUCCESS  :  3
20221018-170003 네이버종토_미래에셋증권 SUCCESS  :  1
20221018-170005 네이버종토_키움증권 SUCCESS  :  1
20221018-170006 네이버종토_NH투자증권 SUCCESS  :  4
20221018-170007 네이버종토_삼성증권 SUCCESS  :  5
20221019-080003 네이버종토_미래에셋증권 SUCCESS  :  2
20221019-080004 네이버종토_키움증권 SUCCESS  :  1
20221019-080006 네이버종토_NH투자증권 SUCCESS  :  2
20221019-080007 네이버종토_삼성증권 SUCCESS  :  3
20221019-170003 네이버종토_미래에셋증권 SUCCESS  :  3
20221019-170005 네이버종토_키움증권 SUCCESS  :  1
20221019-170006 네이버종토_NH투자증권 SUCCESS  :  3
20221019-170008 네이버종토_삼성증권 SUCCESS  :  7
20221020-080002 네이버종토_미래에셋증권 SUCCESS  :  1
20221020-080004 네이버종토_키움증권 SUCCESS  :  1
20221020-080005 네이버종토_NH투자증권 SUCCESS  :  2
20221020-080007 네이버종토_삼성증권 SUCCESS  :  7
20221020-170003 네이버종토_미래에셋증권 SUCCESS  :  3
20221020-170005 네이버종토_키움증권 SUCCESS  :  27
20221020-170007 네이버종토_NH투자증권 SUCCESS  :  4
20221020-170009 네이버종토_삼성증권 SUCCESS  :  34
20221021-080003 네이버종토_미래에셋증권 SUCCESS  :  3
20221021-080004 네이버종토_키움증권 SUCCESS  :  14
20221021-080006 네이버종토_NH투자증권 SUCCESS  :  3
20221021-080007 네이버종토_삼성증권 SUCCESS  :  13
20221021-170003 네이버종토_미래에셋증권 SUCCESS  :  6
20221021-170004 네이버종토_키움증권 SUCCESS  :  15
20221021-170005 네이버종토_NH투자증권 SUCCESS  :  13
20221021-170008 네이버종토_삼성증권 SUCCESS  :  23
20221022-080002 네이버종토_미래에셋증권 SUCCESS  :  1
20221022-080004 네이버종토_키움증권 SUCCESS  :  6
20221022-080005 네이버종토_NH투자증권 SUCCESS  :  3
20221022-080007 네이버종토_삼성증권 SUCCESS  :  9
20221022-170003 네이버종토_미래에셋증권 SUCCESS  :  1
20221022-170004 네이버종토_키움증권 SUCCESS  :  11
20221022-170006 네이버종토_NH투자증권 SUCCESS  :  3
20221022-170007 네이버종토_삼성증권 SUCCESS  :  6
20221023-080003 네이버종토_미래에셋증권 SUCCESS  :  1
20221023-080004 네이버종토_키움증권 SUCCESS  :  2
20221023-080006 네이버종토_NH투자증권 SUCCESS  :  1
20221023-080007 네이버종토_삼성증권 SUCCESS  :  5
20221023-170003 네이버종토_미래에셋증권 SUCCESS  :  1
20221023-170004 네이버종토_키움증권 SUCCESS  :  1
20221023-170006 네이버종토_NH투자증권 SUCCESS  :  3
20221023-170007 네이버종토_삼성증권 SUCCESS  :  7
20221024-080003 네이버종토_미래에셋증권 NO DATA TO UPDATE
20221024-080004 네이버종토_키움증권 SUCCESS  :  6
20221024-080006 네이버종토_NH투자증권 SUCCESS  :  3
20221024-080007 네이버종토_삼성증권 SUCCESS  :  6
20221024-170003 네이버종토_미래에셋증권 SUCCESS  :  1
20221024-170005 네이버종토_키움증권 SUCCESS  :  13
20221024-170006 네이버종토_NH투자증권 SUCCESS  :  5
20221024-170007 네이버종토_삼성증권 SUCCESS  :  16
20221025-080003 네이버종토_미래에셋증권 SUCCESS  :  4
20221025-080004 네이버종토_키움증권 SUCCESS  :  2
20221025-080006 네이버종토_NH투자증권 SUCCESS  :  3
20221025-080007 네이버종토_삼성증권 SUCCESS  :  5
20221025-170003 네이버종토_미래에셋증권 SUCCESS  :  4
20221025-170005 네이버종토_키움증권 SUCCESS  :  2
20221025-170006 네이버종토_NH투자증권 SUCCESS  :  16
20221025-170009 네이버종토_삼성증권 SUCCESS  :  19
20221026-080003 네이버종토_미래에셋증권 SUCCESS  :  1
20221026-080004 네이버종토_키움증권 NO DATA TO UPDATE
20221026-080006 네이버종토_NH투자증권 SUCCESS  :  4
20221026-080007 네이버종토_삼성증권 SUCCESS  :  10
20221026-170003 네이버종토_미래에셋증권 SUCCESS  :  3
20221026-170004 네이버종토_키움증권 SUCCESS  :  1
20221026-170006 네이버종토_NH투자증권 SUCCESS  :  16
20221026-170007 네이버종토_삼성증권 SUCCESS  :  12
20221027-080003 네이버종토_미래에셋증권 NO DATA TO UPDATE
20221027-080005 네이버종토_키움증권 NO DATA TO UPDATE
20221027-080006 네이버종토_NH투자증권 SUCCESS  :  6
20221027-080007 네이버종토_삼성증권 SUCCESS  :  6
20221027-170003 네이버종토_미래에셋증권 SUCCESS  :  2
20221027-170005 네이버종토_키움증권 SUCCESS  :  2
20221027-170006 네이버종토_NH투자증권 SUCCESS  :  11
20221027-170008 네이버종토_삼성증권 SUCCESS  :  8
20221028-080003 네이버종토_미래에셋증권 SUCCESS  :  1
20221028-080004 네이버종토_키움증권 NO DATA TO UPDATE
20221028-080005 네이버종토_NH투자증권 SUCCESS  :  7
20221028-080007 네이버종토_삼성증권 SUCCESS  :  8
20221028-170003 네이버종토_미래에셋증권 SUCCESS  :  1
20221028-170004 네이버종토_키움증권 NO DATA TO UPDATE
20221028-170006 네이버종토_NH투자증권 SUCCESS  :  10
20221028-170007 네이버종토_삼성증권 SUCCESS  :  11
20221029-080003 네이버종토_미래에셋증권 SUCCESS  :  1
20221029-080004 네이버종토_키움증권 SUCCESS  :  2
20221029-080006 네이버종토_NH투자증권 SUCCESS  :  3
20221029-080007 네이버종토_삼성증권 SUCCESS  :  1
20221029-170003 네이버종토_미래에셋증권 SUCCESS  :  1
20221029-170004 네이버종토_키움증권 NO DATA TO UPDATE
20221029-170006 네이버종토_NH투자증권 SUCCESS  :  6
20221029-170007 네이버종토_삼성증권 SUCCESS  :  2
20221030-080003 네이버종토_미래에셋증권 SUCCESS  :  2
20221030-080005 네이버종토_키움증권 NO DATA TO UPDATE
20221030-080006 네이버종토_NH투자증권 SUCCESS  :  1
20221030-080008 네이버종토_삼성증권 SUCCESS  :  1
20221030-170003 네이버종토_미래에셋증권 NO DATA TO UPDATE
20221030-170004 네이버종토_키움증권 SUCCESS  :  4
20221030-170006 네이버종토_NH투자증권 SUCCESS  :  7
20221030-170007 네이버종토_삼성증권 SUCCESS  :  2
20221031-080003 네이버종토_미래에셋증권 NO DATA TO UPDATE
20221031-080004 네이버종토_키움증권 NO DATA TO UPDATE
20221031-080006 네이버종토_NH투자증권 SUCCESS  :  4
20221031-080007 네이버종토_삼성증권 SUCCESS  :  1
20221031-170003 네이버종토_미래에셋증권 SUCCESS  :  2
20221031-170005 네이버종토_키움증권 SUCCESS  :  3
20221031-170006 네이버종토_NH투자증권 SUCCESS  :  4
20221031-170008 네이버종토_삼성증권 SUCCESS  :  4
20221101-080003 네이버종토_미래에셋증권 NO DATA TO UPDATE
20221101-080004 네이버종토_키움증권 SUCCESS  :  1
20221101-080006 네이버종토_NH투자증권 SUCCESS  :  2
20221101-080008 네이버종토_삼성증권 SUCCESS  :  4
20221101-170004 네이버종토_미래에셋증권 SUCCESS  :  5
20221101-170005 네이버종토_키움증권 SUCCESS  :  1
20221101-170007 네이버종토_NH투자증권 SUCCESS  :  4
20221101-170008 네이버종토_삼성증권 SUCCESS  :  9
20221102-080003 네이버종토_미래에셋증권 NO DATA TO UPDATE
20221102-080005 네이버종토_키움증권 SUCCESS  :  1
20221102-080007 네이버종토_NH투자증권 SUCCESS  :  5
20221102-080008 네이버종토_삼성증권 SUCCESS  :  4
20221102-170003 네이버종토_미래에셋증권 SUCCESS  :  5
20221102-170005 네이버종토_키움증권 SUCCESS  :  1
20221102-170006 네이버종토_NH투자증권 SUCCESS  :  8
20221102-170008 네이버종토_삼성증권 SUCCESS  :  8
20221103-080003 네이버종토_미래에셋증권 NO DATA TO UPDATE
20221103-080004 네이버종토_키움증권 SUCCESS  :  2
20221103-080006 네이버종토_NH투자증권 SUCCESS  :  2
20221103-080007 네이버종토_삼성증권 SUCCESS  :  9
20221103-170003 네이버종토_미래에셋증권 SUCCESS  :  6
20221103-170004 네이버종토_키움증권 SUCCESS  :  4
20221103-170006 네이버종토_NH투자증권 SUCCESS  :  6
20221103-170007 네이버종토_삼성증권 SUCCESS  :  10
20221104-080003 네이버종토_미래에셋증권 SUCCESS  :  1
20221104-080005 네이버종토_키움증권 SUCCESS  :  1
20221104-080006 네이버종토_NH투자증권 SUCCESS  :  2
20221104-080008 네이버종토_삼성증권 SUCCESS  :  7
20221104-170003 네이버종토_미래에셋증권 SUCCESS  :  3
20221104-170004 네이버종토_키움증권 SUCCESS  :  5
20221104-170006 네이버종토_NH투자증권 SUCCESS  :  6
20221104-170008 네이버종토_삼성증권 SUCCESS  :  6
20221105-080003 네이버종토_미래에셋증권 NO DATA TO UPDATE
20221105-080005 네이버종토_키움증권 SUCCESS  :  1
20221105-080006 네이버종토_NH투자증권 SUCCESS  :  1
20221105-080008 네이버종토_삼성증권 SUCCESS  :  5
20221105-170003 네이버종토_미래에셋증권 NO DATA TO UPDATE
20221105-170005 네이버종토_키움증권 NO DATA TO UPDATE
20221105-170006 네이버종토_NH투자증권 NO DATA TO UPDATE
20221105-170008 네이버종토_삼성증권 SUCCESS  :  2
20221106-080003 네이버종토_미래에셋증권 SUCCESS  :  1
20221106-080005 네이버종토_키움증권 SUCCESS  :  2
20221106-080006 네이버종토_NH투자증권 SUCCESS  :  4
20221106-080007 네이버종토_삼성증권 SUCCESS  :  1
20221106-170003 네이버종토_미래에셋증권 NO DATA TO UPDATE
20221106-170005 네이버종토_키움증권 SUCCESS  :  1
20221106-170006 네이버종토_NH투자증권 NO DATA TO UPDATE
20221106-170008 네이버종토_삼성증권 NO DATA TO UPDATE
20221107-080003 네이버종토_미래에셋증권 NO DATA TO UPDATE
20221107-080005 네이버종토_키움증권 SUCCESS  :  2
20221107-080006 네이버종토_NH투자증권 SUCCESS  :  2
20221107-080008 네이버종토_삼성증권 SUCCESS  :  2
20221107-170003 네이버종토_미래에셋증권 SUCCESS  :  12
20221107-170005 네이버종토_키움증권 SUCCESS  :  2
20221107-170007 네이버종토_NH투자증권 SUCCESS  :  6
20221107-170008 네이버종토_삼성증권 SUCCESS  :  10
20221108-080003 네이버종토_미래에셋증권 SUCCESS  :  4
20221108-080005 네이버종토_키움증권 SUCCESS  :  2
20221108-080006 네이버종토_NH투자증권 SUCCESS  :  3
20221108-080008 네이버종토_삼성증권 SUCCESS  :  1
20221108-170003 네이버종토_미래에셋증권 SUCCESS  :  6
20221108-170004 네이버종토_키움증권 SUCCESS  :  2
20221108-170006 네이버종토_NH투자증권 SUCCESS  :  14
20221108-170007 네이버종토_삼성증권 SUCCESS  :  14
20221109-080003 네이버종토_미래에셋증권 SUCCESS  :  6
20221109-080005 네이버종토_키움증권 SUCCESS  :  5
20221109-080006 네이버종토_NH투자증권 SUCCESS  :  3
20221109-080008 네이버종토_삼성증권 SUCCESS  :  5
20221109-170006 네이버종토_미래에셋증권 SUCCESS  :  5
20221109-170007 네이버종토_키움증권 SUCCESS  :  8
20221109-170009 네이버종토_NH투자증권 SUCCESS  :  4
20221109-170011 네이버종토_삼성증권 SUCCESS  :  10
20221110-080004 네이버종토_미래에셋증권 SUCCESS  :  6
20221110-080005 네이버종토_키움증권 SUCCESS  :  1
20221110-080007 네이버종토_NH투자증권 SUCCESS  :  10
20221110-080008 네이버종토_삼성증권 SUCCESS  :  4
20221110-170004 네이버종토_미래에셋증권 SUCCESS  :  3
20221110-170005 네이버종토_키움증권 NO DATA TO UPDATE
20221110-170006 네이버종토_NH투자증권 SUCCESS  :  4
20221110-170008 네이버종토_삼성증권 SUCCESS  :  11
20221111-080003 네이버종토_미래에셋증권 SUCCESS  :  3
20221111-080004 네이버종토_키움증권 SUCCESS  :  1
20221111-080006 네이버종토_NH투자증권 SUCCESS  :  5
20221111-080008 네이버종토_삼성증권 SUCCESS  :  2
20221111-170004 네이버종토_미래에셋증권 SUCCESS  :  11
20221111-170005 네이버종토_키움증권 SUCCESS  :  3
20221111-170007 네이버종토_NH투자증권 SUCCESS  :  4
20221111-170010 네이버종토_삼성증권 SUCCESS  :  23
20221112-080003 네이버종토_미래에셋증권 SUCCESS  :  2
20221112-080005 네이버종토_키움증권 SUCCESS  :  2
20221112-080006 네이버종토_NH투자증권 SUCCESS  :  3
20221112-080008 네이버종토_삼성증권 SUCCESS  :  2
20221112-170003 네이버종토_미래에셋증권 NO DATA TO UPDATE
20221112-170005 네이버종토_키움증권 SUCCESS  :  2
20221112-170006 네이버종토_NH투자증권 SUCCESS  :  1
20221112-170008 네이버종토_삼성증권 SUCCESS  :  4
20221113-080003 네이버종토_미래에셋증권 NO DATA TO UPDATE
20221113-080004 네이버종토_키움증권 NO DATA TO UPDATE
20221113-080006 네이버종토_NH투자증권 SUCCESS  :  3
20221113-080007 네이버종토_삼성증권 SUCCESS  :  1
20221113-170003 네이버종토_미래에셋증권 SUCCESS  :  1
20221113-170005 네이버종토_키움증권 NO DATA TO UPDATE
20221113-170007 네이버종토_NH투자증권 SUCCESS  :  3
20221113-170008 네이버종토_삼성증권 SUCCESS  :  3
20221114-080003 네이버종토_미래에셋증권 NO DATA TO UPDATE
20221114-080005 네이버종토_키움증권 NO DATA TO UPDATE
20221114-080006 네이버종토_NH투자증권 SUCCESS  :  3
20221114-080008 네이버종토_삼성증권 SUCCESS  :  2
20221114-170003 네이버종토_미래에셋증권 SUCCESS  :  4
20221114-170005 네이버종토_키움증권 SUCCESS  :  1
20221114-170006 네이버종토_NH투자증권 SUCCESS  :  3
20221114-170008 네이버종토_삼성증권 SUCCESS  :  18
20221115-080003 네이버종토_미래에셋증권 NO DATA TO UPDATE
20221115-080004 네이버종토_키움증권 SUCCESS  :  1
20221115-080006 네이버종토_NH투자증권 SUCCESS  :  3
20221115-080007 네이버종토_삼성증권 SUCCESS  :  2
20221115-170003 네이버종토_미래에셋증권 SUCCESS  :  2
20221115-170004 네이버종토_키움증권 SUCCESS  :  3
20221115-170006 네이버종토_NH투자증권 SUCCESS  :  4
20221115-170007 네이버종토_삼성증권 SUCCESS  :  6
20221116-080004 네이버종토_미래에셋증권 NO DATA TO UPDATE
20221116-080005 네이버종토_키움증권 SUCCESS  :  1
20221116-080007 네이버종토_NH투자증권 SUCCESS  :  3
20221116-080008 네이버종토_삼성증권 NO DATA TO UPDATE
20221116-170004 네이버종토_미래에셋증권 SUCCESS  :  3
20221116-170005 네이버종토_키움증권 NO DATA TO UPDATE
20221116-170007 네이버종토_NH투자증권 SUCCESS  :  7
20221116-170008 네이버종토_삼성증권 SUCCESS  :  14
20221117-080003 네이버종토_미래에셋증권 NO DATA TO UPDATE
20221117-080005 네이버종토_키움증권 SUCCESS  :  3
20221117-080006 네이버종토_NH투자증권 SUCCESS  :  4
20221117-080008 네이버종토_삼성증권 SUCCESS  :  2
20221117-170003 네이버종토_미래에셋증권 SUCCESS  :  8
20221117-170004 네이버종토_키움증권 SUCCESS  :  1
20221117-170006 네이버종토_NH투자증권 SUCCESS  :  6
20221117-170007 네이버종토_삼성증권 SUCCESS  :  7
20221118-080004 네이버종토_미래에셋증권 SUCCESS  :  3
20221118-080005 네이버종토_키움증권 SUCCESS  :  2
20221118-080007 네이버종토_NH투자증권 SUCCESS  :  3
20221118-080008 네이버종토_삼성증권 SUCCESS  :  1
20221118-170003 네이버종토_미래에셋증권 SUCCESS  :  3
20221118-170004 네이버종토_키움증권 SUCCESS  :  1
20221118-170006 네이버종토_NH투자증권 SUCCESS  :  6
20221118-170007 네이버종토_삼성증권 SUCCESS  :  7
20221119-080003 네이버종토_미래에셋증권 SUCCESS  :  3
20221119-080005 네이버종토_키움증권 SUCCESS  :  2
20221119-080006 네이버종토_NH투자증권 SUCCESS  :  5
20221119-080008 네이버종토_삼성증권 SUCCESS  :  1
20221119-170003 네이버종토_미래에셋증권 SUCCESS  :  1
20221119-170005 네이버종토_키움증권 NO DATA TO UPDATE
20221119-170006 네이버종토_NH투자증권 SUCCESS  :  2
20221119-170008 네이버종토_삼성증권 SUCCESS  :  1
20221120-080003 네이버종토_미래에셋증권 NO DATA TO UPDATE
20221120-080004 네이버종토_키움증권 NO DATA TO UPDATE
20221120-080006 네이버종토_NH투자증권 SUCCESS  :  3
20221120-080007 네이버종토_삼성증권 NO DATA TO UPDATE
20221120-170003 네이버종토_미래에셋증권 SUCCESS  :  2
20221120-170005 네이버종토_키움증권 NO DATA TO UPDATE
20221120-170006 네이버종토_NH투자증권 NO DATA TO UPDATE
20221120-170008 네이버종토_삼성증권 SUCCESS  :  1
20221121-080003 네이버종토_미래에셋증권 NO DATA TO UPDATE
20221121-080005 네이버종토_키움증권 NO DATA TO UPDATE
20221121-080006 네이버종토_NH투자증권 SUCCESS  :  4
20221121-080008 네이버종토_삼성증권 SUCCESS  :  1
20221121-170003 네이버종토_미래에셋증권 SUCCESS  :  2
20221121-170005 네이버종토_키움증권 NO DATA TO UPDATE
20221121-170006 네이버종토_NH투자증권 SUCCESS  :  3
20221121-170008 네이버종토_삼성증권 SUCCESS  :  13
20221122-080003 네이버종토_미래에셋증권 NO DATA TO UPDATE
20221122-080005 네이버종토_키움증권 SUCCESS  :  1
20221122-080006 네이버종토_NH투자증권 SUCCESS  :  2
20221122-080008 네이버종토_삼성증권 SUCCESS  :  2
20221122-170003 네이버종토_미래에셋증권 SUCCESS  :  12
20221122-170004 네이버종토_키움증권 SUCCESS  :  1
20221122-170006 네이버종토_NH투자증권 SUCCESS  :  9
20221122-170007 네이버종토_삼성증권 SUCCESS  :  9
20221123-080003 네이버종토_미래에셋증권 NO DATA TO UPDATE
20221123-080005 네이버종토_키움증권 NO DATA TO UPDATE
20221123-080006 네이버종토_NH투자증권 SUCCESS  :  4
20221123-080008 네이버종토_삼성증권 SUCCESS  :  2
20221123-170003 네이버종토_미래에셋증권 SUCCESS  :  7
20221123-170005 네이버종토_키움증권 NO DATA TO UPDATE
20221123-170006 네이버종토_NH투자증권 SUCCESS  :  5
20221123-170008 네이버종토_삼성증권 SUCCESS  :  11
20221124-080003 네이버종토_미래에셋증권 SUCCESS  :  2
20221124-080005 네이버종토_키움증권 NO DATA TO UPDATE
20221124-080006 네이버종토_NH투자증권 SUCCESS  :  3
20221124-080008 네이버종토_삼성증권 SUCCESS  :  1
20221124-170003 네이버종토_미래에셋증권 SUCCESS  :  3
20221124-170004 네이버종토_키움증권 SUCCESS  :  8
20221124-170006 네이버종토_NH투자증권 SUCCESS  :  6
20221124-170009 네이버종토_삼성증권 SUCCESS  :  25
20221125-080003 네이버종토_미래에셋증권 SUCCESS  :  2
20221125-080005 네이버종토_키움증권 NO DATA TO UPDATE
20221125-080006 네이버종토_NH투자증권 SUCCESS  :  6
20221125-080008 네이버종토_삼성증권 SUCCESS  :  5
20221125-170003 네이버종토_미래에셋증권 SUCCESS  :  2
20221125-170005 네이버종토_키움증권 SUCCESS  :  2
20221125-170006 네이버종토_NH투자증권 SUCCESS  :  3
20221125-170008 네이버종토_삼성증권 SUCCESS  :  10
20221126-080003 네이버종토_미래에셋증권 SUCCESS  :  1
20221126-080005 네이버종토_키움증권 NO DATA TO UPDATE
20221126-080006 네이버종토_NH투자증권 SUCCESS  :  3
20221126-080008 네이버종토_삼성증권 SUCCESS  :  3
20221126-170003 네이버종토_미래에셋증권 SUCCESS  :  1
20221126-170004 네이버종토_키움증권 NO DATA TO UPDATE
20221126-170006 네이버종토_NH투자증권 SUCCESS  :  3
20221126-170008 네이버종토_삼성증권 NO DATA TO UPDATE
20221127-080003 네이버종토_미래에셋증권 NO DATA TO UPDATE
20221127-080004 네이버종토_키움증권 NO DATA TO UPDATE
20221127-080006 네이버종토_NH투자증권 SUCCESS  :  4
20221127-080007 네이버종토_삼성증권 SUCCESS  :  1
20221127-170003 네이버종토_미래에셋증권 NO DATA TO UPDATE
20221127-170005 네이버종토_키움증권 NO DATA TO UPDATE
20221127-170006 네이버종토_NH투자증권 SUCCESS  :  3
20221127-170008 네이버종토_삼성증권 SUCCESS  :  1
20221128-080003 네이버종토_미래에셋증권 SUCCESS  :  3
20221128-080005 네이버종토_키움증권 SUCCESS  :  2
20221128-080006 네이버종토_NH투자증권 SUCCESS  :  3
20221128-080008 네이버종토_삼성증권 SUCCESS  :  4
20221128-170003 네이버종토_미래에셋증권 SUCCESS  :  4
20221128-170004 네이버종토_키움증권 SUCCESS  :  1
20221128-170006 네이버종토_NH투자증권 SUCCESS  :  6
20221128-170007 네이버종토_삼성증권 SUCCESS  :  7
20221129-080003 네이버종토_미래에셋증권 SUCCESS  :  1
20221129-080005 네이버종토_키움증권 NO DATA TO UPDATE
20221129-080006 네이버종토_NH투자증권 NO DATA TO UPDATE
20221129-080008 네이버종토_삼성증권 SUCCESS  :  1
