20220831-135810  DC_GLOBAL-STOCK SUCCESS  :  1
20220831-141552  DC_GLOBAL-STOCK SUCCESS  :  9
20220831-144557  DC_US-STOCK , SUCCESS  :  24
20220831-144606  DC_GLOBAL-STOCK SUCCESS  :  16
20220831-153408  DC_US-STOCK , SUCCESS  :  155
20220831-154633  DC_GLOBAL-STOCK SUCCESS  :  33
20220831-160250  DC_US-STOCK , SUCCESS  :  94
20220831-161559  DC_GLOBAL-STOCK SUCCESS  :  12
20220831-163229  DC_US-STOCK , SUCCESS  :  94
20220831-164621  DC_GLOBAL-STOCK SUCCESS  :  26
20220831-170329  DC_US-STOCK , SUCCESS  :  125
20220831-171648  DC_GLOBAL-STOCK SUCCESS  :  53
20220831-173357  DC_US-STOCK , SUCCESS  :  174
20220831-174634  DC_GLOBAL-STOCK SUCCESS  :  35
20220831-180331  DC_US-STOCK , SUCCESS  :  136
20220831-181619  DC_GLOBAL-STOCK SUCCESS  :  34
20220831-183336  DC_US-STOCK , SUCCESS  :  159
20220831-184614  DC_GLOBAL-STOCK SUCCESS  :  25
20220831-190257  DC_US-STOCK , SUCCESS  :  117
20220831-191608  DC_GLOBAL-STOCK SUCCESS  :  21
20220831-193325  DC_US-STOCK , SUCCESS  :  121
20220831-194713  DC_GLOBAL-STOCK SUCCESS  :  66
20220831-200316  DC_US-STOCK , SUCCESS  :  138
20220831-201649  DC_GLOBAL-STOCK SUCCESS  :  61
20220831-203300  DC_US-STOCK , SUCCESS  :  104
20220831-204712  DC_GLOBAL-STOCK SUCCESS  :  65
20220831-210230  DC_US-STOCK , SUCCESS  :  84
20220831-211728  DC_GLOBAL-STOCK SUCCESS  :  78
20220831-213447  DC_US-STOCK , SUCCESS  :  205
20220831-214815  DC_GLOBAL-STOCK SUCCESS  :  115
20220831-220324  DC_US-STOCK , SUCCESS  :  139
20220831-221814  DC_GLOBAL-STOCK SUCCESS  :  104
20220831-223723  DC_US-STOCK , SUCCESS  :  328
20220831-224812  DC_GLOBAL-STOCK SUCCESS  :  112
20220831-230851  DC_US-STOCK , SUCCESS  :  415
20220831-231839  DC_GLOBAL-STOCK SUCCESS  :  147
20220831-233453  DC_US-STOCK , SUCCESS  :  221
20220831-234750  DC_GLOBAL-STOCK SUCCESS  :  110
20220901-000742  DC_US-STOCK , SUCCESS  :  363
20220901-001708  DC_GLOBAL-STOCK SUCCESS  :  74
20220901-003528  DC_US-STOCK , SUCCESS  :  252
20220901-004726  DC_GLOBAL-STOCK SUCCESS  :  96
20220901-010251  DC_US-STOCK , SUCCESS  :  116
20220901-011712  DC_GLOBAL-STOCK SUCCESS  :  82
20220901-013231  DC_US-STOCK , SUCCESS  :  98
20220901-014729  DC_GLOBAL-STOCK SUCCESS  :  102
20220901-020207  DC_US-STOCK , SUCCESS  :  77
20220901-021819  DC_GLOBAL-STOCK SUCCESS  :  148
20220901-023202  DC_US-STOCK , SUCCESS  :  77
20220901-024930  DC_GLOBAL-STOCK SUCCESS  :  217
20220901-030233  DC_US-STOCK , SUCCESS  :  103
20220901-032205  DC_GLOBAL-STOCK SUCCESS  :  347
20220901-033156  DC_US-STOCK , SUCCESS  :  59
20220901-035109  DC_GLOBAL-STOCK SUCCESS  :  294
20220901-040209  DC_US-STOCK , SUCCESS  :  70
20220901-042049  DC_GLOBAL-STOCK SUCCESS  :  294
20220901-043319  DC_US-STOCK , SUCCESS  :  125
20220901-044846  DC_GLOBAL-STOCK SUCCESS  :  165
20220901-050336  DC_US-STOCK , SUCCESS  :  144
20220901-051932  DC_GLOBAL-STOCK SUCCESS  :  201
20220901-053156  DC_US-STOCK , SUCCESS  :  72
20220901-054802  DC_GLOBAL-STOCK SUCCESS  :  113
20220901-060143  DC_US-STOCK , SUCCESS  :  59
20220901-061734  DC_GLOBAL-STOCK SUCCESS  :  95
20220901-063237  DC_US-STOCK , SUCCESS  :  105
20220901-064656  DC_GLOBAL-STOCK SUCCESS  :  58
20220901-070306  DC_US-STOCK , SUCCESS  :  108
20220901-071640  DC_GLOBAL-STOCK SUCCESS  :  44
20220901-073248  DC_US-STOCK , SUCCESS  :  100
20220901-074615  DC_GLOBAL-STOCK SUCCESS  :  24
20220901-080329  DC_US-STOCK , SUCCESS  :  131
20220901-081609  DC_GLOBAL-STOCK SUCCESS  :  26
20220901-083316  DC_US-STOCK , SUCCESS  :  124
20220901-084627  DC_GLOBAL-STOCK SUCCESS  :  31
20220901-090408  DC_US-STOCK , SUCCESS  :  162
20220901-091611  DC_GLOBAL-STOCK SUCCESS  :  20
20220901-093349  DC_US-STOCK , SUCCESS  :  148
20220901-094613  DC_GLOBAL-STOCK SUCCESS  :  21
20220901-100253  DC_US-STOCK , SUCCESS  :  105
20220901-101610  DC_GLOBAL-STOCK SUCCESS  :  17
20220901-103321  DC_US-STOCK , SUCCESS  :  137
20220901-104610  DC_GLOBAL-STOCK SUCCESS  :  18
20220901-110245  DC_US-STOCK , SUCCESS  :  110
20220901-111616  DC_GLOBAL-STOCK SUCCESS  :  25
20220901-113304  DC_US-STOCK , SUCCESS  :  112
20220901-114607  DC_GLOBAL-STOCK SUCCESS  :  14
20220901-120316  DC_US-STOCK , SUCCESS  :  120
20220901-121604  DC_GLOBAL-STOCK SUCCESS  :  14
20220901-123327  DC_US-STOCK , SUCCESS  :  127
20220901-124615  DC_GLOBAL-STOCK SUCCESS  :  22
20220901-130418  DC_US-STOCK , SUCCESS  :  167
20220901-131623  DC_GLOBAL-STOCK SUCCESS  :  27
20220901-133346  DC_US-STOCK , SUCCESS  :  145
20220901-134614  DC_GLOBAL-STOCK SUCCESS  :  22
20220901-140300  DC_US-STOCK , SUCCESS  :  117
20220901-141559  DC_GLOBAL-STOCK SUCCESS  :  16
20220901-143250  DC_US-STOCK , SUCCESS  :  115
20220901-144616  DC_GLOBAL-STOCK SUCCESS  :  22
20220901-150319  DC_US-STOCK , SUCCESS  :  123
20220901-151606  DC_GLOBAL-STOCK SUCCESS  :  24
20220901-153355  DC_US-STOCK , SUCCESS  :  144
20220901-154614  DC_GLOBAL-STOCK SUCCESS  :  23
20220901-160442  DC_US-STOCK , SUCCESS  :  185
20220901-161629  DC_GLOBAL-STOCK SUCCESS  :  40
20220901-163403  DC_US-STOCK , SUCCESS  :  155
20220901-164613  DC_GLOBAL-STOCK SUCCESS  :  28
20220901-170532  DC_US-STOCK , SUCCESS  :  161
20220901-171709  DC_GLOBAL-STOCK SUCCESS  :  65
20220901-173604  DC_US-STOCK , SUCCESS  :  254
20220901-174800  DC_GLOBAL-STOCK SUCCESS  :  103
20220901-180518  DC_US-STOCK , SUCCESS  :  216
20220901-181706  DC_GLOBAL-STOCK SUCCESS  :  64
20220901-183413  DC_US-STOCK , SUCCESS  :  160
20220901-184725  DC_GLOBAL-STOCK SUCCESS  :  75
20220901-190408  DC_US-STOCK , SUCCESS  :  180
20220901-191647  DC_GLOBAL-STOCK SUCCESS  :  54
20220901-193256  DC_US-STOCK , SUCCESS  :  109
20220901-194712  DC_GLOBAL-STOCK SUCCESS  :  66
20220901-200300  DC_US-STOCK , SUCCESS  :  115
20220901-201655  DC_GLOBAL-STOCK SUCCESS  :  59
20220902-064234  DC_GLOBAL-STOCK  NO DATA TO UPDATE
20220902-064540  DC_GLOBAL-STOCK  NO DATA TO UPDATE
20220902-070039  DC_US-STOCK , NO DATA TO UPDATE

20220906-163330  DC_US-STOCK , SUCCESS  :  143
20220906-163421  DC_GLOBAL-STOCK SUCCESS  :  986
20220906-170113  DC_US-STOCK , SUCCESS  :  22
20220906-170204  DC_GLOBAL-STOCK SUCCESS  :  848
20220906-171540  DC_GLOBAL-STOCK  NO DATA TO UPDATE
20220906-175722  DC_GLOBAL-STOCK SUCCESS  :  599
20220906-175809  DC_US-STOCK , SUCCESS  :  1367
20220906-180039  DC_US-STOCK , NO DATA TO UPDATE
20220906-183841  DC_US-STOCK , SUCCESS  :  379
20220906-183928  DC_GLOBAL-STOCK SUCCESS  :  1130
20220906-190056  DC_US-STOCK , SUCCESS  :  13
20220906-190141  DC_GLOBAL-STOCK SUCCESS  :  737
20220906-191549  DC_GLOBAL-STOCK  NO DATA TO UPDATE
20220906-195215  DC_GLOBAL-STOCK SUCCESS  :  328
20220906-195305  DC_US-STOCK , SUCCESS  :  1173
20220906-202310  DC_GLOBAL-STOCK SUCCESS  :  347
20220906-202400  DC_US-STOCK , SUCCESS  :  1165
20220906-205028  DC_GLOBAL-STOCK SUCCESS  :  195
20220906-205112  DC_US-STOCK , SUCCESS  :  909
20220906-210041  DC_US-STOCK , NO DATA TO UPDATE
20220906-211539  DC_GLOBAL-STOCK  NO DATA TO UPDATE
20220906-215000  DC_GLOBAL-STOCK SUCCESS  :  190
20220906-215050  DC_US-STOCK , SUCCESS  :  979
20220906-223536  DC_US-STOCK , SUCCESS  :  234
20220906-223550  DC_GLOBAL-STOCK SUCCESS  :  494
20220906-223606  DC_US-STOCK , SUCCESS  :  753
20220906-224907  DC_GLOBAL-STOCK SUCCESS  :  167
20220906-231806  DC_GLOBAL-STOCK SUCCESS  :  120
20220906-231853  DC_US-STOCK , SUCCESS  :  883
20220906-234740  DC_GLOBAL-STOCK SUCCESS  :  100
20220907-000129  DC_US-STOCK , SUCCESS  :  39
20220907-000311  DC_US-STOCK , SUCCESS  :  1709
20220907-001659  DC_GLOBAL-STOCK SUCCESS  :  68
20220907-004653  DC_GLOBAL-STOCK SUCCESS  :  64
20220907-010152  DC_US-STOCK , SUCCESS  :  69
20220907-010335  DC_US-STOCK , SUCCESS  :  1794
20220907-011735  DC_GLOBAL-STOCK SUCCESS  :  99
20220907-013429  DC_US-STOCK , SUCCESS  :  203
20220907-014803  DC_GLOBAL-STOCK SUCCESS  :  130
20220907-021729  DC_GLOBAL-STOCK SUCCESS  :  97
20220907-021836  DC_US-STOCK , SUCCESS  :  975
20220907-024810  DC_GLOBAL-STOCK SUCCESS  :  137
20220907-030205  DC_US-STOCK , SUCCESS  :  72
20220907-030351  DC_US-STOCK , SUCCESS  :  1759
20220907-031740  DC_GLOBAL-STOCK SUCCESS  :  101
20220907-034721  DC_GLOBAL-STOCK SUCCESS  :  83
20220907-034821  DC_US-STOCK , SUCCESS  :  847
20220907-041638  DC_GLOBAL-STOCK SUCCESS  :  43
20220907-044027  DC_US-STOCK , SUCCESS  :  429
20220907-044157  DC_US-STOCK , SUCCESS  :  2024
20220907-044635  DC_GLOBAL-STOCK SUCCESS  :  49
20220907-051635  DC_GLOBAL-STOCK SUCCESS  :  40
20220907-054619  DC_GLOBAL-STOCK SUCCESS  :  32
20220907-054745  DC_US-STOCK , SUCCESS  :  832
20220907-054916  DC_US-STOCK , SUCCESS  :  2371
20220907-061615  DC_GLOBAL-STOCK SUCCESS  :  24
20220907-063202  DC_US-STOCK , SUCCESS  :  73
20220907-063337  DC_US-STOCK , SUCCESS  :  1690
20220907-064600  DC_GLOBAL-STOCK SUCCESS  :  11
20220907-071550  DC_GLOBAL-STOCK SUCCESS  :  8
20220907-073247  DC_US-STOCK , SUCCESS  :  113
20220907-073423  DC_US-STOCK , SUCCESS  :  1773
20220907-074555  DC_GLOBAL-STOCK SUCCESS  :  8
20220907-081549  DC_GLOBAL-STOCK SUCCESS  :  8
20220907-081653  DC_US-STOCK , SUCCESS  :  837
20220907-084553  DC_GLOBAL-STOCK SUCCESS  :  11
20220907-084725  DC_US-STOCK , SUCCESS  :  881
20220907-091552  DC_GLOBAL-STOCK SUCCESS  :  10
20220907-094556  DC_GLOBAL-STOCK SUCCESS  :  13
20220907-094605  DC_US-STOCK , SUCCESS  :  2338
20220907-100311  DC_US-STOCK , SUCCESS  :  115
20220907-100515  DC_US-STOCK , SUCCESS  :  1798
20220907-101548  DC_GLOBAL-STOCK SUCCESS  :  7
20220907-103408  DC_US-STOCK , SUCCESS  :  154
20220907-104602  DC_GLOBAL-STOCK SUCCESS  :  13
20220907-110416  DC_US-STOCK , SUCCESS  :  161
20220907-111603  DC_GLOBAL-STOCK SUCCESS  :  14
20220907-113239  DC_US-STOCK , SUCCESS  :  88
20220907-114557  DC_GLOBAL-STOCK SUCCESS  :  8
20220907-120330  DC_US-STOCK , SUCCESS  :  131
20220907-121551  DC_GLOBAL-STOCK SUCCESS  :  4
20220907-123356  DC_US-STOCK , SUCCESS  :  144
20220907-124605  DC_GLOBAL-STOCK SUCCESS  :  15
20220907-130325  DC_US-STOCK , SUCCESS  :  125
20220907-131601  DC_GLOBAL-STOCK SUCCESS  :  11
20220907-133254  DC_US-STOCK , SUCCESS  :  103
20220907-134559  DC_GLOBAL-STOCK SUCCESS  :  8
20220907-140308  DC_US-STOCK , SUCCESS  :  113
20220907-141555  DC_GLOBAL-STOCK SUCCESS  :  7
20220907-143340  DC_US-STOCK , SUCCESS  :  131
20220907-144554  DC_GLOBAL-STOCK SUCCESS  :  10
20220907-150257  DC_US-STOCK , SUCCESS  :  100
20220907-151559  DC_GLOBAL-STOCK SUCCESS  :  10
20220907-153220  DC_US-STOCK , SUCCESS  :  71
20220907-154609  DC_GLOBAL-STOCK SUCCESS  :  15
20220907-160241  DC_US-STOCK , SUCCESS  :  104
20220907-161558  DC_GLOBAL-STOCK SUCCESS  :  14
20220907-163229  DC_US-STOCK , SUCCESS  :  96
20220907-164604  DC_GLOBAL-STOCK SUCCESS  :  21
20220907-170255  DC_US-STOCK , SUCCESS  :  123
20220907-171633  DC_GLOBAL-STOCK SUCCESS  :  46
20220907-173342  DC_US-STOCK , SUCCESS  :  162
20220907-174653  DC_GLOBAL-STOCK SUCCESS  :  65
20220907-180241  DC_US-STOCK , SUCCESS  :  105
20220907-181652  DC_GLOBAL-STOCK SUCCESS  :  64
20220907-183321  DC_US-STOCK , SUCCESS  :  129
20220907-184645  DC_GLOBAL-STOCK SUCCESS  :  55
20220907-190244  DC_US-STOCK , SUCCESS  :  110
20220907-191633  DC_GLOBAL-STOCK SUCCESS  :  49
20220907-193244  DC_US-STOCK , SUCCESS  :  112
20220907-194633  DC_GLOBAL-STOCK SUCCESS  :  45
20220907-200348  DC_US-STOCK , SUCCESS  :  167
20220907-201625  DC_GLOBAL-STOCK SUCCESS  :  33
20220907-203329  DC_US-STOCK , SUCCESS  :  141
20220907-210409  DC_GLOBAL-STOCK SUCCESS  :  58
20220913-093201  DC_US-STOCK , SUCCESS  :  71
20220913-093246  DC_GLOBAL-STOCK SUCCESS  :  890
20220913-100824  DC_US-STOCK , SUCCESS  :  418
20220913-100911  DC_GLOBAL-STOCK SUCCESS  :  1214
20220913-110213  DC_US-STOCK , SUCCESS  :  79
20220913-110257  DC_GLOBAL-STOCK SUCCESS  :  818
20220913-113339  DC_US-STOCK , SUCCESS  :  157
20220913-113424  DC_GLOBAL-STOCK SUCCESS  :  973
20220913-120324  DC_US-STOCK , SUCCESS  :  149
20220913-120403  DC_GLOBAL-STOCK SUCCESS  :  843
20220913-121539  DC_GLOBAL-STOCK  NO DATA TO UPDATE
20220913-123040  DC_US-STOCK , NO DATA TO UPDATE
20220913-130519  DC_US-STOCK , SUCCESS  :  243
20220913-130601  DC_GLOBAL-STOCK SUCCESS  :  973
20220913-132914  DC_GLOBAL-STOCK SUCCESS  :  717
20220913-134551  DC_GLOBAL-STOCK SUCCESS  :  10
20220913-134650  DC_US-STOCK , SUCCESS  :  825
20220913-141549  DC_GLOBAL-STOCK SUCCESS  :  8
20220913-141644  DC_US-STOCK , SUCCESS  :  798
20220913-143039  DC_US-STOCK , NO DATA TO UPDATE
20220913-144541  DC_GLOBAL-STOCK  NO DATA TO UPDATE
20220913-151544  DC_GLOBAL-STOCK SUCCESS  :  3
20220913-151633  DC_US-STOCK , SUCCESS  :  814
20220913-154623  DC_GLOBAL-STOCK SUCCESS  :  34
20220913-160640  DC_US-STOCK , SUCCESS  :  273
20220913-160812  DC_US-STOCK , SUCCESS  :  1777
20220913-161554  DC_GLOBAL-STOCK SUCCESS  :  12
20220913-164514  DC_US-STOCK , SUCCESS  :  728
20220913-164539  DC_GLOBAL-STOCK  NO DATA TO UPDATE
20220913-171629  DC_GLOBAL-STOCK SUCCESS  :  39
20220913-174700  DC_GLOBAL-STOCK SUCCESS  :  67
20220913-174803  DC_US-STOCK , SUCCESS  :  902
20220913-174944  DC_US-STOCK , SUCCESS  :  2557
20220913-181634  DC_GLOBAL-STOCK SUCCESS  :  51
20220913-181740  DC_US-STOCK , SUCCESS  :  887
20220913-183040  DC_US-STOCK , NO DATA TO UPDATE
20220913-184540  DC_GLOBAL-STOCK  NO DATA TO UPDATE
20220913-191730  DC_GLOBAL-STOCK SUCCESS  :  98
20220913-191841  DC_US-STOCK , SUCCESS  :  936
20220913-194643  DC_GLOBAL-STOCK SUCCESS  :  56
20220913-201102  DC_US-STOCK , SUCCESS  :  505
20220913-201244  DC_US-STOCK , SUCCESS  :  2138
20220913-201652  DC_GLOBAL-STOCK SUCCESS  :  56
20220913-204656  DC_GLOBAL-STOCK SUCCESS  :  63
20220913-211656  DC_GLOBAL-STOCK SUCCESS  :  66
20220913-211758  DC_US-STOCK , SUCCESS  :  861
20220913-211939  DC_US-STOCK , SUCCESS  :  2493
20220913-214742  DC_GLOBAL-STOCK SUCCESS  :  97
20220913-220531  DC_US-STOCK , SUCCESS  :  248
20220913-220708  DC_US-STOCK , SUCCESS  :  1778
20220913-221740  DC_GLOBAL-STOCK SUCCESS  :  106
20220913-224737  DC_GLOBAL-STOCK SUCCESS  :  98
20220913-224852  DC_US-STOCK , SUCCESS  :  859
20220913-231815  DC_GLOBAL-STOCK SUCCESS  :  120
20220913-231918  DC_US-STOCK , SUCCESS  :  871
20220913-234744  DC_GLOBAL-STOCK SUCCESS  :  101
20220913-234830  DC_US-STOCK , SUCCESS  :  859
20220914-000046  DC_US-STOCK , NO DATA TO UPDATE
20220914-001539  DC_GLOBAL-STOCK  NO DATA TO UPDATE
20220914-004740  DC_GLOBAL-STOCK SUCCESS  :  102
20220914-004828  DC_US-STOCK , SUCCESS  :  875
20220914-011833  DC_GLOBAL-STOCK SUCCESS  :  157
20220914-011923  DC_US-STOCK , SUCCESS  :  936
20220914-014845  DC_GLOBAL-STOCK SUCCESS  :  164
20220914-014933  DC_US-STOCK , SUCCESS  :  992
20220914-021856  DC_GLOBAL-STOCK SUCCESS  :  177
20220914-023636  DC_US-STOCK , SUCCESS  :  302
20220914-023811  DC_US-STOCK , SUCCESS  :  2002
20220914-024637  DC_GLOBAL-STOCK SUCCESS  :  52
20220914-031616  DC_GLOBAL-STOCK SUCCESS  :  31
20220914-031751  DC_US-STOCK , SUCCESS  :  828
20220914-034636  DC_GLOBAL-STOCK SUCCESS  :  47
20220914-040138  DC_US-STOCK , SUCCESS  :  33
20220914-040316  DC_US-STOCK , SUCCESS  :  1728
20220914-041611  DC_GLOBAL-STOCK SUCCESS  :  28
20220914-044555  DC_GLOBAL-STOCK SUCCESS  :  15
20220914-044652  DC_US-STOCK , SUCCESS  :  881
20220914-051607  DC_GLOBAL-STOCK SUCCESS  :  25
20220914-054600  DC_GLOBAL-STOCK SUCCESS  :  18
20220914-054652  DC_US-STOCK , SUCCESS  :  861
20220914-054835  DC_US-STOCK , SUCCESS  :  2633
20220914-061556  DC_GLOBAL-STOCK SUCCESS  :  14
20220914-063234  DC_US-STOCK , SUCCESS  :  107
20220914-063428  DC_US-STOCK , SUCCESS  :  1889
20220914-064604  DC_GLOBAL-STOCK SUCCESS  :  20
20220914-071548  DC_GLOBAL-STOCK SUCCESS  :  5
20220914-073805  DC_US-STOCK , SUCCESS  :  402
20220914-073951  DC_US-STOCK , SUCCESS  :  2173
20220914-074547  DC_GLOBAL-STOCK SUCCESS  :  6
20220914-081607  DC_GLOBAL-STOCK SUCCESS  :  21
20220914-083407  DC_US-STOCK , SUCCESS  :  184
20220914-083554  DC_US-STOCK , SUCCESS  :  1969
20220914-084555  DC_GLOBAL-STOCK SUCCESS  :  13
20220914-090724  DC_US-STOCK , SUCCESS  :  374
20220914-091547  DC_GLOBAL-STOCK SUCCESS  :  6
20220914-093339  DC_US-STOCK , SUCCESS  :  143
20220914-094605  DC_GLOBAL-STOCK SUCCESS  :  12
20220914-151646  DC_GLOBAL-STOCK SUCCESS  :  43
20220914-151730  DC_US-STOCK , SUCCESS  :  807
20220914-154700  DC_GLOBAL-STOCK SUCCESS  :  38
20220914-154717  DC_US-STOCK , SUCCESS  :  800
20220914-160151  DC_US-STOCK , SUCCESS  :  3
20220914-161546  DC_GLOBAL-STOCK  NO DATA TO UPDATE
20220914-163729  DC_US-STOCK , SUCCESS  :  330
20220914-164632  DC_GLOBAL-STOCK SUCCESS  :  43
20220914-170328  DC_US-STOCK , SUCCESS  :  143
20220914-171620  DC_GLOBAL-STOCK SUCCESS  :  26
20220914-173633  DC_US-STOCK , SUCCESS  :  287
20220914-174742  DC_GLOBAL-STOCK SUCCESS  :  90
20220914-180506  DC_US-STOCK , SUCCESS  :  239
20220914-181646  DC_GLOBAL-STOCK SUCCESS  :  59
20220914-183354  DC_US-STOCK , SUCCESS  :  149
20220914-184644  DC_GLOBAL-STOCK SUCCESS  :  39
20220914-190347  DC_US-STOCK , SUCCESS  :  143
20220914-191656  DC_GLOBAL-STOCK SUCCESS  :  60
20220914-193353  DC_US-STOCK , SUCCESS  :  167
20220914-194726  DC_GLOBAL-STOCK SUCCESS  :  77
20220914-200340  DC_US-STOCK , SUCCESS  :  155
20220922-092044  DC_GLOBAL-STOCK SUCCESS  :  234
20220922-092137  DC_US-STOCK , SUCCESS  :  1046
20220922-095129  DC_GLOBAL-STOCK SUCCESS  :  304
20220922-095221  DC_US-STOCK , SUCCESS  :  1089
20220922-102923  DC_GLOBAL-STOCK SUCCESS  :  677
20220922-103014  DC_US-STOCK , SUCCESS  :  1490
20220922-103039  DC_US-STOCK , NO DATA TO UPDATE
20220922-110430  DC_US-STOCK , SUCCESS  :  194
20220922-110519  DC_GLOBAL-STOCK SUCCESS  :  998
20220922-114031  DC_US-STOCK , SUCCESS  :  508
20220922-114113  DC_GLOBAL-STOCK SUCCESS  :  1245
20220922-121704  DC_GLOBAL-STOCK SUCCESS  :  56
20220922-121752  DC_US-STOCK , SUCCESS  :  860
20220922-121835  DC_GLOBAL-STOCK SUCCESS  :  1637
20220922-130701  DC_US-STOCK , SUCCESS  :  293
20220922-130750  DC_GLOBAL-STOCK SUCCESS  :  1056
20220922-130829  DC_US-STOCK , SUCCESS  :  1750
20220922-133256  DC_US-STOCK , SUCCESS  :  107
20220922-133342  DC_GLOBAL-STOCK SUCCESS  :  895
20220922-134545  DC_GLOBAL-STOCK  NO DATA TO UPDATE
20220922-140047  DC_US-STOCK , NO DATA TO UPDATE
20220922-144722  DC_GLOBAL-STOCK SUCCESS  :  83
20220922-144857  DC_GLOBAL-STOCK SUCCESS  :  1562
20220922-155625  DC_GLOBAL-STOCK SUCCESS  :  515
20220922-155730  DC_GLOBAL-STOCK SUCCESS  :  1583
20220922-164758  DC_GLOBAL-STOCK SUCCESS  :  99
20220922-164930  DC_GLOBAL-STOCK SUCCESS  :  1623
20220922-174604  DC_GLOBAL-STOCK SUCCESS  :  10
20220922-174736  DC_GLOBAL-STOCK SUCCESS  :  1500
20220922-181714  DC_GLOBAL-STOCK SUCCESS  :  82
20220922-184642  DC_GLOBAL-STOCK SUCCESS  :  42
20220922-191635  DC_GLOBAL-STOCK SUCCESS  :  47
20220922-194646  DC_GLOBAL-STOCK SUCCESS  :  55
20220922-201720  DC_GLOBAL-STOCK SUCCESS  :  92
20220922-204821  DC_GLOBAL-STOCK SUCCESS  :  133
20220922-211719  DC_GLOBAL-STOCK SUCCESS  :  78
20220922-214703  DC_GLOBAL-STOCK SUCCESS  :  69
20220922-221711  DC_GLOBAL-STOCK SUCCESS  :  71
20220922-224737  DC_GLOBAL-STOCK SUCCESS  :  96
20220922-231749  DC_GLOBAL-STOCK SUCCESS  :  111
20220922-234728  DC_GLOBAL-STOCK SUCCESS  :  88
20220923-001750  DC_GLOBAL-STOCK SUCCESS  :  109
20220923-004659  DC_GLOBAL-STOCK SUCCESS  :  70
20220923-011716  DC_GLOBAL-STOCK SUCCESS  :  83
20220923-014713  DC_GLOBAL-STOCK SUCCESS  :  80
20220923-021719  DC_GLOBAL-STOCK SUCCESS  :  88
20220923-024702  DC_GLOBAL-STOCK SUCCESS  :  67
20220923-031740  DC_GLOBAL-STOCK SUCCESS  :  100
20220923-034641  DC_GLOBAL-STOCK SUCCESS  :  46
20220923-041613  DC_GLOBAL-STOCK SUCCESS  :  21
20220923-044622  DC_GLOBAL-STOCK SUCCESS  :  28
20220923-051608  DC_GLOBAL-STOCK SUCCESS  :  24
20220923-054601  DC_GLOBAL-STOCK SUCCESS  :  12
20220923-061553  DC_GLOBAL-STOCK SUCCESS  :  10
20220923-064557  DC_GLOBAL-STOCK SUCCESS  :  8
20220923-071558  DC_GLOBAL-STOCK SUCCESS  :  14
20220923-074613  DC_GLOBAL-STOCK SUCCESS  :  20
20220923-081604  DC_GLOBAL-STOCK SUCCESS  :  14
20220923-084602  DC_GLOBAL-STOCK SUCCESS  :  12
20220923-091602  DC_GLOBAL-STOCK SUCCESS  :  12
20220923-094557  DC_GLOBAL-STOCK SUCCESS  :  8
20220923-101555  DC_GLOBAL-STOCK SUCCESS  :  11
20220923-104604  DC_GLOBAL-STOCK SUCCESS  :  10
20220923-111612  DC_GLOBAL-STOCK SUCCESS  :  17
20220923-115329  DC_GLOBAL-STOCK SUCCESS  :  13
20220923-121646  DC_GLOBAL-STOCK SUCCESS  :  6
20220926-102539  DC_GLOBAL-STOCK SUCCESS  :  499
20220926-102641  DC_GLOBAL-STOCK SUCCESS  :  1989
20220926-104554  DC_GLOBAL-STOCK SUCCESS  :  5
20220926-111555  DC_GLOBAL-STOCK SUCCESS  :  6
20220926-114556  DC_GLOBAL-STOCK SUCCESS  :  7
20220926-121554  DC_GLOBAL-STOCK SUCCESS  :  4
20220926-124552  DC_GLOBAL-STOCK SUCCESS  :  9
20220926-131558  DC_GLOBAL-STOCK SUCCESS  :  10
20220926-134555  DC_GLOBAL-STOCK SUCCESS  :  9
20220926-141554  DC_GLOBAL-STOCK SUCCESS  :  11
20220926-144550  DC_GLOBAL-STOCK SUCCESS  :  6
20220926-151555  DC_GLOBAL-STOCK SUCCESS  :  8
20220926-154552  DC_GLOBAL-STOCK SUCCESS  :  8
20220926-161559  DC_GLOBAL-STOCK SUCCESS  :  14
20220926-164745  DC_GLOBAL-STOCK SUCCESS  :  25
20220926-171637  DC_GLOBAL-STOCK SUCCESS  :  38
20220926-174708  DC_GLOBAL-STOCK SUCCESS  :  78
20220926-181743  DC_GLOBAL-STOCK SUCCESS  :  62
20220926-184620  DC_GLOBAL-STOCK SUCCESS  :  26
20220926-191616  DC_GLOBAL-STOCK SUCCESS  :  29
20220926-194808  DC_GLOBAL-STOCK SUCCESS  :  92
20220926-201606  DC_GLOBAL-STOCK SUCCESS  :  15
20220926-204559  DC_GLOBAL-STOCK SUCCESS  :  14
20220926-212648  DC_GLOBAL-STOCK SUCCESS  :  31
20220926-214608  DC_GLOBAL-STOCK SUCCESS  :  21
20220926-221627  DC_GLOBAL-STOCK SUCCESS  :  37
20220926-224645  DC_GLOBAL-STOCK SUCCESS  :  47
20220926-231656  DC_GLOBAL-STOCK SUCCESS  :  67
20220926-234642  DC_GLOBAL-STOCK SUCCESS  :  54
20220927-001618  DC_GLOBAL-STOCK SUCCESS  :  31
20220927-004616  DC_GLOBAL-STOCK SUCCESS  :  33
20220927-011640  DC_GLOBAL-STOCK SUCCESS  :  44
20220927-014615  DC_GLOBAL-STOCK SUCCESS  :  23
20220927-021619  DC_GLOBAL-STOCK SUCCESS  :  36
20220927-024609  DC_GLOBAL-STOCK SUCCESS  :  19
20220927-031610  DC_GLOBAL-STOCK SUCCESS  :  18
20220927-034602  DC_GLOBAL-STOCK SUCCESS  :  11
20220927-041552  DC_GLOBAL-STOCK SUCCESS  :  5
20220927-044556  DC_GLOBAL-STOCK SUCCESS  :  8
20220927-051544  DC_GLOBAL-STOCK SUCCESS  :  4
20220927-054553  DC_GLOBAL-STOCK SUCCESS  :  9
20220927-061542  DC_GLOBAL-STOCK SUCCESS  :  1
20220927-064544  DC_GLOBAL-STOCK SUCCESS  :  3
20220927-071542  DC_GLOBAL-STOCK SUCCESS  :  1
20220927-074555  DC_GLOBAL-STOCK SUCCESS  :  6
20220927-081550  DC_GLOBAL-STOCK SUCCESS  :  7
20220927-084547  DC_GLOBAL-STOCK SUCCESS  :  5
20220927-091546  DC_GLOBAL-STOCK SUCCESS  :  2
20220927-094601  DC_GLOBAL-STOCK SUCCESS  :  4
20220927-101558  DC_GLOBAL-STOCK SUCCESS  :  8
20220927-134626  DC_GLOBAL-STOCK SUCCESS  :  27
20220927-141545  DC_GLOBAL-STOCK SUCCESS  :  3
20220927-144553  DC_GLOBAL-STOCK SUCCESS  :  5
20220927-151552  DC_GLOBAL-STOCK SUCCESS  :  7
20220927-154554  DC_GLOBAL-STOCK SUCCESS  :  6
20220927-161552  DC_GLOBAL-STOCK SUCCESS  :  5
20220927-164558  DC_GLOBAL-STOCK SUCCESS  :  7
20220927-171606  DC_GLOBAL-STOCK SUCCESS  :  23
20220927-174618  DC_GLOBAL-STOCK SUCCESS  :  24
20220927-181605  DC_GLOBAL-STOCK SUCCESS  :  16
20220927-184601  DC_GLOBAL-STOCK SUCCESS  :  12
20220927-191607  DC_GLOBAL-STOCK SUCCESS  :  24
20220927-194648  DC_GLOBAL-STOCK SUCCESS  :  45
20220927-201634  DC_GLOBAL-STOCK SUCCESS  :  45
20220927-204621  DC_GLOBAL-STOCK SUCCESS  :  25
20220927-211616  DC_GLOBAL-STOCK SUCCESS  :  23
20220927-214557  DC_GLOBAL-STOCK SUCCESS  :  13
20220927-221616  DC_GLOBAL-STOCK SUCCESS  :  28
20220927-224629  DC_GLOBAL-STOCK SUCCESS  :  39
20220927-231714  DC_GLOBAL-STOCK SUCCESS  :  82
20220927-234645  DC_GLOBAL-STOCK SUCCESS  :  51
20220928-001612  DC_GLOBAL-STOCK SUCCESS  :  26
20220928-004610  DC_GLOBAL-STOCK SUCCESS  :  27
20220928-012034  DC_GLOBAL-STOCK SUCCESS  :  34
20220928-014551  DC_GLOBAL-STOCK SUCCESS  :  10
20220928-021546  DC_GLOBAL-STOCK SUCCESS  :  5
20220928-024601  DC_GLOBAL-STOCK SUCCESS  :  11
20220928-031601  DC_GLOBAL-STOCK SUCCESS  :  13
20220928-034600  DC_GLOBAL-STOCK SUCCESS  :  10
20220928-041555  DC_GLOBAL-STOCK SUCCESS  :  14
20220928-044603  DC_GLOBAL-STOCK SUCCESS  :  15
20220928-051601  DC_GLOBAL-STOCK SUCCESS  :  13
20220928-054617  DC_GLOBAL-STOCK SUCCESS  :  24
20220928-061606  DC_GLOBAL-STOCK SUCCESS  :  25
20220928-064558  DC_GLOBAL-STOCK SUCCESS  :  14
20220928-071541  DC_GLOBAL-STOCK SUCCESS  :  1
20220928-074545  DC_GLOBAL-STOCK SUCCESS  :  3
20220928-081545  DC_GLOBAL-STOCK SUCCESS  :  4
20220928-084555  DC_GLOBAL-STOCK SUCCESS  :  7
20220928-091601  DC_GLOBAL-STOCK SUCCESS  :  12
20220928-094556  DC_GLOBAL-STOCK SUCCESS  :  6
20220928-101553  DC_GLOBAL-STOCK SUCCESS  :  10
20220928-104554  DC_GLOBAL-STOCK SUCCESS  :  6
20220928-111551  DC_GLOBAL-STOCK SUCCESS  :  9
20220928-114558  DC_GLOBAL-STOCK SUCCESS  :  9
20220928-121547  DC_GLOBAL-STOCK SUCCESS  :  6
20220928-124546  DC_GLOBAL-STOCK SUCCESS  :  6
20220928-131554  DC_GLOBAL-STOCK SUCCESS  :  12
20220928-134554  DC_GLOBAL-STOCK SUCCESS  :  10
20220928-141550  DC_GLOBAL-STOCK SUCCESS  :  8
20220928-144556  DC_GLOBAL-STOCK SUCCESS  :  7
20220928-151553  DC_GLOBAL-STOCK SUCCESS  :  6
20220928-154602  DC_GLOBAL-STOCK SUCCESS  :  10
20220928-161546  DC_GLOBAL-STOCK SUCCESS  :  3
20220928-170720  DC_GLOBAL-STOCK SUCCESS  :  31
20220928-171557  DC_GLOBAL-STOCK SUCCESS  :  12
Traceback (most recent call last):
  File "/home/lsi8505/anaconda3/lib/python3.9/site-packages/urllib3/connection.py", line 174, in _new_conn
    conn = connection.create_connection(
  File "/home/lsi8505/anaconda3/lib/python3.9/site-packages/urllib3/util/connection.py", line 72, in create_connection
    for res in socket.getaddrinfo(host, port, family, socket.SOCK_STREAM):
  File "/home/lsi8505/anaconda3/lib/python3.9/socket.py", line 954, in getaddrinfo
    for res in _socket.getaddrinfo(host, port, family, type, proto, flags):
socket.gaierror: [Errno -3] Temporary failure in name resolution

During handling of the above exception, another exception occurred:

Traceback (most recent call last):
  File "/home/lsi8505/anaconda3/lib/python3.9/site-packages/urllib3/connectionpool.py", line 703, in urlopen
    httplib_response = self._make_request(
  File "/home/lsi8505/anaconda3/lib/python3.9/site-packages/urllib3/connectionpool.py", line 386, in _make_request
    self._validate_conn(conn)
  File "/home/lsi8505/anaconda3/lib/python3.9/site-packages/urllib3/connectionpool.py", line 1040, in _validate_conn
    conn.connect()
  File "/home/lsi8505/anaconda3/lib/python3.9/site-packages/urllib3/connection.py", line 358, in connect
    self.sock = conn = self._new_conn()
  File "/home/lsi8505/anaconda3/lib/python3.9/site-packages/urllib3/connection.py", line 186, in _new_conn
    raise NewConnectionError(
urllib3.exceptions.NewConnectionError: <urllib3.connection.HTTPSConnection object at 0x7ff384ffad00>: Failed to establish a new connection: [Errno -3] Temporary failure in name resolution

During handling of the above exception, another exception occurred:

Traceback (most recent call last):
  File "/home/lsi8505/anaconda3/lib/python3.9/site-packages/requests/adapters.py", line 440, in send
    resp = conn.urlopen(
  File "/home/lsi8505/anaconda3/lib/python3.9/site-packages/urllib3/connectionpool.py", line 785, in urlopen
    retries = retries.increment(
  File "/home/lsi8505/anaconda3/lib/python3.9/site-packages/urllib3/util/retry.py", line 592, in increment
    raise MaxRetryError(_pool, url, error or ResponseError(cause))
urllib3.exceptions.MaxRetryError: HTTPSConnectionPool(host='naveropenapi.apigw.ntruss.com', port=443): Max retries exceeded with url: /sentiment-analysis/v1/analyze (Caused by NewConnectionError('<urllib3.connection.HTTPSConnection object at 0x7ff384ffad00>: Failed to establish a new connection: [Errno -3] Temporary failure in name resolution'))

During handling of the above exception, another exception occurred:

Traceback (most recent call last):
  File "/home/lsi8505/miraeasset/crawling/src/DC_globalstock.py", line 146, in <module>
    df_.loc[i,"POSITIVITY"] = get_sentiment(df_.loc[i,"TITLE"])
  File "/home/lsi8505/miraeasset/crawling/src/DC_globalstock.py", line 36, in get_sentiment
    response = requests.post(url, data=json.dumps(data), headers=headers)
  File "/home/lsi8505/anaconda3/lib/python3.9/site-packages/requests/api.py", line 117, in post
    return request('post', url, data=data, json=json, **kwargs)
  File "/home/lsi8505/anaconda3/lib/python3.9/site-packages/requests/api.py", line 61, in request
    return session.request(method=method, url=url, **kwargs)
  File "/home/lsi8505/anaconda3/lib/python3.9/site-packages/requests/sessions.py", line 529, in request
    resp = self.send(prep, **send_kwargs)
  File "/home/lsi8505/anaconda3/lib/python3.9/site-packages/requests/sessions.py", line 645, in send
    r = adapter.send(request, **kwargs)
  File "/home/lsi8505/anaconda3/lib/python3.9/site-packages/requests/adapters.py", line 519, in send
    raise ConnectionError(e, request=request)
requests.exceptions.ConnectionError: HTTPSConnectionPool(host='naveropenapi.apigw.ntruss.com', port=443): Max retries exceeded with url: /sentiment-analysis/v1/analyze (Caused by NewConnectionError('<urllib3.connection.HTTPSConnection object at 0x7ff384ffad00>: Failed to establish a new connection: [Errno -3] Temporary failure in name resolution'))
20220928-181539  DC_GLOBAL-STOCK  NO DATA TO UPDATE
20220928-184539  DC_GLOBAL-STOCK  NO DATA TO UPDATE
20220928-191539  DC_GLOBAL-STOCK  NO DATA TO UPDATE
20220928-194539  DC_GLOBAL-STOCK  NO DATA TO UPDATE
20220928-201539  DC_GLOBAL-STOCK  NO DATA TO UPDATE
20220928-210935  DC_GLOBAL-STOCK  NO DATA TO UPDATE
20220928-211538  DC_GLOBAL-STOCK  NO DATA TO UPDATE
20220928-214540  DC_GLOBAL-STOCK  NO DATA TO UPDATE
20220928-224656  DC_GLOBAL-STOCK  NO DATA TO UPDATE
20220929-113440  DC_GLOBAL-STOCK SUCCESS  :  963
20220929-114609  DC_GLOBAL-STOCK SUCCESS  :  15
20220929-121625  DC_GLOBAL-STOCK SUCCESS  :  40
20220929-124621  DC_GLOBAL-STOCK SUCCESS  :  29
20220929-131622  DC_GLOBAL-STOCK SUCCESS  :  26
20220929-134604  DC_GLOBAL-STOCK SUCCESS  :  11
20220929-141549  DC_GLOBAL-STOCK SUCCESS  :  7
20220929-144623  DC_GLOBAL-STOCK SUCCESS  :  29
20220929-151609  DC_GLOBAL-STOCK SUCCESS  :  23
20220929-154709  DC_GLOBAL-STOCK SUCCESS  :  18
20220929-161607  DC_GLOBAL-STOCK SUCCESS  :  19
