SPECIAL CHARACTER IN TITLE
20220930-083628  SUCCESS  :  68
20220930-090601  SUCCESS  :  50
20220930-093624  SUCCESS  :  39
20220930-100604  SUCCESS  :  12
20220930-103607  NO DATA TO UPDATE
20220930-110630  SUCCESS  :  12
20220930-113628  SUCCESS  :  4
20220930-120605  SUCCESS  :  8
20220930-123608  SUCCESS  :  6
20220930-130626  SUCCESS  :  4
20220930-140605  SUCCESS  :  7
20220930-143628  SUCCESS  :  4
20220930-150607  SUCCESS  :  2
20220930-153635  SUCCESS  :  5
20220930-160612  SUCCESS  :  9
20220930-163610  SUCCESS  :  9
20220930-170612  SUCCESS  :  17
20220930-173608  SUCCESS  :  17
20220930-180633  SUCCESS  :  33
20220930-183607  SUCCESS  :  50
20220930-190609  SUCCESS  :  42
20220930-193612  SUCCESS  :  43
20220930-200631  SUCCESS  :  41
20220930-203610  SUCCESS  :  21
20220930-210611  SUCCESS  :  24
20220930-213610  SUCCESS  :  16
20220930-220636  SUCCESS  :  25
20220930-223611  SUCCESS  :  13
20220930-230607  SUCCESS  :  12
SPECIAL CHARACTER IN TITLE
20220930-233636  SUCCESS  :  9
20220930-150634  SUCCESS  :  15
20220930-153611  SUCCESS  :  18
20220930-160603  SUCCESS  :  20
20220930-163604  SUCCESS  :  13
20220930-170609  SUCCESS  :  20
20220930-173601  SUCCESS  :  13
SPECIAL CHARACTER IN TITLE
20220930-180630  SUCCESS  :  7
20220930-183603  SUCCESS  :  17
20220930-190604  SUCCESS  :  8
20220930-193608  SUCCESS  :  19
20220930-200604  SUCCESS  :  9
20220930-203632  SUCCESS  :  11
20220930-210604  SUCCESS  :  10
20220930-213608  SUCCESS  :  21
20220930-220604  SUCCESS  :  16
20220930-223605  SUCCESS  :  16
20220930-230605  SUCCESS  :  22
SPECIAL CHARACTER IN TITLE
20220930-233605  SUCCESS  :  10
20221001-000604  SUCCESS  :  50
20221001-003603  SUCCESS  :  4
20221001-010604  SUCCESS  :  8
20221001-013626  SUCCESS  :  7
20221001-020603  SUCCESS  :  2
20221001-023602  SUCCESS  :  1
SPECIAL CHARACTER IN TITLE
20221001-030620  SUCCESS  :  1
20221001-033558  SUCCESS  :  3
20221001-040604  NO DATA TO UPDATE
20221001-043618  SUCCESS  :  1
20221001-050602  SUCCESS  :  5
20221001-053603  SUCCESS  :  1
20221001-060625  SUCCESS  :  2
20221001-063603  SUCCESS  :  3
20221001-070605  SUCCESS  :  4
20221001-073602  SUCCESS  :  4
20221001-080602  SUCCESS  :  6
20221001-083601  SUCCESS  :  11
20221001-090630  SUCCESS  :  9
20221001-093604  SUCCESS  :  13
20221001-100602  SUCCESS  :  12
20221001-103816  SUCCESS  :  17
20221001-110816  SUCCESS  :  18
20221001-113814  SUCCESS  :  19
20221001-120603  SUCCESS  :  20
20221001-123602  SUCCESS  :  6
20221001-130602  SUCCESS  :  8
20221001-133602  SUCCESS  :  3
20221001-140600  SUCCESS  :  10
20221001-143627  SUCCESS  :  5
20221001-150628  NO DATA TO UPDATE
20221001-153605  SUCCESS  :  8
20221001-160604  SUCCESS  :  5
20221001-163608  SUCCESS  :  6
20221001-170606  SUCCESS  :  13
20221001-173605  SUCCESS  :  9
20221001-180624  SUCCESS  :  4
20221001-183604  SUCCESS  :  8
20221001-190606  SUCCESS  :  7
20221001-193603  SUCCESS  :  5
20221001-200610  SUCCESS  :  5
20221001-203608  SUCCESS  :  9
20221001-210605  SUCCESS  :  4
20221001-213604  SUCCESS  :  6
20221001-220604  SUCCESS  :  7
20221001-223605  SUCCESS  :  9
SPECIAL CHARACTER IN TITLE
SPECIAL CHARACTER IN TITLE
20221001-230631  SUCCESS  :  6
20221001-233609  SUCCESS  :  9
20221002-000605  SUCCESS  :  49
20221002-003605  SUCCESS  :  3
20221002-010626  SUCCESS  :  3
20221002-013602  SUCCESS  :  2
20221002-020602  SUCCESS  :  1
20221002-023601  NO DATA TO UPDATE
20221002-030600  NO DATA TO UPDATE
20221002-033605  SUCCESS  :  2
20221002-040606  NO DATA TO UPDATE
20221002-043623  NO DATA TO UPDATE
20221002-050604  SUCCESS  :  1
20221002-053606  SUCCESS  :  1
20221002-060606  NO DATA TO UPDATE
20221002-063601  NO DATA TO UPDATE
20221002-070607  NO DATA TO UPDATE
20221002-073606  NO DATA TO UPDATE
20221002-080601  SUCCESS  :  1
20221002-083601  SUCCESS  :  1
20221002-090605  SUCCESS  :  4
20221002-093603  SUCCESS  :  4
20221002-100605  SUCCESS  :  6
20221002-103607  SUCCESS  :  5
20221002-110610  SUCCESS  :  15
20221002-113603  SUCCESS  :  12
20221002-120602  SUCCESS  :  8
20221002-123602  SUCCESS  :  11
20221002-130604  SUCCESS  :  5
20221002-133607  SUCCESS  :  2
20221002-140607  SUCCESS  :  4
20221002-143613  SUCCESS  :  5
20221002-150612  SUCCESS  :  4
20221002-153606  SUCCESS  :  8
20221002-160633  SUCCESS  :  7
20221002-163607  SUCCESS  :  4
20221002-170604  SUCCESS  :  6
20221002-173606  SUCCESS  :  5
20221002-180608  SUCCESS  :  4
20221002-183607  SUCCESS  :  6
20221002-190629  SUCCESS  :  4
20221002-193607  SUCCESS  :  4
20221002-200607  SUCCESS  :  3
20221002-203608  SUCCESS  :  9
20221002-210606  SUCCESS  :  5
20221002-213608  SUCCESS  :  7
20221002-220609  SUCCESS  :  11
20221002-223609  SUCCESS  :  4
20221002-230609  SUCCESS  :  4
20221002-233609  SUCCESS  :  8
20221003-000610  SUCCESS  :  50
20221003-003608  SUCCESS  :  4
20221003-010607  SUCCESS  :  1
20221003-013610  SUCCESS  :  7
20221003-020609  SUCCESS  :  2
20221003-023606  SUCCESS  :  1
20221003-030628  SUCCESS  :  1
20221003-033602  NO DATA TO UPDATE
20221003-040604  NO DATA TO UPDATE
20221003-043605  NO DATA TO UPDATE
20221003-050605  SUCCESS  :  2
20221003-053602  NO DATA TO UPDATE
20221003-060607  NO DATA TO UPDATE
20221003-063610  SUCCESS  :  1
20221003-070609  SUCCESS  :  1
20221003-073606  SUCCESS  :  2
20221003-080605  NO DATA TO UPDATE
20221003-083605  SUCCESS  :  8
20221003-090602  SUCCESS  :  7
20221003-093603  SUCCESS  :  11
20221003-100602  SUCCESS  :  8
20221003-103603  SUCCESS  :  5
20221003-110604  SUCCESS  :  9
SPECIAL CHARACTER IN TITLE
20221003-113604  SUCCESS  :  13
SPECIAL CHARACTER IN TITLE
20221003-120603  SUCCESS  :  11
20221003-123603  SUCCESS  :  10
20221003-130605  SUCCESS  :  7
20221003-133603  SUCCESS  :  3
20221003-140629  SUCCESS  :  15
20221003-143629  SUCCESS  :  5
20221003-150605  SUCCESS  :  7
20221003-153603  SUCCESS  :  11
20221003-160602  SUCCESS  :  7
20221003-163602  SUCCESS  :  2
20221003-170603  SUCCESS  :  19
20221003-173603  SUCCESS  :  25
20221003-180603  SUCCESS  :  17
20221003-183603  SUCCESS  :  14
20221003-190602  SUCCESS  :  10
20221003-193559  SUCCESS  :  6
20221003-200604  SUCCESS  :  12
20221003-203604  SUCCESS  :  19
20221003-210603  SUCCESS  :  16
20221003-213601  SUCCESS  :  10
20221003-220603  SUCCESS  :  13
20221003-223603  SUCCESS  :  220221018-162435  SUCCESS  :  6
20221018-163603  SUCCESS  :  6
SPECIAL CHARACTER IN TITLE
20221018-170602  SUCCESS  :  15
20221018-173600  SUCCESS  :  13
20221018-180559  SUCCESS  :  12
20221018-183600  SUCCESS  :  10
20221018-190600  SUCCESS  :  12
20221018-193600  SUCCESS  :  8
20221018-200602  SUCCESS  :  6
20221018-203603  SUCCESS  :  13
20221018-210600  SUCCESS  :  22
20221018-213558  SUCCESS  :  20
20221018-220622  SUCCESS  :  32
20221018-223620  SUCCESS  :  22
20221018-230619  SUCCESS  :  35
20221018-233558  SUCCESS  :  15
20221019-000618  SUCCESS  :  70
20221019-003617  SUCCESS  :  12
SPECIAL CHARACTER IN TITLE
20221019-010617  SUCCESS  :  11
20221019-013616  SUCCESS  :  6
20221019-020559  SUCCESS  :  4
20221019-023556  SUCCESS  :  1
20221019-030557  NO DATA TO UPDATE
20221019-033622  NO DATA TO UPDATE
20221019-040558  NO DATA TO UPDATE
20221019-043620  NO DATA TO UPDATE
20221019-050620  NO DATA TO UPDATE
20221019-053619  SUCCESS  :  1
20221019-060601  SUCCESS  :  3
20221019-063617  SUCCESS  :  6
20221019-070622  SUCCESS  :  3
20221019-073624  SUCCESS  :  8
20221019-080601  SUCCESS  :  6
20221019-083603  SUCCESS  :  5
20221019-090624  SUCCESS  :  14
20221019-093602  SUCCESS  :  19
20221019-100601  SUCCESS  :  18
20221019-103601  SUCCESS  :  19
20221019-110624  SUCCESS  :  17
20221019-113559  SUCCESS  :  16
20221019-120619  SUCCESS  :  9
20221019-123601  SUCCESS  :  10
20221019-130602  SUCCESS  :  12
20221019-133623  SUCCESS  :  12
20221019-140600  SUCCESS  :  7
20221019-143619  SUCCESS  :  6
20221019-150600  SUCCESS  :  9
20221019-153623  SUCCESS  :  7
20221019-160601  SUCCESS  :  8
20221019-163602  SUCCESS  :  7
20221019-170601  SUCCESS  :  7
20221019-173623  SUCCESS  :  12
20221019-180559  SUCCESS  :  4
20221019-183624  SUCCESS  :  6
20221019-190604  SUCCESS  :  7
20221019-193603  SUCCESS  :  6
20221019-200605  SUCCESS  :  8
20221019-203606  SUCCESS  :  6
20221019-210604  SUCCESS  :  8
20221019-213604  SUCCESS  :  11
20221019-220602  SUCCESS  :  8
20221019-223605  SUCCESS  :  21
20221019-230606  SUCCESS  :  12
20221019-233605  SUCCESS  :  10
20221020-000605  SUCCESS  :  50
20221020-003600  SUCCESS  :  12
20221020-010603  SUCCESS  :  6
20221020-013626  SUCCESS  :  3
20221020-020602  NO DATA TO UPDATE
20221020-023623  SUCCESS  :  4
20221020-030622  SUCCESS  :  1
20221020-033606  SUCCESS  :  1
20221020-040628  SUCCESS  :  1
20221020-043605  SUCCESS  :  1
20221020-050605  NO DATA TO UPDATE
20221020-053632  SUCCESS  :  5
20221020-060608  SUCCESS  :  1
20221020-063605  SUCCESS  :  2
20221020-070606  NO DATA TO UPDATE
20221020-073629  SUCCESS  :  6
20221020-080609  SUCCESS  :  15
20221020-083611  SUCCESS  :  13
20221020-090610  SUCCESS  :  10
20221020-093607  SUCCESS  :  11
20221020-100602  SUCCESS  :  15
20221020-103603  SUCCESS  :  29
20221020-110628  SUCCESS  :  12
20221020-113603  SUCCESS  :  11
20221020-120602  SUCCESS  :  10
20221020-123604  SUCCESS  :  9
20221020-130604  SUCCESS  :  14
20221020-133606  SUCCESS  :  15
20221020-140603  SUCCESS  :  9
20221020-143627  SUCCESS  :  16
20221020-150606  SUCCESS  :  9
20221020-153604  SUCCESS  :  8
20221020-160604  SUCCESS  :  14
20221020-163628  SUCCESS  :  6
20221020-170603  SUCCESS  :  8
20221020-173602  SUCCESS  :  11
20221020-180619  SUCCESS  :  10
20221020-183559  SUCCESS  :  8
20221020-190622  SUCCESS  :  7
20221020-193601  SUCCESS  :  13
20221020-200602  SUCCESS  :  11
20221020-203602  SUCCESS  :  4
20221020-210623  SUCCESS  :  10
20221020-213624  SUCCESS  :  8
20221020-220605  SUCCESS  :  2
20221020-223602  SUCCESS  :  18
20221020-230624  SUCCESS  :  27
20221020-233623  SUCCESS  :  18
20221021-000600  SUCCESS  :  50
20221021-003600  SUCCESS  :  2
SPECIAL CHARACTER IN TITLE
20221021-010600  SUCCESS  :  7
20221021-013600  SUCCESS  :  8
20221021-020559  SUCCESS  :  6
20221021-023558  SUCCESS  :  4
20221021-030559  NO DATA TO UPDATE
20221021-033608  SUCCESS  :  1
20221021-040606  SUCCESS  :  1
20221021-043603  NO DATA TO UPDATE
20221021-050606  SUCCESS  :  2
20221021-053606  SUCCESS  :  1
20221021-060604  SUCCESS  :  1
20221021-063606  SUCCESS  :  1
20221021-070605  SUCCESS  :  1
20221021-073605  NO DATA TO UPDATE
20221021-080605  SUCCESS  :  7
20221021-083606  SUCCESS  :  11
20221021-090608  SUCCESS  :  9
20221021-093605  SUCCESS  :  15
20221021-100608  SUCCESS  :  6
SPECIAL CHARACTER IN TITLE
20221021-103605  SUCCESS  :  8
20221021-110609  SUCCESS  :  11
20221021-113608  SUCCESS  :  8
20221021-120607  SUCCESS  :  11
20221021-123609  SUCCESS  :  7
20221021-130608  SUCCESS  :  11
20221021-133610  SUCCESS  :  12
20221021-140604  SUCCESS  :  15
20221021-143605  SUCCESS  :  14
20221021-150604  SUCCESS  :  9
20221021-153606  SUCCESS  :  15
20221021-160604  SUCCESS  :  19
20221021-163605  SUCCESS  :  9
20221021-170604  SUCCESS  :  17
20221021-173628  SUCCESS  :  10
20221021-180605  SUCCESS  :  11
20221021-183627  SUCCESS  :  16
20221021-190607  SUCCESS  :  17
20221021-193603  SUCCESS  :  12
20221021-200606  SUCCESS  :  13
20221021-203605  SUCCESS  :  7
20221021-210608  SUCCESS  :  5
20221021-213607  SUCCESS  :  14
20221021-220607  SUCCESS  :  14
20221021-223606  SUCCESS  :  19
20221021-230609  SUCCESS  :  23
20221021-233606  SUCCESS  :  15
20221022-000606  SUCCESS  :  50
20221022-003605  SUCCESS  :  12
20221022-010605  SUCCESS  :  15
20221022-013603  SUCCESS  :  10
20221022-020604  SUCCESS  :  9
20221022-023629  SUCCESS  :  4
20221022-030625  NO DATA TO UPDATE
20221022-033604  NO DATA TO UPDATE
20221022-040602  SUCCESS  :  5
20221022-043601  SUCCESS  :  1
20221022-050602  SUCCESS  :  1
20221022-053559  SUCCESS  :  3
20221022-060603  SUCCESS  :  1
20221022-063600  SUCCESS  :  1
20221022-070603  NO DATA TO UPDATE
20221022-073601  SUCCESS  :  4
20221022-080604  SUCCESS  :  4
20221022-083603  SUCCESS  :  7
20221022-090604  SUCCESS  :  6
20221022-093604  SUCCESS  :  9
20221022-100605  SUCCESS  :  12
20221022-103603  SUCCESS  :  9
20221022-110602  SUCCESS  :  4
SPECIAL CHARACTER IN TITLE
20221022-113600  SUCCESS  :  7
20221022-120600  SUCCESS  :  9
20221022-123604  SUCCESS  :  9
20221022-130601  SUCCESS  :  7
20221022-133604  SUCCESS  :  5
20221022-140604  SUCCESS  :  13
20221022-143603  SUCCESS  :  8
20221022-150602  SUCCESS  :  6
20221022-153602  SUCCESS  :  6
20221022-160626  SUCCESS  :  6
20221022-163603  SUCCESS  :  5
20221022-170601  SUCCESS  :  8
20221022-173601  SUCCESS  :  3
20221022-180623  NO DATA TO UPDATE
20221022-183602  SUCCESS  :  4
20221022-190602  SUCCESS  :  2
20221022-193603  SUCCESS  :  2
20221022-200603  SUCCESS  :  7
20221022-203603  SUCCESS  :  6
20221022-210600  SUCCESS  :  5
20221022-213626  SUCCESS  :  5
20221022-220600  SUCCESS  :  8
20221022-223602  SUCCESS  :  9
20221022-230600  SUCCESS  :  5
20221022-233601  SUCCESS  :  5
SPECIAL CHARACTER IN TITLE
20221023-000601  SUCCESS  :  49
20221023-003600  SUCCESS  :  5
20221023-010601  SUCCESS  :  3
20221023-013601  SUCCESS  :  1
20221023-020558  SUCCESS  :  5
20221023-023601  SUCCESS  :  1
20221023-030603  SUCCESS  :  3
20221023-033603  NO DATA TO UPDATE
Traceback (most recent call last):
  File "/root/anaconda3/lib/python3.9/site-packages/urllib3/connectionpool.py", line 703, in urlopen
    httplib_response = self._make_request(
  File "/root/anaconda3/lib/python3.9/site-packages/urllib3/connectionpool.py", line 449, in _make_request
    six.raise_from(e, None)
  File "<string>", line 3, in raise_from
  File "/root/anaconda3/lib/python3.9/site-packages/urllib3/connectionpool.py", line 444, in _make_request
    httplib_response = conn.getresponse()
  File "/root/anaconda3/lib/python3.9/http/client.py", line 1377, in getresponse
    response.begin()
  File "/root/anaconda3/lib/python3.9/http/client.py", line 320, in begin
    version, status, reason = self._read_status()
  File "/root/anaconda3/lib/python3.9/http/client.py", line 281, in _read_status
    line = str(self.fp.readline(_MAXLINE + 1), "iso-8859-1")
  File "/root/anaconda3/lib/python3.9/socket.py", line 704, in readinto
    return self._sock.recv_into(b)
  File "/root/anaconda3/lib/python3.9/ssl.py", line 1241, in recv_into
    return self.read(nbytes, buffer)
  File "/root/anaconda3/lib/python3.9/ssl.py", line 1099, in read
    return self._sslobj.read(len, buffer)
ConnectionResetError: [Errno 104] Connection reset by peer

During handling of the above exception, another exception occurred:

Traceback (most recent call last):
  File "/root/anaconda3/lib/python3.9/site-packages/requests/adapters.py", line 440, in send
    resp = conn.urlopen(
  File "/root/anaconda3/lib/python3.9/site-packages/urllib3/connectionpool.py", line 785, in urlopen
    retries = retries.increment(
  File "/root/anaconda3/lib/python3.9/site-packages/urllib3/util/retry.py", line 550, in increment
    raise six.reraise(type(error), error, _stacktrace)
  File "/root/anaconda3/lib/python3.9/site-packages/urllib3/packages/six.py", line 769, in reraise
    raise value.with_traceback(tb)
  File "/root/anaconda3/lib/python3.9/site-packages/urllib3/connectionpool.py", line 703, in urlopen
    httplib_response = self._make_request(
  File "/root/anaconda3/lib/python3.9/site-packages/urllib3/connectionpool.py", line 449, in _make_request
    six.raise_from(e, None)
  File "<string>", line 3, in raise_from
  File "/root/anaconda3/lib/python3.9/site-packages/urllib3/connectionpool.py", line 444, in _make_request
    httplib_response = conn.getresponse()
  File "/root/anaconda3/lib/python3.9/http/client.py", line 1377, in getresponse
    response.begin()
  File "/root/anaconda3/lib/python3.9/http/client.py", line 320, in begin
    version, status, reason = self._read_status()
  File "/root/anaconda3/lib/python3.9/http/client.py", line 281, in _read_status
    line = str(self.fp.readline(_MAXLINE + 1), "iso-8859-1")
  File "/root/anaconda3/lib/python3.9/socket.py", line 704, in readinto
    return self._sock.recv_into(b)
  File "/root/anaconda3/lib/python3.9/ssl.py", line 1241, in recv_into
    return self.read(nbytes, buffer)
  File "/root/anaconda3/lib/python3.9/ssl.py", line 1099, in read
    return self._sslobj.read(len, buffer)
urllib3.exceptions.ProtocolError: ('Connection aborted.', ConnectionResetError(104, 'Connection reset by peer'))

During handling of the above exception, another exception occurred:

Traceback (most recent call last):
  File "/home/buzzportal/crawling/src/BLIND_STOCK.py", line 112, in <module>
    response = requests.get(url_dirs.loc[i,'url'],  headers=headers)
  File "/root/anaconda3/lib/python3.9/site-packages/requests/api.py", line 75, in get
    return request('get', url, params=params, **kwargs)
  File "/root/anaconda3/lib/python3.9/site-packages/requests/api.py", line 61, in request
    return session.request(method=method, url=url, **kwargs)
  File "/root/anaconda3/lib/python3.9/site-packages/requests/sessions.py", line 529, in request
    resp = self.send(prep, **send_kwargs)
  File "/root/anaconda3/lib/python3.9/site-packages/requests/sessions.py", line 645, in send
    r = adapter.send(request, **kwargs)
  File "/root/anaconda3/lib/python3.9/site-packages/requests/adapters.py", line 501, in send
    raise ConnectionError(err, request=request)
requests.exceptions.ConnectionError: ('Connection aborted.', ConnectionResetError(104, 'Connection reset by peer'))
20221023-043606  NO DATA TO UPDATE
20221023-050605  NO DATA TO UPDATE
20221023-053603  SUCCESS  :  1
20221023-060602  NO DATA TO UPDATE
20221023-063601  NO DATA TO UPDATE
20221023-070604  SUCCESS  :  2
20221023-073603  SUCCESS  :  2
20221023-080608  SUCCESS  :  3
20221023-083604  SUCCESS  :  1
20221023-090603  SUCCESS  :  3
20221023-093606  SUCCESS  :  4
20221023-100607  SUCCESS  :  6
20221023-103602  SUCCESS  :  4
20221023-110603  SUCCESS  :  2
20221023-113603  SUCCESS  :  2
20221023-120601  SUCCESS  :  2
20221023-123602  SUCCESS  :  9
20221023-130600  SUCCESS  :  4
20221023-133602  SUCCESS  :  8
20221023-140602  SUCCESS  :  10
20221023-143602  SUCCESS  :  7
20221023-150601  SUCCESS  :  8
20221023-153602  SUCCESS  :  12
20221023-160603  SUCCESS  :  10
20221023-163602  SUCCESS  :  11
20221023-170604  SUCCESS  :  14
20221023-173602  SUCCESS  :  10
20221023-180622  SUCCESS  :  6
20221023-183602  SUCCESS  :  14
20221023-190601  SUCCESS  :  8
20221023-193601  SUCCESS  :  11
20221023-200604  SUCCESS  :  17
20221023-203604  SUCCESS  :  14
20221023-210601  SUCCESS  :  18
20221023-213603  SUCCESS  :  15
20221023-220604  SUCCESS  :  11
20221023-223627  SUCCESS  :  13
20221023-230603  SUCCESS  :  13
20221023-233625  SUCCESS  :  23
20221024-000625  SUCCESS  :  70
SPECIAL CHARACTER IN TITLE
20221024-003603  SUCCESS  :  6
20221024-010601  SUCCESS  :  4
20221024-013603  SUCCESS  :  2
20221024-020601  SUCCESS  :  1
20221024-023600  SUCCESS  :  1
20221024-030600  SUCCESS  :  1
20221024-033604  NO DATA TO UPDATE
20221024-040603  NO DATA TO UPDATE
20221024-043604  NO DATA TO UPDATE
20221024-050603  NO DATA TO UPDATE
20221024-053603  NO DATA TO UPDATE
20221024-060602  NO DATA TO UPDATE
20221024-063602  SUCCESS  :  2
20221024-070605  SUCCESS  :  4
20221024-073603  SUCCESS  :  11
20221024-080628  SUCCESS  :  9
20221024-083600  SUCCESS  :  10
20221024-090623  SUCCESS  :  14
20221024-093625  SUCCESS  :  20
20221024-100604  SUCCESS  :  17
20221024-103603  SUCCESS  :  15
20221024-110607  SUCCESS  :  9
20221024-113601  SUCCESS  :  17
SPECIAL CHARACTER IN TITLE
20221024-120602  SUCCESS  :  14
SPECIAL CHARACTER IN TITLE
20221024-123603  SUCCESS  :  19
SPECIAL CHARACTER IN TITLE
20221024-130604  SUCCESS  :  9
20221024-133605  SUCCESS  :  13
20221024-140601  SUCCESS  :  6
20221024-143610  SUCCESS  :  6
20221024-150610  SUCCESS  :  12
20221024-153610  SUCCESS  :  13
20221024-160612  SUCCESS  :  17
20221024-163607  SUCCESS  :  11
20221024-170610  SUCCESS  :  20
20221024-173606  SUCCESS  :  19
20221024-180605  SUCCESS  :  14
20221024-183608  SUCCESS  :  11
20221024-190608  SUCCESS  :  19
20221024-193612  SUCCESS  :  16
SPECIAL CHARACTER IN TITLE
20221024-200609  SUCCESS  :  13
20221024-203607  SUCCESS  :  11
20221024-210610  SUCCESS  :  11
20221024-213607  SUCCESS  :  25
SPECIAL CHARACTER IN TITLE
20221024-220608  SUCCESS  :  12
20221024-223609  SUCCESS  :  17
20221024-230604  SUCCESS  :  30
20221024-233607  SUCCESS  :  6
20221025-000627  SUCCESS  :  70
20221025-003609  SUCCESS  :  7
20221025-010606  SUCCESS  :  7
20221025-013604  SUCCESS  :  5
20221025-020623  SUCCESS  :  1
20221025-023601  SUCCESS  :  3
20221025-030558  NO DATA TO UPDATE
20221025-033618  NO DATA TO UPDATE
20221025-040617  SUCCESS  :  3
20221025-043616  NO DATA TO UPDATE
20221025-050617  SUCCESS  :  3
20221025-053556  SUCCESS  :  1
20221025-060556  NO DATA TO UPDATE
20221025-063620  SUCCESS  :  1
20221025-070620  SUCCESS  :  3
20221025-073602  SUCCESS  :  3
20221025-080603  SUCCESS  :  11
20221025-083603  SUCCESS  :  4
20221025-090605  SUCCESS  :  13
20221025-093613  SUCCESS  :  29
20221025-100629  SUCCESS  :  17
20221025-103708  SUCCESS  :  15
20221025-110705  SUCCESS  :  11
20221025-113726  SUCCESS  :  15
20221025-120616  SUCCESS  :  11
20221025-123629  SUCCESS  :  12
20221025-130648  SUCCESS  :  11
20221025-133659  SUCCESS  :  12
20221025-140653  SUCCESS  :  5
20221025-143716  SUCCESS  :  7
20221025-150813  SUCCESS  :  6
20221025-153607  SUCCESS  :  16
SPECIAL CHARACTER IN TITLE
20221025-160609  SUCCESS  :  12
20221025-163635  SUCCESS  :  11
20221025-170607  SUCCESS  :  13
20221025-173608  SUCCESS  :  16
20221025-180606  SUCCESS  :  14
20221025-183606  SUCCESS  :  11
20221025-190628  SUCCESS  :  7
20221025-193607  SUCCESS  :  10
20221025-200605  SUCCESS  :  12
20221025-203633  SUCCESS  :  9
20221025-210608  SUCCESS  :  4
20221025-213609  SUCCESS  :  5
20221025-220609  SUCCESS  :  16
20221025-223609  SUCCESS  :  18
20221025-230606  SUCCESS  :  30
20221025-233605  SUCCESS  :  29
20221026-000605  SUCCESS  :  49
20221026-003627  SUCCESS  :  20
20221026-010606  SUCCESS  :  15
20221026-013600  SUCCESS  :  7
20221026-020603  SUCCESS  :  2
20221026-023602  SUCCESS  :  3
20221026-030621  SUCCESS  :  4
20221026-033622  SUCCESS  :  1
20221026-040601  SUCCESS  :  1
20221026-043601  SUCCESS  :  2
20221026-050601  SUCCESS  :  1
20221026-053605  SUCCESS  :  1
20221026-060602  NO DATA TO UPDATE
20221026-063602  SUCCESS  :  3
20221026-070603  SUCCESS  :  8
20221026-073604  SUCCESS  :  8
20221026-080601  SUCCESS  :  13
20221026-083602  SUCCESS  :  21
20221026-090603  SUCCESS  :  14
20221026-093605  SUCCESS  :  11
20221026-100607  SUCCESS  :  17
20221026-103605  SUCCESS  :  15
20221026-110630  SUCCESS  :  16
20221026-113607  SUCCESS  :  13
20221026-120604  SUCCESS  :  13
20221026-123606  SUCCESS  :  14
20221026-130608  SUCCESS  :  19
20221026-133605  SUCCESS  :  9
SPECIAL CHARACTER IN TITLE
20221026-140608  SUCCESS  :  18
20221026-143630  SUCCESS  :  12
20221026-150627  SUCCESS  :  14
20221026-153606  SUCCESS  :  5
20221026-160608  SUCCESS  :  17
20221026-163606  SUCCESS  :  9
20221026-170607  SUCCESS  :  13
20221026-173605  SUCCESS  :  15
SPECIAL CHARACTER IN TITLE
20221026-180625  SUCCESS  :  11
20221026-183604  SUCCESS  :  15
20221026-190602  SUCCESS  :  4
20221026-193605  SUCCESS  :  13
20221026-200610  SUCCESS  :  9
20221026-203605  SUCCESS  :  11
20221026-210609  SUCCESS  :  11
20221026-213630  SUCCESS  :  13
20221026-220628  SUCCESS  :  5
20221026-223605  SUCCESS  :  18
20221026-230606  SUCCESS  :  11
20221026-233606  SUCCESS  :  19
20221027-000604  SUCCESS  :  50
20221027-003625  SUCCESS  :  19
20221027-010604  SUCCESS  :  9
20221027-013604  SUCCESS  :  6
20221027-020602  SUCCESS  :  4
20221027-023622  SUCCESS  :  5
20221027-030602  SUCCESS  :  1
20221027-033600  NO DATA TO UPDATE
20221027-040601  NO DATA TO UPDATE
20221027-043602  SUCCESS  :  1
SPECIAL CHARACTER IN TITLE
SPECIAL CHARACTER IN TITLE
SPECIAL CHARACTER IN TITLE
SPECIAL CHARACTER IN TITLE
20221027-050622  NO DATA TO UPDATE
20221027-053603  SUCCESS  :  3
20221027-060628  SUCCESS  :  4
20221027-063621  SUCCESS  :  3
20221027-070623  SUCCESS  :  1
20221027-073600  SUCCESS  :  7
20221027-080602  SUCCESS  :  7
20221027-083604  SUCCESS  :  9
20221027-090626  SUCCESS  :  15
20221027-093604  SUCCESS  :  17
20221027-100605  SUCCESS  :  17
20221027-103606  SUCCESS  :  18
20221027-110608  SUCCESS  :  20
20221027-113631  SUCCESS  :  16
20221027-120606  SUCCESS  :  8
20221027-123604  SUCCESS  :  11
20221027-130607  SUCCESS  :  8
20221027-133608  SUCCESS  :  11
20221027-140633  SUCCESS  :  16
20221027-143610  SUCCESS  :  17
20221027-150605  SUCCESS  :  8
20221027-153607  SUCCESS  :  10
20221027-160606  SUCCESS  :  9
20221027-163607  SUCCESS  :  8
20221027-170605  SUCCESS  :  16
20221027-173604  SUCCESS  :  14
20221027-180625  SUCCESS  :  7
20221027-183606  SUCCESS  :  11
20221027-190604  SUCCESS  :  11
20221027-193604  SUCCESS  :  6
20221027-200603  SUCCESS  :  12
20221027-203604  SUCCESS  :  13
20221027-210605  SUCCESS  :  13
20221027-213605  SUCCESS  :  28
20221027-220636  SUCCESS  :  19
20221027-223604  SUCCESS  :  3
20221027-230604  SUCCESS  :  16
20221027-233622  SUCCESS  :  29
20221028-000613  SUCCESS  :  50
20221028-003605  SUCCESS  :  11
20221028-010558  SUCCESS  :  10
20221028-013620  SUCCESS  :  8
20221028-020618  SUCCESS  :  3
20221028-023619  SUCCESS  :  2
20221028-030620  SUCCESS  :  3
20221028-033619  SUCCESS  :  1
20221028-040620  SUCCESS  :  1
20221028-043600  SUCCESS  :  1
20221028-050620  NO DATA TO UPDATE
20221028-053600  SUCCESS  :  19
20221028-060620  SUCCESS  :  8
20221028-063620  SUCCESS  :  8
20221028-070620  SUCCESS  :  9
20221028-073622  SUCCESS  :  4
20221028-080624  SUCCESS  :  12
20221028-083618  SUCCESS  :  14
20221028-090622  SUCCESS  :  15
20221028-093622  SUCCESS  :  14
20221028-100601  SUCCESS  :  23
20221028-103604  SUCCESS  :  21
20221028-110624  SUCCESS  :  17
20221028-113624  SUCCESS  :  17
20221028-120603  SUCCESS  :  13
SPECIAL CHARACTER IN TITLE
20221028-123602  SUCCESS  :  15
20221028-130605  SUCCESS  :  13
20221028-133602  SUCCESS  :  15
20221028-140606  SUCCESS  :  19
20221028-143622  SUCCESS  :  11
20221028-150604  SUCCESS  :  18
20221028-153602  SUCCESS  :  10
20221028-160626  SUCCESS  :  11
20221028-163601  SUCCESS  :  15
20221028-170603  SUCCESS  :  11
20221028-173603  SUCCESS  :  15
SPECIAL CHARACTER IN TITLE
20221028-180600  SUCCESS  :  11
20221028-183603  SUCCESS  :  11
20221028-190600  SUCCESS  :  4
20221028-193624  SUCCESS  :  12
20221028-200626  SUCCESS  :  12
20221028-203601  SUCCESS  :  6
20221028-210604  SUCCESS  :  7
20221028-213605  SUCCESS  :  10
20221028-220626  SUCCESS  :  17
20221028-223622  SUCCESS  :  11
20221028-230622  SUCCESS  :  25
20221028-233622  SUCCESS  :  16
20221029-000602  SUCCESS  :  50
20221029-003622  SUCCESS  :  14
20221029-010623  SUCCESS  :  4
20221029-013623  SUCCESS  :  8
20221029-020601  SUCCESS  :  6
20221029-023620  SUCCESS  :  5
20221029-030622  SUCCESS  :  2
20221029-033624  SUCCESS  :  6
20221029-040624  NO DATA TO UPDATE
20221029-043622  SUCCESS  :  1
20221029-050559  SUCCESS  :  2
20221029-053559  SUCCESS  :  1
20221029-060600  SUCCESS  :  1
20221029-063559  NO DATA TO UPDATE
20221029-070600  SUCCESS  :  1
20221029-073603  SUCCESS  :  7
20221029-080620  SUCCESS  :  9
20221029-083603  SUCCESS  :  11
20221029-090600  SUCCESS  :  10
20221029-093620  SUCCESS  :  9
20221029-100622  SUCCESS  :  4
20221029-103621  SUCCESS  :  9
20221029-110600  SUCCESS  :  4
20221029-113622  SUCCESS  :  13
20221029-120621  SUCCESS  :  8
20221029-123602  SUCCESS  :  5
20221029-130602  SUCCESS  :  8
20221029-133601  SUCCESS  :  10
20221029-140601  SUCCESS  :  3
20221029-143600  SUCCESS  :  8
20221029-150601  SUCCESS  :  4
20221029-153600  SUCCESS  :  6
20221029-160559  SUCCESS  :  7
20221029-163623  SUCCESS  :  6
20221029-170602  SUCCESS  :  6
20221029-173601  SUCCESS  :  1
20221029-180626  SUCCESS  :  5
20221029-183601  SUCCESS  :  4
20221029-190600  SUCCESS  :  2
20221029-193602  SUCCESS  :  2
20221029-200622  SUCCESS  :  5
20221029-203620  SUCCESS  :  4
20221029-210601  SUCCESS  :  6
20221029-213622  SUCCESS  :  5
20221029-220622  SUCCESS  :  6
20221029-223602  SUCCESS  :  4
20221029-230601  SUCCESS  :  6
20221029-233602  SUCCESS  :  2
20221030-000626  SUCCESS  :  70
Traceback (most recent call last):
  File "/root/anaconda3/lib/python3.9/site-packages/urllib3/connectionpool.py", line 703, in urlopen
    httplib_response = self._make_request(
  File "/root/anaconda3/lib/python3.9/site-packages/urllib3/connectionpool.py", line 449, in _make_request
    six.raise_from(e, None)
  File "<string>", line 3, in raise_from
  File "/root/anaconda3/lib/python3.9/site-packages/urllib3/connectionpool.py", line 444, in _make_request
    httplib_response = conn.getresponse()
  File "/root/anaconda3/lib/python3.9/http/client.py", line 1377, in getresponse
    response.begin()
  File "/root/anaconda3/lib/python3.9/http/client.py", line 320, in begin
    version, status, reason = self._read_status()
  File "/root/anaconda3/lib/python3.9/http/client.py", line 281, in _read_status
    line = str(self.fp.readline(_MAXLINE + 1), "iso-8859-1")
  File "/root/anaconda3/lib/python3.9/socket.py", line 704, in readinto
    return self._sock.recv_into(b)
  File "/root/anaconda3/lib/python3.9/ssl.py", line 1241, in recv_into
    return self.read(nbytes, buffer)
  File "/root/anaconda3/lib/python3.9/ssl.py", line 1099, in read
    return self._sslobj.read(len, buffer)
ConnectionResetError: [Errno 104] Connection reset by peer

During handling of the above exception, another exception occurred:

Traceback (most recent call last):
  File "/root/anaconda3/lib/python3.9/site-packages/requests/adapters.py", line 440, in send
    resp = conn.urlopen(
  File "/root/anaconda3/lib/python3.9/site-packages/urllib3/connectionpool.py", line 785, in urlopen
    retries = retries.increment(
  File "/root/anaconda3/lib/python3.9/site-packages/urllib3/util/retry.py", line 550, in increment
    raise six.reraise(type(error), error, _stacktrace)
  File "/root/anaconda3/lib/python3.9/site-packages/urllib3/packages/six.py", line 769, in reraise
    raise value.with_traceback(tb)
  File "/root/anaconda3/lib/python3.9/site-packages/urllib3/connectionpool.py", line 703, in urlopen
    httplib_response = self._make_request(
  File "/root/anaconda3/lib/python3.9/site-packages/urllib3/connectionpool.py", line 449, in _make_request
    six.raise_from(e, None)
  File "<string>", line 3, in raise_from
  File "/root/anaconda3/lib/python3.9/site-packages/urllib3/connectionpool.py", line 444, in _make_request
    httplib_response = conn.getresponse()
  File "/root/anaconda3/lib/python3.9/http/client.py", line 1377, in getresponse
    response.begin()
  File "/root/anaconda3/lib/python3.9/http/client.py", line 320, in begin
    version, status, reason = self._read_status()
  File "/root/anaconda3/lib/python3.9/http/client.py", line 281, in _read_status
    line = str(self.fp.readline(_MAXLINE + 1), "iso-8859-1")
  File "/root/anaconda3/lib/python3.9/socket.py", line 704, in readinto
    return self._sock.recv_into(b)
  File "/root/anaconda3/lib/python3.9/ssl.py", line 1241, in recv_into
    return self.read(nbytes, buffer)
  File "/root/anaconda3/lib/python3.9/ssl.py", line 1099, in read
    return self._sslobj.read(len, buffer)
urllib3.exceptions.ProtocolError: ('Connection aborted.', ConnectionResetError(104, 'Connection reset by peer'))

During handling of the above exception, another exception occurred:

Traceback (most recent call last):
  File "/home/buzzportal/crawling/src/BLIND_STOCK.py", line 112, in <module>
    response = requests.get(url_dirs.loc[i,'url'],  headers=headers)
  File "/root/anaconda3/lib/python3.9/site-packages/requests/api.py", line 75, in get
    return request('get', url, params=params, **kwargs)
  File "/root/anaconda3/lib/python3.9/site-packages/requests/api.py", line 61, in request
    return session.request(method=method, url=url, **kwargs)
  File "/root/anaconda3/lib/python3.9/site-packages/requests/sessions.py", line 529, in request
    resp = self.send(prep, **send_kwargs)
  File "/root/anaconda3/lib/python3.9/site-packages/requests/sessions.py", line 645, in send
    r = adapter.send(request, **kwargs)
  File "/root/anaconda3/lib/python3.9/site-packages/requests/adapters.py", line 501, in send
    raise ConnectionError(err, request=request)
requests.exceptions.ConnectionError: ('Connection aborted.', ConnectionResetError(104, 'Connection reset by peer'))
20221030-010604  SUCCESS  :  1
20221030-013626  NO DATA TO UPDATE
20221030-020600  SUCCESS  :  1
20221030-023622  SUCCESS  :  3
20221030-030622  SUCCESS  :  1
20221030-033559  SUCCESS  :  1
20221030-040623  NO DATA TO UPDATE
20221030-043624  NO DATA TO UPDATE
20221030-050623  SUCCESS  :  1
20221030-053601  NO DATA TO UPDATE
20221030-060559  NO DATA TO UPDATE
20221030-063559  NO DATA TO UPDATE
20221030-070620  SUCCESS  :  2
20221030-073622  NO DATA TO UPDATE
20221030-080600  SUCCESS  :  2
20221030-083624  SUCCESS  :  1
20221030-090607  SUCCESS  :  1
20221030-093604  SUCCESS  :  4
20221030-100625  SUCCESS  :  4
20221030-103604  NO DATA TO UPDATE
20221030-110604  SUCCESS  :  1
20221030-113602  SUCCESS  :  1
20221030-120623  SUCCESS  :  6
20221030-123604  SUCCESS  :  5
20221030-130604  NO DATA TO UPDATE
20221030-133623  SUCCESS  :  4
20221030-140624  SUCCESS  :  3
20221030-143625  SUCCESS  :  5
20221030-150603  SUCCESS  :  4
20221030-153603  SUCCESS  :  2
20221030-160602  SUCCESS  :  3
20221030-163624  SUCCESS  :  3
20221030-170624  SUCCESS  :  3
20221030-173601  SUCCESS  :  2
20221030-180625  SUCCESS  :  4
20221030-183603  SUCCESS  :  3
20221030-190626  SUCCESS  :  8
SPECIAL CHARACTER IN TITLE
20221030-193603  SUCCESS  :  1
20221030-200605  SUCCESS  :  4
20221030-203603  SUCCESS  :  8
20221030-210604  SUCCESS  :  2
20221030-213605  SUCCESS  :  4
20221030-220608  SUCCESS  :  4
20221030-223606  SUCCESS  :  3
20221030-230602  SUCCESS  :  2
20221030-233602  SUCCESS  :  2
20221031-000622  SUCCESS  :  69
20221031-003601  SUCCESS  :  5
20221031-010622  SUCCESS  :  1
20221031-013621  SUCCESS  :  1
20221031-020619  SUCCESS  :  1
20221031-023620  NO DATA TO UPDATE
20221031-030600  SUCCESS  :  2
20221031-033618  NO DATA TO UPDATE
20221031-040557  NO DATA TO UPDATE
20221031-043616  NO DATA TO UPDATE
20221031-050557  NO DATA TO UPDATE
20221031-053556  SUCCESS  :  1
20221031-060556  NO DATA TO UPDATE
20221031-063616  NO DATA TO UPDATE
20221031-070618  NO DATA TO UPDATE
20221031-073618  SUCCESS  :  2
20221031-080558  SUCCESS  :  3
20221031-083558  SUCCESS  :  3
20221031-090600  SUCCESS  :  5
20221031-093603  SUCCESS  :  8
20221031-100621  SUCCESS  :  6
20221031-103625  SUCCESS  :  5
20221031-110601  SUCCESS  :  9
20221031-113604  SUCCESS  :  12
20221031-120601  SUCCESS  :  10
20221031-123601  SUCCESS  :  8
20221031-130601  SUCCESS  :  2
20221031-133605  SUCCESS  :  5
20221031-140602  SUCCESS  :  3
20221031-143601  SUCCESS  :  14
20221031-150604  SUCCESS  :  11
20221031-153605  SUCCESS  :  11
20221031-160605  SUCCESS  :  7
20221031-163602  SUCCESS  :  7
SPECIAL CHARACTER IN TITLE
SPECIAL CHARACTER IN TITLE
20221031-170601  SUCCESS  :  4
20221031-173600  SUCCESS  :  11
20221031-180601  SUCCESS  :  11
20221031-183624  SUCCESS  :  6
20221031-190603  SUCCESS  :  7
20221031-193602  SUCCESS  :  4
20221031-200601  SUCCESS  :  10
20221031-203603  SUCCESS  :  8
20221031-210603  SUCCESS  :  10
20221031-213624  SUCCESS  :  11
20221031-220604  SUCCESS  :  6
20221031-223604  SUCCESS  :  3
20221031-230603  SUCCESS  :  11
20221031-233601  SUCCESS  :  10
20221101-000624  SUCCESS  :  70
20221101-003600  SUCCESS  :  10
20221101-010619  SUCCESS  :  8
20221101-013601  SUCCESS  :  3
20221101-020559  SUCCESS  :  5
20221101-023600  SUCCESS  :  1
20221101-030622  SUCCESS  :  1
20221101-033559  NO DATA TO UPDATE
20221101-040620  SUCCESS  :  2
20221101-043623  SUCCESS  :  1
20221101-050621  SUCCESS  :  2
20221101-053620  NO DATA TO UPDATE
Traceback (most recent call last):
  File "/root/anaconda3/lib/python3.9/site-packages/urllib3/connectionpool.py", line 703, in urlopen
    httplib_response = self._make_request(
  File "/root/anaconda3/lib/python3.9/site-packages/urllib3/connectionpool.py", line 449, in _make_request
    six.raise_from(e, None)
  File "<string>", line 3, in raise_from
  File "/root/anaconda3/lib/python3.9/site-packages/urllib3/connectionpool.py", line 444, in _make_request
    httplib_response = conn.getresponse()
  File "/root/anaconda3/lib/python3.9/http/client.py", line 1377, in getresponse
    response.begin()
  File "/root/anaconda3/lib/python3.9/http/client.py", line 320, in begin
    version, status, reason = self._read_status()
  File "/root/anaconda3/lib/python3.9/http/client.py", line 281, in _read_status
    line = str(self.fp.readline(_MAXLINE + 1), "iso-8859-1")
  File "/root/anaconda3/lib/python3.9/socket.py", line 704, in readinto
    return self._sock.recv_into(b)
  File "/root/anaconda3/lib/python3.9/ssl.py", line 1241, in recv_into
    return self.read(nbytes, buffer)
  File "/root/anaconda3/lib/python3.9/ssl.py", line 1099, in read
    return self._sslobj.read(len, buffer)
ConnectionResetError: [Errno 104] Connection reset by peer

During handling of the above exception, another exception occurred:

Traceback (most recent call last):
  File "/root/anaconda3/lib/python3.9/site-packages/requests/adapters.py", line 440, in send
    resp = conn.urlopen(
  File "/root/anaconda3/lib/python3.9/site-packages/urllib3/connectionpool.py", line 785, in urlopen
    retries = retries.increment(
  File "/root/anaconda3/lib/python3.9/site-packages/urllib3/util/retry.py", line 550, in increment
    raise six.reraise(type(error), error, _stacktrace)
  File "/root/anaconda3/lib/python3.9/site-packages/urllib3/packages/six.py", line 769, in reraise
    raise value.with_traceback(tb)
  File "/root/anaconda3/lib/python3.9/site-packages/urllib3/connectionpool.py", line 703, in urlopen
    httplib_response = self._make_request(
  File "/root/anaconda3/lib/python3.9/site-packages/urllib3/connectionpool.py", line 449, in _make_request
    six.raise_from(e, None)
  File "<string>", line 3, in raise_from
  File "/root/anaconda3/lib/python3.9/site-packages/urllib3/connectionpool.py", line 444, in _make_request
    httplib_response = conn.getresponse()
  File "/root/anaconda3/lib/python3.9/http/client.py", line 1377, in getresponse
    response.begin()
  File "/root/anaconda3/lib/python3.9/http/client.py", line 320, in begin
    version, status, reason = self._read_status()
  File "/root/anaconda3/lib/python3.9/http/client.py", line 281, in _read_status
    line = str(self.fp.readline(_MAXLINE + 1), "iso-8859-1")
  File "/root/anaconda3/lib/python3.9/socket.py", line 704, in readinto
    return self._sock.recv_into(b)
  File "/root/anaconda3/lib/python3.9/ssl.py", line 1241, in recv_into
    return self.read(nbytes, buffer)
  File "/root/anaconda3/lib/python3.9/ssl.py", line 1099, in read
    return self._sslobj.read(len, buffer)
urllib3.exceptions.ProtocolError: ('Connection aborted.', ConnectionResetError(104, 'Connection reset by peer'))

During handling of the above exception, another exception occurred:

Traceback (most recent call last):
  File "/home/buzzportal/crawling/src/BLIND_STOCK.py", line 112, in <module>
    response = requests.get(url_dirs.loc[i,'url'],  headers=headers)
  File "/root/anaconda3/lib/python3.9/site-packages/requests/api.py", line 75, in get
    return request('get', url, params=params, **kwargs)
  File "/root/anaconda3/lib/python3.9/site-packages/requests/api.py", line 61, in request
    return session.request(method=method, url=url, **kwargs)
  File "/root/anaconda3/lib/python3.9/site-packages/requests/sessions.py", line 529, in request
    resp = self.send(prep, **send_kwargs)
  File "/root/anaconda3/lib/python3.9/site-packages/requests/sessions.py", line 645, in send
    r = adapter.send(request, **kwargs)
  File "/root/anaconda3/lib/python3.9/site-packages/requests/adapters.py", line 501, in send
    raise ConnectionError(err, request=request)
requests.exceptions.ConnectionError: ('Connection aborted.', ConnectionResetError(104, 'Connection reset by peer'))
20221101-063602  SUCCESS  :  6
20221101-070600  NO DATA TO UPDATE
20221101-073624  SUCCESS  :  5
20221101-080625  SUCCESS  :  5
20221101-083626  SUCCESS  :  7
20221101-090602  SUCCESS  :  8
20221101-093601  SUCCESS  :  19
20221101-100605  SUCCESS  :  10
20221101-103626  SUCCESS  :  13
20221101-110607  SUCCESS  :  19
20221101-113604  SUCCESS  :  18
20221101-120604  SUCCESS  :  6
20221101-123627  SUCCESS  :  15
20221101-130626  SUCCESS  :  7
20221101-133630  SUCCESS  :  11
20221101-140605  SUCCESS  :  14
20221101-143608  SUCCESS  :  9
20221101-150630  SUCCESS  :  6
20221101-153631  SUCCESS  :  1
20221101-160606  SUCCESS  :  31
20221101-163629  SUCCESS  :  7
20221101-170629  SUCCESS  :  10
20221101-173630  SUCCESS  :  14
20221101-180605  SUCCESS  :  7
20221101-183629  SUCCESS  :  9
20221101-190606  SUCCESS  :  12
20221101-193607  NO DATA TO UPDATE
20221101-200604  SUCCESS  :  9
20221101-203608  SUCCESS  :  15
20221101-210631  SUCCESS  :  10
20221101-213613  SUCCESS  :  20
20221101-220610  SUCCESS  :  14
20221101-223613  SUCCESS  :  17
20221101-230634  SUCCESS  :  21
20221101-233608  SUCCESS  :  20
20221102-000606  SUCCESS  :  50
20221102-003603  SUCCESS  :  9
20221102-010602  SUCCESS  :  3
20221102-013624  SUCCESS  :  6
20221102-020559  SUCCESS  :  1
20221102-023618  SUCCESS  :  3
20221102-030602  SUCCESS  :  1
20221102-033605  SUCCESS  :  2
20221102-040607  SUCCESS  :  1
20221102-043605  NO DATA TO UPDATE
20221102-050607  NO DATA TO UPDATE
20221102-053604  NO DATA TO UPDATE
20221102-060607  NO DATA TO UPDATE
20221102-063606  NO DATA TO UPDATE
20221102-070607  NO DATA TO UPDATE
20221102-073604  SUCCESS  :  6
20221102-080606  SUCCESS  :  2
20221102-083608  SUCCESS  :  7
20221102-090613  SUCCESS  :  5
20221102-093614  SUCCESS  :  11
20221102-100612  SUCCESS  :  14
20221102-103630  SUCCESS  :  16
20221102-110607  SUCCESS  :  18
20221102-113604  SUCCESS  :  15
20221102-120628  SUCCESS  :  13
20221102-123608  SUCCESS  :  7
20221102-130609  SUCCESS  :  9
20221102-133608  SUCCESS  :  12
20221102-140610  SUCCESS  :  9
20221102-143636  SUCCESS  :  9
20221102-150614  SUCCESS  :  13
20221102-153611  SUCCESS  :  9
20221102-160611  SUCCESS  :  7
20221102-163613  SUCCESS  :  6
20221102-170610  SUCCESS  :  6
20221102-173609  SUCCESS  :  14
20221102-180609  SUCCESS  :  10
20221102-183607  SUCCESS  :  7
20221102-190608  SUCCESS  :  6
20221102-193606  SUCCESS  :  9
20221102-200609  SUCCESS  :  8
20221102-203610  SUCCESS  :  10
20221102-210609  SUCCESS  :  18
20221102-213638  SUCCESS  :  14
20221102-220611  SUCCESS  :  18
20221102-223613  SUCCESS  :  10
20221102-230612  SUCCESS  :  13
20221102-233636  SUCCESS  :  15
20221103-000607  SUCCESS  :  50
20221103-003607  SUCCESS  :  17
20221103-010609  SUCCESS  :  9
20221103-013609  SUCCESS  :  5
20221103-020605  NO DATA TO UPDATE
20221103-023605  SUCCESS  :  4
20221103-030630  SUCCESS  :  6
20221103-033609  SUCCESS  :  10
20221103-040604  SUCCESS  :  22
20221103-043605  SUCCESS  :  24
20221103-050607  SUCCESS  :  18
20221103-053605  SUCCESS  :  8
20221103-060606  SUCCESS  :  8
20221103-063606  SUCCESS  :  8
20221103-070632  SUCCESS  :  9
20221103-073608  SUCCESS  :  17
20221103-080613  SUCCESS  :  15
20221103-083608  SUCCESS  :  17
20221103-090607  SUCCESS  :  17
20221103-093607  SUCCESS  :  28
20221103-100559  SUCCESS  :  25
20221103-103600  SUCCESS  :  17
20221103-110603  SUCCESS  :  17
20221103-113619  SUCCESS  :  18
20221103-120558  SUCCESS  :  13
20221103-123600  SUCCESS  :  14
20221103-130603  SUCCESS  :  12
20221103-133604  SUCCESS  :  5
20221103-140602  SUCCESS  :  17
20221103-143603  SUCCESS  :  11
20221103-150604  SUCCESS  :  15
20221103-153601  SUCCESS  :  14
20221103-160602  SUCCESS  :  12
20221103-163601  SUCCESS  :  17
20221103-170604  SUCCESS  :  18
20221103-173602  SUCCESS  :  11
20221103-180609  SUCCESS  :  12
20221103-183609  SUCCESS  :  11
20221103-190610  SUCCESS  :  8
20221103-193609  SUCCESS  :  8
20221103-200612  SUCCESS  :  9
SPECIAL CHARACTER IN TITLE
20221103-203613  SUCCESS  :  5
20221103-210614  SUCCESS  :  10
20221103-213612  SUCCESS  :  19
20221103-220612  SUCCESS  :  9
20221103-223613  SUCCESS  :  17
20221103-230611  SUCCESS  :  24
20221103-233610  SUCCESS  :  16
20221104-000608  SUCCESS  :  50
20221104-003608  SUCCESS  :  9
20221104-010634  SUCCESS  :  6
20221104-013609  SUCCESS  :  3
20221104-020609  SUCCESS  :  3
20221104-023606  SUCCESS  :  2
20221104-030606  NO DATA TO UPDATE
20221104-033604  SUCCESS  :  2
20221104-040601  SUCCESS  :  1
20221104-043601  NO DATA TO UPDATE
20221104-050558  SUCCESS  :  3
Traceback (most recent call last):
  File "/root/anaconda3/lib/python3.9/site-packages/urllib3/connectionpool.py", line 703, in urlopen
    httplib_response = self._make_request(
  File "/root/anaconda3/lib/python3.9/site-packages/urllib3/connectionpool.py", line 386, in _make_request
    self._validate_conn(conn)
  File "/root/anaconda3/lib/python3.9/site-packages/urllib3/connectionpool.py", line 1040, in _validate_conn
    conn.connect()
  File "/root/anaconda3/lib/python3.9/site-packages/urllib3/connection.py", line 456, in connect
    cert = self.sock.getpeercert()
  File "/root/anaconda3/lib/python3.9/ssl.py", line 1123, in getpeercert
    self._check_connected()
  File "/root/anaconda3/lib/python3.9/ssl.py", line 1088, in _check_connected
    self.getpeername()
OSError: [Errno 107] Transport endpoint is not connected

During handling of the above exception, another exception occurred:

Traceback (most recent call last):
  File "/root/anaconda3/lib/python3.9/site-packages/requests/adapters.py", line 440, in send
    resp = conn.urlopen(
  File "/root/anaconda3/lib/python3.9/site-packages/urllib3/connectionpool.py", line 785, in urlopen
    retries = retries.increment(
  File "/root/anaconda3/lib/python3.9/site-packages/urllib3/util/retry.py", line 550, in increment
    raise six.reraise(type(error), error, _stacktrace)
  File "/root/anaconda3/lib/python3.9/site-packages/urllib3/packages/six.py", line 769, in reraise
    raise value.with_traceback(tb)
  File "/root/anaconda3/lib/python3.9/site-packages/urllib3/connectionpool.py", line 703, in urlopen
    httplib_response = self._make_request(
  File "/root/anaconda3/lib/python3.9/site-packages/urllib3/connectionpool.py", line 386, in _make_request
    self._validate_conn(conn)
  File "/root/anaconda3/lib/python3.9/site-packages/urllib3/connectionpool.py", line 1040, in _validate_conn
    conn.connect()
  File "/root/anaconda3/lib/python3.9/site-packages/urllib3/connection.py", line 456, in connect
    cert = self.sock.getpeercert()
  File "/root/anaconda3/lib/python3.9/ssl.py", line 1123, in getpeercert
    self._check_connected()
  File "/root/anaconda3/lib/python3.9/ssl.py", line 1088, in _check_connected
    self.getpeername()
urllib3.exceptions.ProtocolError: ('Connection aborted.', OSError(107, 'Transport endpoint is not connected'))

During handling of the above exception, another exception occurred:

Traceback (most recent call last):
  File "/home/buzzportal/crawling/src/BLIND_STOCK.py", line 112, in <module>
    response = requests.get(url_dirs.loc[i,'url'],  headers=headers)
  File "/root/anaconda3/lib/python3.9/site-packages/requests/api.py", line 75, in get
    return request('get', url, params=params, **kwargs)
  File "/root/anaconda3/lib/python3.9/site-packages/requests/api.py", line 61, in request
    return session.request(method=method, url=url, **kwargs)
  File "/root/anaconda3/lib/python3.9/site-packages/requests/sessions.py", line 529, in request
    resp = self.send(prep, **send_kwargs)
  File "/root/anaconda3/lib/python3.9/site-packages/requests/sessions.py", line 645, in send
    r = adapter.send(request, **kwargs)
  File "/root/anaconda3/lib/python3.9/site-packages/requests/adapters.py", line 501, in send
    raise ConnectionError(err, request=request)
requests.exceptions.ConnectionError: ('Connection aborted.', OSError(107, 'Transport endpoint is not connected'))
20221104-060601  SUCCESS  :  1
20221104-063602  SUCCESS  :  3
20221104-070604  SUCCESS  :  6
20221104-073605  SUCCESS  :  8
20221104-080602  SUCCESS  :  6
20221104-083603  SUCCESS  :  5
20221104-090602  SUCCESS  :  14
20221104-093602  SUCCESS  :  21
20221104-100625  SUCCESS  :  23
20221104-103603  SUCCESS  :  8
20221104-110604  SUCCESS  :  18
20221104-113605  SUCCESS  :  16
20221104-120601  SUCCESS  :  10
20221104-123603  SUCCESS  :  8
20221104-130622  SUCCESS  :  17
20221104-133605  SUCCESS  :  14
20221104-140605  SUCCESS  :  14
20221104-143608  SUCCESS  :  15
20221104-150604  SUCCESS  :  9
20221104-153605  SUCCESS  :  8
20221104-160603  SUCCESS  :  10
20221104-163605  SUCCESS  :  7
20221104-170602  SUCCESS  :  4
20221104-173602  SUCCESS  :  17
20221104-180603  SUCCESS  :  12
20221104-183602  SUCCESS  :  4
20221104-190603  SUCCESS  :  13
20221104-193602  SUCCESS  :  3
20221104-200603  SUCCESS  :  10
20221104-203605  SUCCESS  :  8
20221104-210609  SUCCESS  :  7
20221104-213609  SUCCESS  :  17
20221104-220608  SUCCESS  :  9
20221104-223604  SUCCESS  :  13
20221104-230605  SUCCESS  :  29
20221104-233605  SUCCESS  :  5
SPECIAL CHARACTER IN TITLE
20221105-000605  SUCCESS  :  49
20221105-003624  SUCCESS  :  9
20221105-010600  SUCCESS  :  15
20221105-013603  SUCCESS  :  11
SPECIAL CHARACTER IN TITLE
20221105-020602  SUCCESS  :  10
20221105-023602  SUCCESS  :  8
20221105-030620  SUCCESS  :  5
20221105-033601  SUCCESS  :  3
20221105-040601  NO DATA TO UPDATE
20221105-043559  SUCCESS  :  2
20221105-050600  SUCCESS  :  1
20221105-053559  SUCCESS  :  2
20221105-060559  SUCCESS  :  1
20221105-063600  NO DATA TO UPDATE
20221105-070600  SUCCESS  :  3
20221105-073600  SUCCESS  :  3
20221105-080601  SUCCESS  :  3
20221105-083559  SUCCESS  :  9
20221105-090601  SUCCESS  :  6
20221105-093601  SUCCESS  :  8
20221105-100601  SUCCESS  :  12
20221105-103603  SUCCESS  :  6
20221105-110602  SUCCESS  :  9
20221105-113601  SUCCESS  :  3
20221105-120623  SUCCESS  :  3
20221105-123603  SUCCESS  :  8
20221105-130604  SUCCESS  :  3
20221105-133625  SUCCESS  :  9
20221105-140602  SUCCESS  :  2
20221105-143603  SUCCESS  :  7
SPECIAL CHARACTER IN TITLE
20221105-150605  SUCCESS  :  5
20221105-153601  SUCCESS  :  2
20221105-160604  SUCCESS  :  6
20221105-163603  SUCCESS  :  5
20221105-170603  SUCCESS  :  4
20221105-173601  SUCCESS  :  6
20221105-180603  NO DATA TO UPDATE
20221105-183604  SUCCESS  :  4
20221105-190603  SUCCESS  :  3
20221105-193603  SUCCESS  :  3
20221105-200603  SUCCESS  :  6
20221105-203603  SUCCESS  :  4
20221105-210603  SUCCESS  :  2
20221105-213604  SUCCESS  :  6
20221105-220606  SUCCESS  :  3
20221105-223605  SUCCESS  :  2
20221105-230606  SUCCESS  :  4
20221105-233604  SUCCESS  :  11
20221106-000601  SUCCESS  :  49
SPECIAL CHARACTER IN TITLE
20221106-003601  SUCCESS  :  9
20221106-010600  SUCCESS  :  2
20221106-013600  SUCCESS  :  2
20221106-020601  SUCCESS  :  3
20221106-023559  NO DATA TO UPDATE
20221106-030559  NO DATA TO UPDATE
20221106-033602  SUCCESS  :  1
20221106-040623  NO DATA TO UPDATE
20221106-043602  NO DATA TO UPDATE
20221106-050600  SUCCESS  :  2
20221106-053600  NO DATA TO UPDATE
20221106-060601  NO DATA TO UPDATE
20221106-063602  NO DATA TO UPDATE
20221106-070559  SUCCESS  :  1
20221106-073601  SUCCESS  :  1
20221106-080603  SUCCESS  :  3
20221106-083604  SUCCESS  :  2
20221106-090604  SUCCESS  :  1
20221106-093604  SUCCESS  :  4
20221106-100605  SUCCESS  :  3
20221106-103602  SUCCESS  :  4
20221106-110603  SUCCESS  :  4
20221106-113604  SUCCESS  :  1
20221106-120602  SUCCESS  :  6
20221106-123603  SUCCESS  :  4
20221106-130603  SUCCESS  :  4
20221106-133605  SUCCESS  :  5
20221106-140605  SUCCESS  :  6
20221106-143607  SUCCESS  :  3
20221106-150603  SUCCESS  :  5
20221106-153602  SUCCESS  :  2
20221106-160603  SUCCESS  :  8
20221106-163603  SUCCESS  :  7
20221106-170602  SUCCESS  :  2
20221106-173601  SUCCESS  :  6
20221106-180602  SUCCESS  :  1
20221106-183602  SUCCESS  :  5
20221106-190602  SUCCESS  :  3
20221106-193602  SUCCESS  :  9
20221106-200603  SUCCESS  :  4
20221106-203604  SUCCESS  :  5
20221106-210605  SUCCESS  :  7
20221106-213608  SUCCESS  :  3
20221106-220606  SUCCESS  :  13
20221106-223606  SUCCESS  :  6
20221106-230607  SUCCESS  :  7
20221106-233604  SUCCESS  :  11
20221107-000603  SUCCESS  :  50
20221107-003600  SUCCESS  :  7
20221107-010600  SUCCESS  :  4
20221107-013559  SUCCESS  :  6
20221107-020559  SUCCESS  :  1
20221107-023601  SUCCESS  :  1
20221107-030601  SUCCESS  :  1
20221107-033607  NO DATA TO UPDATE
20221107-040602  NO DATA TO UPDATE
20221107-043603  NO DATA TO UPDATE
20221107-050602  NO DATA TO UPDATE
20221107-053603  SUCCESS  :  3
20221107-060602  SUCCESS  :  1
20221107-063603  SUCCESS  :  1
20221107-070601  SUCCESS  :  8
20221107-073605  SUCCESS  :  2
20221107-080603  SUCCESS  :  2
20221107-083606  SUCCESS  :  9
20221107-090558  SUCCESS  :  7
20221107-093602  SUCCESS  :  12
20221107-100601  SUCCESS  :  22
20221107-103604  SUCCESS  :  9
20221107-110602  SUCCESS  :  11
20221107-113603  SUCCESS  :  10
20221107-120603  SUCCESS  :  9
20221107-123603  SUCCESS  :  16
SPECIAL CHARACTER IN TITLE
20221107-130606  SUCCESS  :  11
20221107-133601  SUCCESS  :  11
20221107-140604  SUCCESS  :  13
20221107-143603  SUCCESS  :  9
20221107-150605  SUCCESS  :  6
20221107-153602  SUCCESS  :  3
20221107-160603  SUCCESS  :  11
20221107-163605  SUCCESS  :  9
20221107-170607  SUCCESS  :  10
20221107-173602  SUCCESS  :  9
20221107-180627  SUCCESS  :  8
20221107-183603  SUCCESS  :  5
20221107-190605  SUCCESS  :  7
20221107-193607  SUCCESS  :  8
20221107-200604  SUCCESS  :  11
SPECIAL CHARACTER IN TITLE
20221107-203606  SUCCESS  :  8
20221107-210606  SUCCESS  :  11
20221107-213609  SUCCESS  :  5
20221107-220610  SUCCESS  :  8
20221107-223605  SUCCESS  :  17
20221107-230603  SUCCESS  :  15
20221107-233604  SUCCESS  :  13
20221108-000605  SUCCESS  :  50
20221108-003601  SUCCESS  :  7
SPECIAL CHARACTER IN TITLE
SPECIAL CHARACTER IN TITLE
SPECIAL CHARACTER IN TITLE
20221108-010603  SUCCESS  :  9
20221108-013603  SUCCESS  :  9
20221108-020621  SUCCESS  :  6
20221108-023559  SUCCESS  :  3
20221108-030600  SUCCESS  :  1
20221108-033601  SUCCESS  :  1
20221108-040602  NO DATA TO UPDATE
20221108-043622  SUCCESS  :  3
20221108-050600  SUCCESS  :  2
20221108-053625  SUCCESS  :  1
20221108-060559  SUCCESS  :  1
20221108-063600  SUCCESS  :  1
20221108-070601  SUCCESS  :  6
20221108-073602  SUCCESS  :  3
20221108-080603  SUCCESS  :  8
20221108-083605  SUCCESS  :  13
20221108-090605  SUCCESS  :  8
20221108-093605  SUCCESS  :  27
20221108-100602  SUCCESS  :  18
20221108-103604  SUCCESS  :  13
20221108-110607  SUCCESS  :  9
20221108-113629  SUCCESS  :  18
20221108-120627  SUCCESS  :  9
20221108-123609  SUCCESS  :  11
20221108-130606  SUCCESS  :  14
20221108-133628  SUCCESS  :  10
20221108-140607  SUCCESS  :  12
20221108-143608  SUCCESS  :  8
SPECIAL CHARACTER IN TITLE
20221108-150607  SUCCESS  :  11
20221108-153603  SUCCESS  :  13
20221108-160602  SUCCESS  :  12
20221108-163606  SUCCESS  :  10
20221108-170605  SUCCESS  :  11
20221108-173624  SUCCESS  :  10
20221108-180625  SUCCESS  :  9
20221108-183601  SUCCESS  :  13
20221108-190625  SUCCESS  :  13
20221108-193603  SUCCESS  :  12
20221108-200606  SUCCESS  :  9
20221108-203604  SUCCESS  :  12
20221108-210608  SUCCESS  :  15
20221108-213608  SUCCESS  :  8
20221108-220611  SUCCESS  :  13
20221108-223609  SUCCESS  :  12
20221108-230606  SUCCESS  :  11
20221108-233604  SUCCESS  :  17
20221109-000624  SUCCESS  :  69
20221109-003601  SUCCESS  :  15
20221109-010559  SUCCESS  :  8
20221109-013601  SUCCESS  :  4
20221109-020604  SUCCESS  :  2
20221109-023621  SUCCESS  :  2
20221109-030600  NO DATA TO UPDATE
20221109-033606  SUCCESS  :  2
20221109-040559  SUCCESS  :  1
20221109-043604  SUCCESS  :  1
20221109-050605  SUCCESS  :  2
20221109-053606  SUCCESS  :  1
20221109-060609  SUCCESS  :  3
20221109-063607  SUCCESS  :  3
20221109-070606  SUCCESS  :  6
20221109-073607  SUCCESS  :  4
20221109-080626  SUCCESS  :  6
20221109-083635  SUCCESS  :  6
20221109-090620  SUCCESS  :  13
20221109-093614  SUCCESS  :  21
20221109-100633  SUCCESS  :  12
20221109-103612  SUCCESS  :  9
20221109-110610  SUCCESS  :  15
20221109-113608  SUCCESS  :  12
20221109-120613  SUCCESS  :  27
20221109-123608  SUCCESS  :  16
20221109-130613  SUCCESS  :  28
SPECIAL CHARACTER IN TITLE
20221109-133613  SUCCESS  :  10
20221109-140612  SUCCESS  :  12
20221109-143614  SUCCESS  :  4
20221109-150617  SUCCESS  :  14
20221109-153612  SUCCESS  :  8
20221109-160614  SUCCESS  :  14
20221109-163611  SUCCESS  :  17
20221109-170613  SUCCESS  :  14
20221109-173611  SUCCESS  :  7
20221109-180612  SUCCESS  :  15
20221109-183610  SUCCESS  :  15
20221109-190610  SUCCESS  :  6
SPECIAL CHARACTER IN TITLE
20221109-193608  SUCCESS  :  13
20221109-200614  SUCCESS  :  10
20221109-203613  SUCCESS  :  12
20221109-210628  SUCCESS  :  4
20221109-213617  SUCCESS  :  11
20221109-220617  SUCCESS  :  9
20221109-223615  SUCCESS  :  13
20221109-230611  SUCCESS  :  13
20221109-233610  SUCCESS  :  18
20221110-000609  SUCCESS  :  50
20221110-003608  SUCCESS  :  6
20221110-010632  SUCCESS  :  8
20221110-013607  SUCCESS  :  7
20221110-020605  SUCCESS  :  2
20221110-023605  SUCCESS  :  3
20221110-030608  SUCCESS  :  8
20221110-033609  SUCCESS  :  5
20221110-040605  SUCCESS  :  4
20221110-043628  NO DATA TO UPDATE
20221110-050606  SUCCESS  :  4
20221110-053604  SUCCESS  :  3
20221110-060633  SUCCESS  :  4
20221110-063633  SUCCESS  :  5
20221110-070607  SUCCESS  :  2
20221110-073607  SUCCESS  :  14
20221110-080633  SUCCESS  :  15
20221110-083608  SUCCESS  :  16
20221110-090609  SUCCESS  :  19
20221110-093607  SUCCESS  :  35
20221110-100605  SUCCESS  :  23
20221110-103604  SUCCESS  :  17
20221110-110622  SUCCESS  :  19
20221110-113603  SUCCESS  :  22
20221110-120602  SUCCESS  :  9
20221110-123601  SUCCESS  :  14
20221110-130603  SUCCESS  :  13
20221110-133605  SUCCESS  :  14
20221110-140606  SUCCESS  :  7
20221110-143607  SUCCESS  :  10
20221110-150607  SUCCESS  :  10
20221110-153609  SUCCESS  :  10
20221110-160608  SUCCESS  :  2
20221110-163607  SUCCESS  :  5
20221110-170610  SUCCESS  :  10
20221110-173632  SUCCESS  :  4
20221110-180630  SUCCESS  :  14
20221110-183609  SUCCESS  :  15
20221110-190607  SUCCESS  :  9
20221110-193608  SUCCESS  :  11
20221110-200609  SUCCESS  :  10
20221110-203608  SUCCESS  :  12
20221110-210611  SUCCESS  :  5
20221110-213635  SUCCESS  :  15
20221110-220607  SUCCESS  :  21
20221110-223608  SUCCESS  :  50
SPECIAL CHARACTER IN TITLE
20221110-230609  SUCCESS  :  34
20221110-233608  SUCCESS  :  50
20221111-000604  SUCCESS  :  50
SPECIAL CHARACTER IN TITLE
20221111-003603  SUCCESS  :  43
SPECIAL CHARACTER IN TITLE
SPECIAL CHARACTER IN TITLE
SPECIAL CHARACTER IN TITLE
20221111-010603  SUCCESS  :  22
20221111-013606  SUCCESS  :  18
20221111-020602  SUCCESS  :  11
20221111-023602  SUCCESS  :  7
20221111-030602  SUCCESS  :  3
20221111-033600  SUCCESS  :  1
20221111-040600  SUCCESS  :  3
20221111-043602  SUCCESS  :  4
20221111-050559  SUCCESS  :  1
20221111-053600  SUCCESS  :  3
20221111-060601  SUCCESS  :  10
20221111-063603  SUCCESS  :  21
20221111-070603  SUCCESS  :  23
20221111-073604  SUCCESS  :  31
20221111-080600  SUCCESS  :  32
20221111-083604  SUCCESS  :  40
20221111-090625  SUCCESS  :  55
20221111-093601  SUCCESS  :  50
SPECIAL CHARACTER IN TITLE
20221111-100602  SUCCESS  :  42
SPECIAL CHARACTER IN TITLE
20221111-103601  SUCCESS  :  40
SPECIAL CHARACTER IN TITLE
20221111-110600  SUCCESS  :  25
SPECIAL CHARACTER IN TITLE
20221111-113559  SUCCESS  :  22
SPECIAL CHARACTER IN TITLE
20221111-120558  SUCCESS  :  31
SPECIAL CHARACTER IN TITLE
20221111-123620  SUCCESS  :  38
SPECIAL CHARACTER IN TITLE
20221111-130621  SUCCESS  :  25
SPECIAL CHARACTER IN TITLE
20221111-133559  SUCCESS  :  28
SPECIAL CHARACTER IN TITLE
20221111-140604  SUCCESS  :  3
SPECIAL CHARACTER IN TITLE
20221111-143602  SUCCESS  :  17
SPECIAL CHARACTER IN TITLE
20221111-150604  SUCCESS  :  27
SPECIAL CHARACTER IN TITLE
20221111-153602  SUCCESS  :  46
SPECIAL CHARACTER IN TITLE
20221111-160601  SUCCESS  :  32
SPECIAL CHARACTER IN TITLE
20221111-163602  SUCCESS  :  16
SPECIAL CHARACTER IN TITLE
20221111-170558  SUCCESS  :  19
20221111-173601  SUCCESS  :  13
20221111-180623  SUCCESS  :  7
20221111-183559  SUCCESS  :  22
20221111-190601  SUCCESS  :  13
20221111-193601  SUCCESS  :  13
20221111-200605  SUCCESS  :  13
20221111-203624  SUCCESS  :  15
20221111-210608  SUCCESS  :  10
20221111-213605  SUCCESS  :  14
20221111-220608  SUCCESS  :  2
20221111-223606  SUCCESS  :  20
20221111-230624  SUCCESS  :  8
20221111-233600  SUCCESS  :  16
20221112-000558  SUCCESS  :  50
20221112-003559  SUCCESS  :  16
20221112-010620  SUCCESS  :  14
20221112-013601  SUCCESS  :  8
20221112-020616  SUCCESS  :  2
20221112-023621  SUCCESS  :  1
20221112-030559  SUCCESS  :  2
20221112-033601  SUCCESS  :  3
20221112-040600  SUCCESS  :  2
20221112-043558  SUCCESS  :  1
20221112-050559  SUCCESS  :  2
20221112-053558  SUCCESS  :  1
20221112-060558  NO DATA TO UPDATE
20221112-063600  SUCCESS  :  1
20221112-070622  SUCCESS  :  4
20221112-073603  SUCCESS  :  2
20221112-080600  SUCCESS  :  2
20221112-083602  SUCCESS  :  4
20221112-090603  SUCCESS  :  5
20221112-093600  SUCCESS  :  5
20221112-100623  SUCCESS  :  8
20221112-103602  SUCCESS  :  9
20221112-110602  SUCCESS  :  12
20221112-113600  SUCCESS  :  11
20221112-120604  SUCCESS  :  7
20221112-123604  SUCCESS  :  11
20221112-130626  SUCCESS  :  10
20221112-133604  SUCCESS  :  9
20221112-140606  SUCCESS  :  5
20221112-143605  SUCCESS  :  5
20221112-150606  SUCCESS  :  8
20221112-153607  SUCCESS  :  6
20221112-160605  SUCCESS  :  8
20221112-163605  SUCCESS  :  5
20221112-170607  SUCCESS  :  8
20221112-173605  SUCCESS  :  3
20221112-180606  SUCCESS  :  1
20221112-183608  SUCCESS  :  6
20221112-190606  SUCCESS  :  4
20221112-193629  SUCCESS  :  10
20221112-200607  SUCCESS  :  7
20221112-203608  SUCCESS  :  3
20221112-210608  SUCCESS  :  5
20221112-213609  SUCCESS  :  13
20221112-220634  SUCCESS  :  6
SPECIAL CHARACTER IN TITLE
20221112-223633  SUCCESS  :  10
20221112-230608  SUCCESS  :  6
20221112-233606  SUCCESS  :  6
20221113-000628  SUCCESS  :  70
20221113-003606  SUCCESS  :  7
20221113-010604  SUCCESS  :  4
20221113-013606  SUCCESS  :  1
20221113-020606  SUCCESS  :  1
20221113-023609  SUCCESS  :  1
20221113-030608  NO DATA TO UPDATE
20221113-033608  SUCCESS  :  2
20221113-040608  NO DATA TO UPDATE
20221113-043609  NO DATA TO UPDATE
20221113-050607  NO DATA TO UPDATE
20221113-053607  NO DATA TO UPDATE
20221113-060609  NO DATA TO UPDATE
20221113-063609  NO DATA TO UPDATE
20221113-070609  NO DATA TO UPDATE
20221113-073610  NO DATA TO UPDATE
20221113-080609  SUCCESS  :  2
20221113-083610  SUCCESS  :  2
20221113-090612  SUCCESS  :  5
20221113-093610  SUCCESS  :  4
20221113-100610  SUCCESS  :  7
20221113-103611  SUCCESS  :  4
20221113-110609  SUCCESS  :  9
20221113-113610  SUCCESS  :  4
20221113-120616  SUCCESS  :  9
20221113-123615  SUCCESS  :  9
20221113-130617  SUCCESS  :  8
20221113-133615  SUCCESS  :  8
20221113-140617  SUCCESS  :  13
20221113-143619  SUCCESS  :  1
20221113-150620  SUCCESS  :  5
20221113-153622  SUCCESS  :  4
20221113-160621  SUCCESS  :  4
20221113-163624  SUCCESS  :  3
20221113-170618  SUCCESS  :  3
20221113-173619  SUCCESS  :  5
20221113-180620  SUCCESS  :  4
20221113-183625  SUCCESS  :  6
20221113-190620  SUCCESS  :  7
20221113-193621  SUCCESS  :  2
20221113-200624  SUCCESS  :  4
20221113-203627  SUCCESS  :  9
20221113-210629  SUCCESS  :  10
20221113-213635  SUCCESS  :  10
20221113-220629  SUCCESS  :  9
20221113-223632  SUCCESS  :  10
20221113-230632  SUCCESS  :  2
20221113-233624  SUCCESS  :  10
20221114-000621  SUCCESS  :  50
20221114-003622  SUCCESS  :  12
SPECIAL CHARACTER IN TITLE
SPECIAL CHARACTER IN TITLE
SPECIAL CHARACTER IN TITLE
20221114-010618  SUCCESS  :  3
20221114-013616  SUCCESS  :  2
Traceback (most recent call last):
  File "/home/buzzportal/crawling/src/BLIND_STOCK.py", line 81, in <module>
    posts = div.find_all('div', {'class' : 'tit'})
AttributeError: 'NoneType' object has no attribute 'find_all'
20221114-023639  SUCCESS  :  4
20221114-030613  SUCCESS  :  1
20221114-033611  SUCCESS  :  1
20221114-040636  NO DATA TO UPDATE
20221114-043634  NO DATA TO UPDATE
20221114-050610  SUCCESS  :  1
20221114-053609  SUCCESS  :  1
20221114-060635  NO DATA TO UPDATE
20221114-063610  SUCCESS  :  3
20221114-070612  NO DATA TO UPDATE
20221114-073640  SUCCESS  :  4
20221114-080613  SUCCESS  :  5
20221114-083615  SUCCESS  :  3
20221114-090623  SUCCESS  :  9
20221114-093627  SUCCESS  :  23
20221114-100626  SUCCESS  :  19
20221114-103633  SUCCESS  :  4
20221114-110648  SUCCESS  :  14
20221114-113635  SUCCESS  :  12
20221114-120620  SUCCESS  :  7
20221114-123621  SUCCESS  :  15
20221114-130623  SUCCESS  :  10
20221114-133642  SUCCESS  :  4
20221114-140641  SUCCESS  :  3
20221114-143817  SUCCESS  :  9
20221114-150701  SUCCESS  :  5
SPECIAL CHARACTER IN TITLE
SPECIAL CHARACTER IN TITLE
SPECIAL CHARACTER IN TITLE
SPECIAL CHARACTER IN TITLE
SPECIAL CHARACTER IN TITLE
SPECIAL CHARACTER IN TITLE
SPECIAL CHARACTER IN TITLE
SPECIAL CHARACTER IN TITLE
SPECIAL CHARACTER IN TITLE
SPECIAL CHARACTER IN TITLE
SPECIAL CHARACTER IN TITLE
SPECIAL CHARACTER IN TITLE
SPECIAL CHARACTER IN TITLE
SPECIAL CHARACTER IN TITLE
20221114-155822  SUCCESS  :  1
20221114-160732  SUCCESS  :  21
20221114-164001  SUCCESS  :  4
20221114-170602  SUCCESS  :  13
20221114-173603  SUCCESS  :  7
20221114-180603  SUCCESS  :  10
20221114-183603  SUCCESS  :  12
20221114-190603  SUCCESS  :  8
20221114-193602  SUCCESS  :  4
20221114-200601  SUCCESS  :  8
20221114-203605  SUCCESS  :  6
20221114-210604  SUCCESS  :  13
20221114-213604  SUCCESS  :  5
20221114-220605  SUCCESS  :  11
20221114-223603  SUCCESS  :  12
20221114-230603  SUCCESS  :  10
20221114-233604  SUCCESS  :  8
20221115-000600  SUCCESS  :  49
20221115-003601  SUCCESS  :  13
20221115-010600  SUCCESS  :  7
20221115-013622  SUCCESS  :  3
20221115-020601  SUCCESS  :  4
20221115-023622  SUCCESS  :  1
20221115-030602  SUCCESS  :  1
20221115-033607  SUCCESS  :  2
20221115-040605  NO DATA TO UPDATE
20221115-043608  SUCCESS  :  1
20221115-050606  NO DATA TO UPDATE
20221115-053606  NO DATA TO UPDATE
20221115-060604  NO DATA TO UPDATE
20221115-063608  SUCCESS  :  1
20221115-070608  SUCCESS  :  3
20221115-073607  SUCCESS  :  2
20221115-080609  SUCCESS  :  12
20221115-083605  SUCCESS  :  7
20221115-090610  SUCCESS  :  10
20221115-093604  SUCCESS  :  10
20221115-100604  SUCCESS  :  11
20221115-103604  SUCCESS  :  14
20221115-110604  SUCCESS  :  6
20221115-113605  SUCCESS  :  6
20221115-120603  SUCCESS  :  6
20221115-123604  SUCCESS  :  10
20221115-130604  SUCCESS  :  13
20221115-133605  SUCCESS  :  11
20221115-140629  SUCCESS  :  8
20221115-143604  SUCCESS  :  9
20221115-150604  SUCCESS  :  5
20221115-153604  SUCCESS  :  9
20221115-160604  SUCCESS  :  11
20221115-163604  SUCCESS  :  6
20221115-170603  SUCCESS  :  10
20221115-173601  SUCCESS  :  12
20221115-180602  SUCCESS  :  10
20221115-183602  SUCCESS  :  6
20221115-190603  SUCCESS  :  8
20221115-193600  SUCCESS  :  10
20221115-200604  SUCCESS  :  10
20221115-203604  SUCCESS  :  9
20221115-210606  SUCCESS  :  4
20221115-213605  SUCCESS  :  7
20221115-220606  SUCCESS  :  15
20221115-223605  SUCCESS  :  22
20221115-230603  SUCCESS  :  35
SPECIAL CHARACTER IN TITLE
20221115-233602  SUCCESS  :  22
SPECIAL CHARACTER IN TITLE
20221116-000559  SUCCESS  :  49
SPECIAL CHARACTER IN TITLE
20221116-003600  SUCCESS  :  5
20221116-010601  SUCCESS  :  12
SPECIAL CHARACTER IN TITLE
20221116-013618  SUCCESS  :  7
SPECIAL CHARACTER IN TITLE
20221116-020619  SUCCESS  :  7
20221116-023601  SUCCESS  :  1
20221116-030600  SUCCESS  :  2
20221116-033601  SUCCESS  :  4
20221116-040601  SUCCESS  :  3
20221116-043601  SUCCESS  :  4
20221116-050559  NO DATA TO UPDATE
20221116-053558  SUCCESS  :  1
20221116-060600  SUCCESS  :  1
20221116-063600  SUCCESS  :  2
20221116-070600  SUCCESS  :  4
20221116-073600  SUCCESS  :  2
20221116-080604  SUCCESS  :  10
20221116-083604  SUCCESS  :  8
20221116-090608  SUCCESS  :  2
20221116-093605  SUCCESS  :  23
20221116-100602  SUCCESS  :  17
20221116-103600  SUCCESS  :  10
20221116-110602  SUCCESS  :  9
20221116-113558  SUCCESS  :  20
20221116-120557  SUCCESS  :  9
20221116-123600  SUCCESS  :  3
20221116-130602  SUCCESS  :  5
20221116-133602  SUCCESS  :  7
20221116-140601  SUCCESS  :  7
20221116-143603  SUCCESS  :  9
20221116-150604  SUCCESS  :  10
20221116-153604  SUCCESS  :  8
20221116-160605  SUCCESS  :  8
20221116-163605  SUCCESS  :  8
20221116-170604  SUCCESS  :  6
20221116-173603  SUCCESS  :  5
20221116-180601  SUCCESS  :  8
20221116-183601  SUCCESS  :  4
20221116-190559  SUCCESS  :  8
20221116-193602  SUCCESS  :  4
20221116-200601  SUCCESS  :  7
SPECIAL CHARACTER IN TITLE
20221116-203604  SUCCESS  :  8
SPECIAL CHARACTER IN TITLE
20221116-210609  SUCCESS  :  8
20221116-213606  SUCCESS  :  6
20221116-220604  SUCCESS  :  3
20221116-223602  SUCCESS  :  6
20221116-230600  SUCCESS  :  12
20221116-233600  SUCCESS  :  13
20221117-000559  SUCCESS  :  50
20221117-003620  SUCCESS  :  13
20221117-010558  SUCCESS  :  2
20221117-013559  SUCCESS  :  7
20221117-020556  NO DATA TO UPDATE
20221117-023557  NO DATA TO UPDATE
20221117-030555  SUCCESS  :  2
20221117-033555  NO DATA TO UPDATE
20221117-040615  NO DATA TO UPDATE
20221117-043557  SUCCESS  :  1
20221117-050556  NO DATA TO UPDATE
20221117-053615  SUCCESS  :  1
20221117-060555  SUCCESS  :  2
20221117-063555  NO DATA TO UPDATE
20221117-070615  SUCCESS  :  1
20221117-073559  SUCCESS  :  1
20221117-080559  SUCCESS  :  4
20221117-083620  SUCCESS  :  8
20221117-090600  SUCCESS  :  5
20221117-093603  SUCCESS  :  15
20221117-100601  SUCCESS  :  10
20221117-103604  SUCCESS  :  21
20221117-110601  SUCCESS  :  15
20221117-113622  SUCCESS  :  4
20221117-120629  SUCCESS  :  8
20221117-123607  SUCCESS  :  10
20221117-130605  SUCCESS  :  11
20221117-133607  SUCCESS  :  9
20221117-140606  SUCCESS  :  4
20221117-143606  SUCCESS  :  5
20221117-150604  SUCCESS  :  4
20221117-153605  SUCCESS  :  13
20221117-160607  SUCCESS  :  9
20221117-163606  SUCCESS  :  9
20221117-170610  SUCCESS  :  11
20221117-173606  SUCCESS  :  13
20221117-180604  SUCCESS  :  5
20221117-183605  SUCCESS  :  1
SPECIAL CHARACTER IN TITLE
20221117-190606  SUCCESS  :  9
20221117-193609  SUCCESS  :  9
20221117-200608  SUCCESS  :  13
20221117-203607  SUCCESS  :  6
20221117-210612  SUCCESS  :  7
20221117-213609  SUCCESS  :  5
20221117-220609  SUCCESS  :  8
20221117-223609  SUCCESS  :  15
20221117-230605  SUCCESS  :  22
20221117-233608  SUCCESS  :  16
20221118-000605  SUCCESS  :  50
20221118-003604  SUCCESS  :  11
20221118-010603  SUCCESS  :  2
20221118-013604  SUCCESS  :  5
20221118-020609  SUCCESS  :  1
20221118-023608  NO DATA TO UPDATE
20221118-030629  NO DATA TO UPDATE
20221118-033605  SUCCESS  :  2
20221118-040604  SUCCESS  :  2
20221118-043604  NO DATA TO UPDATE
20221118-050606  NO DATA TO UPDATE
20221118-053605  NO DATA TO UPDATE
20221118-060605  NO DATA TO UPDATE
20221118-063606  SUCCESS  :  1
20221118-070605  SUCCESS  :  1
20221118-073606  SUCCESS  :  2
20221118-080611  SUCCESS  :  6
20221118-083606  SUCCESS  :  4
20221118-090608  SUCCESS  :  2
20221118-093607  SUCCESS  :  11
20221118-100608  SUCCESS  :  7
20221118-103608  SUCCESS  :  10
20221118-110609  SUCCESS  :  10
20221118-113608  SUCCESS  :  7
20221118-120606  SUCCESS  :  7
20221118-123608  SUCCESS  :  7
20221118-130608  SUCCESS  :  3
20221118-133609  SUCCESS  :  7
20221118-140610  SUCCESS  :  6
20221118-143612  SUCCESS  :  10
20221118-150603  SUCCESS  :  4
20221118-153608  SUCCESS  :  8
20221118-160605  SUCCESS  :  4
20221118-163604  SUCCESS  :  5
20221118-170606  SUCCESS  :  8
20221118-173604  SUCCESS  :  7
20221118-180609  SUCCESS  :  5
20221118-183609  SUCCESS  :  2
20221118-190609  SUCCESS  :  7
20221118-193611  SUCCESS  :  4
20221118-200638  SUCCESS  :  8
20221118-203612  SUCCESS  :  7
20221118-210621  SUCCESS  :  5
20221118-213615  SUCCESS  :  5
20221118-220612  SUCCESS  :  2
20221118-223611  SUCCESS  :  6
20221118-230613  SUCCESS  :  2
20221118-233613  SUCCESS  :  6
20221119-000612  SUCCESS  :  50
20221119-003608  SUCCESS  :  9
20221119-010605  SUCCESS  :  5
20221119-013603  SUCCESS  :  10
20221119-020608  SUCCESS  :  3
20221119-023606  SUCCESS  :  3
20221119-030602  SUCCESS  :  1
20221119-033604  NO DATA TO UPDATE
20221119-040603  NO DATA TO UPDATE
20221119-043605  SUCCESS  :  1
20221119-050603  NO DATA TO UPDATE
20221119-053604  NO DATA TO UPDATE
20221119-060605  SUCCESS  :  1
20221119-063604  NO DATA TO UPDATE
20221119-070601  NO DATA TO UPDATE
20221119-073603  SUCCESS  :  1
20221119-080603  NO DATA TO UPDATE
20221119-083603  SUCCESS  :  5
20221119-090606  SUCCESS  :  2
20221119-093605  SUCCESS  :  3
20221119-100605  SUCCESS  :  4
20221119-103606  SUCCESS  :  3
20221119-110604  SUCCESS  :  2
20221119-113608  SUCCESS  :  2
20221119-120627  SUCCESS  :  4
20221119-123605  SUCCESS  :  10
20221119-130606  SUCCESS  :  3
20221119-133605  NO DATA TO UPDATE
20221119-140604  SUCCESS  :  4
20221119-143607  SUCCESS  :  1
20221119-150605  SUCCESS  :  4
20221119-153606  SUCCESS  :  2
20221119-160606  SUCCESS  :  1
20221119-163604  SUCCESS  :  6
20221119-170608  SUCCESS  :  5
20221119-173604  SUCCESS  :  2
20221119-180603  SUCCESS  :  5
20221119-183607  SUCCESS  :  1
20221119-190605  SUCCESS  :  2
20221119-193606  SUCCESS  :  5
20221119-200606  SUCCESS  :  5
20221119-203607  SUCCESS  :  1
20221119-210611  SUCCESS  :  4
20221119-213610  SUCCESS  :  3
20221119-220610  SUCCESS  :  3
20221119-223608  SUCCESS  :  3
20221119-230609  SUCCESS  :  3
20221119-233603  SUCCESS  :  4
20221120-000603  SUCCESS  :  50
20221120-003605  SUCCESS  :  5
20221120-010604  SUCCESS  :  1
20221120-013602  SUCCESS  :  1
20221120-020603  SUCCESS  :  2
20221120-023602  SUCCESS  :  1
20221120-030601  NO DATA TO UPDATE
20221120-033602  NO DATA TO UPDATE
20221120-040603  NO DATA TO UPDATE
SPECIAL CHARACTER IN TITLE
20221120-043604  NO DATA TO UPDATE
20221120-050602  NO DATA TO UPDATE
20221120-053602  NO DATA TO UPDATE
20221120-060603  SUCCESS  :  1
20221120-063601  NO DATA TO UPDATE
20221120-070603  NO DATA TO UPDATE
20221120-073606  NO DATA TO UPDATE
20221120-080604  SUCCESS  :  1
20221120-083605  SUCCESS  :  3
20221120-090605  SUCCESS  :  2
20221120-093603  SUCCESS  :  2
20221120-100604  SUCCESS  :  5
20221120-103603  SUCCESS  :  2
20221120-110603  SUCCESS  :  3
20221120-113601  SUCCESS  :  5
20221120-120605  SUCCESS  :  4
20221120-123603  SUCCESS  :  5
20221120-130603  SUCCESS  :  3
20221120-133604  SUCCESS  :  1
20221120-140602  SUCCESS  :  2
20221120-143607  SUCCESS  :  2
20221120-150607  SUCCESS  :  3
20221120-153622  SUCCESS  :  4
20221120-160605  SUCCESS  :  1
20221120-163606  SUCCESS  :  5
20221120-170604  SUCCESS  :  3
20221120-173606  SUCCESS  :  6
20221120-180604  SUCCESS  :  3
20221120-183604  SUCCESS  :  5
20221120-190605  SUCCESS  :  4
20221120-193603  SUCCESS  :  1
20221120-200604  SUCCESS  :  2
20221120-203608  SUCCESS  :  2
20221120-210610  SUCCESS  :  4
20221120-213629  SUCCESS  :  6
20221120-220611  SUCCESS  :  2
20221120-223609  SUCCESS  :  5
20221120-230604  SUCCESS  :  3
20221120-233612  SUCCESS  :  5
20221121-000603  SUCCESS  :  50
20221121-003606  SUCCESS  :  5
20221121-010602  SUCCESS  :  6
20221121-013605  SUCCESS  :  1
20221121-020623  SUCCESS  :  2
20221121-023602  SUCCESS  :  1
20221121-030621  SUCCESS  :  2
20221121-033600  SUCCESS  :  1
20221121-040600  SUCCESS  :  1
20221121-043559  NO DATA TO UPDATE
20221121-050621  NO DATA TO UPDATE
20221121-053601  NO DATA TO UPDATE
20221121-060621  NO DATA TO UPDATE
20221121-063600  SUCCESS  :  1
20221121-070559  NO DATA TO UPDATE
SPECIAL CHARACTER IN TITLE
20221121-073602  SUCCESS  :  1
20221121-080625  SUCCESS  :  4
20221121-083603  SUCCESS  :  6
20221121-090626  SUCCESS  :  3
20221121-093605  SUCCESS  :  3
SPECIAL CHARACTER IN TITLE
20221121-100600  SUCCESS  :  9
SPECIAL CHARACTER IN TITLE
20221121-103603  SUCCESS  :  13
20221121-110600  SUCCESS  :  11
20221121-113602  SUCCESS  :  7
20221121-120603  SUCCESS  :  9
20221121-123601  SUCCESS  :  11
20221121-130605  SUCCESS  :  5
20221121-133603  SUCCESS  :  8
20221121-140601  SUCCESS  :  5
20221121-143603  SUCCESS  :  7
20221121-150605  SUCCESS  :  7
20221121-153605  SUCCESS  :  4
20221121-160606  SUCCESS  :  9
20221121-163606  SUCCESS  :  10
20221121-170606  SUCCESS  :  3
20221121-173608  SUCCESS  :  6
20221121-180604  SUCCESS  :  4
20221121-183602  SUCCESS  :  3
20221121-190603  SUCCESS  :  9
20221121-193602  SUCCESS  :  8
20221121-200605  SUCCESS  :  10
20221121-203634  SUCCESS  :  9
20221121-210634  SUCCESS  :  14
20221121-213604  SUCCESS  :  8
20221121-220631  SUCCESS  :  10
20221121-223609  SUCCESS  :  3
20221121-230627  SUCCESS  :  6
20221121-233605  NO DATA TO UPDATE
20221122-000602  SUCCESS  :  50
20221122-003621  SUCCESS  :  12
SPECIAL CHARACTER IN TITLE
20221122-010605  SUCCESS  :  17
20221122-013625  SUCCESS  :  5
20221122-020600  SUCCESS  :  4
20221122-023622  NO DATA TO UPDATE
20221122-030600  SUCCESS  :  2
20221122-033618  SUCCESS  :  2
20221122-040617  NO DATA TO UPDATE
20221122-043559  SUCCESS  :  1
20221122-050619  SUCCESS  :  2
20221122-053619  SUCCESS  :  2
20221122-060556  NO DATA TO UPDATE
20221122-063619  SUCCESS  :  4
20221122-070600  NO DATA TO UPDATE
20221122-073601  SUCCESS  :  2
20221122-080622  SUCCESS  :  7
20221122-083600  SUCCESS  :  11
20221122-090603  SUCCESS  :  15
20221122-093605  SUCCESS  :  16
20221122-100600  SUCCESS  :  14
20221122-103621  SUCCESS  :  15
20221122-110601  SUCCESS  :  11
20221122-113626  SUCCESS  :  11
20221122-120604  SUCCESS  :  7
20221122-123603  SUCCESS  :  8
20221122-130600  SUCCESS  :  2
20221122-133604  SUCCESS  :  15
20221122-140605  SUCCESS  :  5
20221122-143606  SUCCESS  :  6
20221122-150606  SUCCESS  :  6
20221122-153604  SUCCESS  :  5
SPECIAL CHARACTER IN TITLE
20221122-160604  SUCCESS  :  7
20221122-163607  SUCCESS  :  9
20221122-170607  SUCCESS  :  9
20221122-173605  SUCCESS  :  6
20221122-180602  SUCCESS  :  8
20221122-183603  SUCCESS  :  4
20221122-190606  SUCCESS  :  4
20221122-193602  SUCCESS  :  4
20221122-200607  SUCCESS  :  7
20221122-203607  SUCCESS  :  6
20221122-210607  SUCCESS  :  8
20221122-213607  SUCCESS  :  9
20221122-220605  SUCCESS  :  5
20221122-223609  SUCCESS  :  4
20221122-230608  SUCCESS  :  4
20221122-233600  NO DATA TO UPDATE
20221123-000602  SUCCESS  :  49
20221123-003600  SUCCESS  :  13
20221123-010559  SUCCESS  :  5
20221123-013558  SUCCESS  :  10
20221123-020623  NO DATA TO UPDATE
20221123-023602  NO DATA TO UPDATE
20221123-030600  NO DATA TO UPDATE
20221123-033603  SUCCESS  :  1
20221123-040601  SUCCESS  :  1
20221123-043602  SUCCESS  :  2
20221123-050559  SUCCESS  :  1
20221123-053601  SUCCESS  :  1
20221123-060559  NO DATA TO UPDATE
20221123-063603  NO DATA TO UPDATE
20221123-070559  SUCCESS  :  3
20221123-073605  SUCCESS  :  2
20221123-080605  SUCCESS  :  5
20221123-083604  SUCCESS  :  6
20221123-090606  SUCCESS  :  5
20221123-093603  SUCCESS  :  9
20221123-100603  SUCCESS  :  8
20221123-103603  SUCCESS  :  8
20221123-110604  SUCCESS  :  8
20221123-113603  SUCCESS  :  10
20221123-120603  SUCCESS  :  8
20221123-123603  SUCCESS  :  5
20221123-130605  SUCCESS  :  3
20221123-133605  SUCCESS  :  8
20221123-140604  SUCCESS  :  8
20221123-143605  SUCCESS  :  5
20221123-150612  SUCCESS  :  6
20221123-153630  SUCCESS  :  4
20221123-160610  SUCCESS  :  8
20221123-163605  SUCCESS  :  8
20221123-170604  SUCCESS  :  6
20221123-173603  SUCCESS  :  12
20221123-180624  SUCCESS  :  6
20221123-183602  SUCCESS  :  5
20221123-190603  SUCCESS  :  7
20221123-193623  SUCCESS  :  3
20221123-200605  SUCCESS  :  6
20221123-203632  SUCCESS  :  5
20221123-210606  SUCCESS  :  4
20221123-213605  SUCCESS  :  4
20221123-220606  SUCCESS  :  11
20221123-223606  SUCCESS  :  6
20221123-230608  SUCCESS  :  6
20221123-233603  SUCCESS  :  5
20221124-000603  SUCCESS  :  50
20221124-003601  SUCCESS  :  10
20221124-010559  SUCCESS  :  7
20221124-013600  SUCCESS  :  2
20221124-020600  SUCCESS  :  3
20221124-023559  NO DATA TO UPDATE
20221124-030557  SUCCESS  :  1
20221124-033556  NO DATA TO UPDATE
20221124-040556  SUCCESS  :  2
20221124-043556  SUCCESS  :  1
20221124-050558  SUCCESS  :  1
20221124-053616  SUCCESS  :  1
20221124-060557  SUCCESS  :  2
20221124-063556  SUCCESS  :  1
20221124-070556  SUCCESS  :  3
20221124-073556  SUCCESS  :  1
20221124-080557  SUCCESS  :  2
20221124-083600  SUCCESS  :  6
20221124-090602  SUCCESS  :  7
20221124-093602  SUCCESS  :  6
20221124-100602  SUCCESS  :  18
20221124-103604  SUCCESS  :  6
20221124-110602  SUCCESS  :  12
20221124-113603  SUCCESS  :  10
20221124-120600  SUCCESS  :  10
20221124-123601  SUCCESS  :  8
20221124-130604  SUCCESS  :  14
20221124-133604  SUCCESS  :  6
20221124-140603  SUCCESS  :  10
20221124-143602  SUCCESS  :  6
20221124-150603  SUCCESS  :  11
20221124-153627  SUCCESS  :  10
20221124-160602  SUCCESS  :  6
20221124-163602  SUCCESS  :  5
20221124-170604  SUCCESS  :  7
20221124-173601  SUCCESS  :  4
20221124-180603  SUCCESS  :  4
20221124-183604  SUCCESS  :  5
20221124-190625  SUCCESS  :  8
20221124-193603  SUCCESS  :  5
20221124-200605  SUCCESS  :  8
20221124-203606  SUCCESS  :  5
20221124-210603  SUCCESS  :  15
20221124-213605  SUCCESS  :  8
20221124-220624  SUCCESS  :  2
20221124-223606  SUCCESS  :  2
20221124-230602  SUCCESS  :  4
20221124-233623  SUCCESS  :  5
20221125-000607  SUCCESS  :  50
20221125-003621  SUCCESS  :  3
20221125-010600  SUCCESS  :  2
20221125-013623  SUCCESS  :  1
20221125-020601  NO DATA TO UPDATE
20221125-023602  NO DATA TO UPDATE
20221125-030601  NO DATA TO UPDATE
20221125-033603  SUCCESS  :  2
20221125-040601  NO DATA TO UPDATE
20221125-043622  NO DATA TO UPDATE
20221125-050559  SUCCESS  :  1
20221125-053602  NO DATA TO UPDATE
20221125-060603  NO DATA TO UPDATE
20221125-063601  NO DATA TO UPDATE
20221125-070603  SUCCESS  :  2
20221125-073602  NO DATA TO UPDATE
20221125-080605  SUCCESS  :  6
20221125-083602  SUCCESS  :  3
20221125-090605  SUCCESS  :  11
20221125-093603  SUCCESS  :  16
20221125-100604  SUCCESS  :  9
20221125-103601  SUCCESS  :  5
20221125-110601  SUCCESS  :  3
20221125-113603  SUCCESS  :  9
20221125-120600  SUCCESS  :  14
20221125-123602  SUCCESS  :  6
20221125-130602  SUCCESS  :  8
20221125-133601  SUCCESS  :  8
20221125-140602  SUCCESS  :  3
20221125-143605  SUCCESS  :  4
20221125-150603  SUCCESS  :  7
20221125-153626  SUCCESS  :  7
20221125-160604  SUCCESS  :  13
20221125-163626  SUCCESS  :  8
20221125-170602  SUCCESS  :  6
20221125-173605  SUCCESS  :  11
20221125-180602  SUCCESS  :  10
20221125-183623  SUCCESS  :  7
20221125-190625  SUCCESS  :  5
20221125-193604  SUCCESS  :  6
20221125-200604  SUCCESS  :  7
20221125-203601  SUCCESS  :  5
20221125-210603  SUCCESS  :  10
20221125-213605  SUCCESS  :  6
20221125-220606  SUCCESS  :  6
20221125-223602  SUCCESS  :  5
20221125-230600  SUCCESS  :  7
20221125-233600  SUCCESS  :  2
20221126-000618  SUCCESS  :  69
20221126-003621  NO DATA TO UPDATE
20221126-010558  SUCCESS  :  6
20221126-013559  SUCCESS  :  2
20221126-020558  SUCCESS  :  2
20221126-023557  SUCCESS  :  4
20221126-030557  SUCCESS  :  2
20221126-033557  SUCCESS  :  1
20221126-040615  SUCCESS  :  1
20221126-043558  NO DATA TO UPDATE
20221126-050556  NO DATA TO UPDATE
20221126-053617  NO DATA TO UPDATE
20221126-060558  NO DATA TO UPDATE
20221126-063559  NO DATA TO UPDATE
20221126-070617  NO DATA TO UPDATE
20221126-073557  SUCCESS  :  1
20221126-080558  NO DATA TO UPDATE
20221126-083619  SUCCESS  :  1
20221126-090556  SUCCESS  :  1
20221126-093618  SUCCESS  :  4
20221126-100558  SUCCESS  :  3
20221126-103559  SUCCESS  :  3
20221126-110600  SUCCESS  :  3
20221126-113559  SUCCESS  :  4
20221126-120558  SUCCESS  :  6
20221126-123601  SUCCESS  :  2
20221126-130559  SUCCESS  :  3
20221126-133621  SUCCESS  :  3
20221126-140600  SUCCESS  :  5
20221126-143601  SUCCESS  :  3
20221126-150603  SUCCESS  :  3
20221126-153600  SUCCESS  :  1
20221126-160602  SUCCESS  :  2
20221126-163602  SUCCESS  :  5
20221126-170605  SUCCESS  :  7
20221126-173601  SUCCESS  :  5
20221126-180622  SUCCESS  :  2
20221126-183602  SUCCESS  :  3
20221126-190600  SUCCESS  :  3
20221126-193604  SUCCESS  :  1
20221126-200602  SUCCESS  :  2
20221126-203602  SUCCESS  :  3
20221126-210604  SUCCESS  :  2
20221126-213602  SUCCESS  :  3
20221126-220603  SUCCESS  :  3
20221126-223606  SUCCESS  :  2
20221126-230607  SUCCESS  :  4
20221126-233600  NO DATA TO UPDATE
20221127-000602  SUCCESS  :  50
20221127-003622  SUCCESS  :  3
20221127-010600  SUCCESS  :  4
20221127-013558  SUCCESS  :  2
20221127-020558  SUCCESS  :  2
20221127-023558  SUCCESS  :  2
20221127-030557  SUCCESS  :  1
20221127-033616  SUCCESS  :  2
20221127-040556  NO DATA TO UPDATE
20221127-043615  NO DATA TO UPDATE
20221127-050556  NO DATA TO UPDATE
20221127-053559  SUCCESS  :  1
20221127-060558  NO DATA TO UPDATE
20221127-063558  NO DATA TO UPDATE
20221127-070558  NO DATA TO UPDATE
20221127-073600  SUCCESS  :  2
20221127-080618  NO DATA TO UPDATE
20221127-083559  SUCCESS  :  1
20221127-090559  SUCCESS  :  3
20221127-093617  NO DATA TO UPDATE
20221127-100618  SUCCESS  :  6
20221127-103618  SUCCESS  :  3
20221127-110559  SUCCESS  :  3
20221127-113619  SUCCESS  :  1
20221127-120558  SUCCESS  :  4
20221127-123600  SUCCESS  :  6
20221127-130558  SUCCESS  :  2
20221127-133600  SUCCESS  :  4
20221127-140600  SUCCESS  :  3
20221127-143601  NO DATA TO UPDATE
20221127-150603  SUCCESS  :  5
20221127-153601  SUCCESS  :  2
20221127-160602  SUCCESS  :  3
20221127-163624  SUCCESS  :  6
20221127-170559  SUCCESS  :  3
20221127-173559  SUCCESS  :  3
20221127-180600  SUCCESS  :  3
20221127-183622  SUCCESS  :  2
20221127-190600  SUCCESS  :  2
20221127-193604  SUCCESS  :  1
20221127-200604  SUCCESS  :  1
20221127-203602  SUCCESS  :  4
20221127-210604  SUCCESS  :  7
20221127-213604  SUCCESS  :  4
20221127-220606  SUCCESS  :  2
20221127-223602  SUCCESS  :  2
20221127-230604  SUCCESS  :  7
20221127-233604  SUCCESS  :  3
20221128-000602  SUCCESS  :  50
20221128-003601  SUCCESS  :  9
20221128-010559  SUCCESS  :  3
20221128-013601  SUCCESS  :  4
20221128-020601  SUCCESS  :  1
20221128-023627  NO DATA TO UPDATE
20221128-030602  SUCCESS  :  1
20221128-033606  NO DATA TO UPDATE
20221128-040604  NO DATA TO UPDATE
20221128-043604  NO DATA TO UPDATE
20221128-050602  NO DATA TO UPDATE
20221128-053602  NO DATA TO UPDATE
20221128-060603  NO DATA TO UPDATE
20221128-063605  SUCCESS  :  3
20221128-070603  SUCCESS  :  2
20221128-073601  NO DATA TO UPDATE
20221128-080608  SUCCESS  :  1
20221128-083606  SUCCESS  :  3
20221128-090603  SUCCESS  :  8
20221128-093605  SUCCESS  :  8
20221128-100605  SUCCESS  :  2
20221128-103606  SUCCESS  :  5
20221128-110606  SUCCESS  :  9
20221128-113604  SUCCESS  :  6
20221128-120601  SUCCESS  :  5
20221128-123604  SUCCESS  :  6
20221128-130603  SUCCESS  :  4
20221128-133605  SUCCESS  :  4
20221128-140603  SUCCESS  :  11
20221128-143604  SUCCESS  :  12
20221128-150624  SUCCESS  :  2
20221128-153605  SUCCESS  :  9
20221128-160608  SUCCESS  :  4
20221128-163605  SUCCESS  :  11
20221128-170607  SUCCESS  :  7
20221128-173607  SUCCESS  :  6
20221128-180603  SUCCESS  :  7
20221128-183604  SUCCESS  :  8
20221128-190604  SUCCESS  :  6
20221128-193627  SUCCESS  :  8
20221128-200604  SUCCESS  :  7
20221128-203628  SUCCESS  :  9
20221128-210631  SUCCESS  :  8
20221128-213603  SUCCESS  :  3
20221128-220604  SUCCESS  :  5
20221128-223607  SUCCESS  :  2
20221128-230606  SUCCESS  :  4
20221128-233604  SUCCESS  :  2
SPECIAL CHARACTER IN TITLE
20221129-000631  SUCCESS  :  49
20221129-003606  SUCCESS  :  7
20221129-010604  SUCCESS  :  2
20221129-013604  SUCCESS  :  3
20221129-020601  SUCCESS  :  1
20221129-023601  SUCCESS  :  3
20221129-030601  SUCCESS  :  4
20221129-033604  NO DATA TO UPDATE
SPECIAL CHARACTER IN TITLE
20221129-040605  NO DATA TO UPDATE
20221129-043604  SUCCESS  :  1
20221129-050604  SUCCESS  :  1
20221129-053604  SUCCESS  :  4
20221129-060602  NO DATA TO UPDATE
20221129-063608  NO DATA TO UPDATE
20221129-070602  NO DATA TO UPDATE
20221129-073603  NO DATA TO UPDATE
20221129-080603  NO DATA TO UPDATE
20221129-083604  SUCCESS  :  3
20221129-090603  SUCCESS  :  6
20221129-093607  SUCCESS  :  6
20221129-100607  SUCCESS  :  9
20221129-103606  SUCCESS  :  2
20221129-110605  SUCCESS  :  4
20221129-113606  SUCCESS  :  7
20221129-120605  SUCCESS  :  7
20221129-123625  SUCCESS  :  4
20221129-130627  SUCCESS  :  8
20221129-133606  SUCCESS  :  5
20221129-140608  SUCCESS  :  3
20221129-143608  SUCCESS  :  6
20221129-150609  SUCCESS  :  10
20221129-153630  SUCCESS  :  11
20221129-160608  SUCCESS  :  9
